{"C:\\Projects\\ood\\lab1\\Duck\\src\\lib\\Duck\\DecoyDuck.ts": {"path":"C:\\Projects\\ood\\lab1\\Duck\\src\\lib\\Duck\\DecoyDuck.ts","statementMap":{"0":{"start":{"line":1,"column":0},"end":{"line":1,"column":28}},"1":{"start":{"line":2,"column":0},"end":{"line":2,"column":40}},"2":{"start":{"line":3,"column":0},"end":{"line":3,"column":60}},"3":{"start":{"line":4,"column":0},"end":{"line":4,"column":46}},"4":{"start":{"line":8,"column":2},"end":{"line":8,"column":67}},"5":{"start":{"line":12,"column":2},"end":{"line":12,"column":null}},"6":{"start":{"line":18,"column":8},"end":{"line":18,"column":17}}},"fnMap":{"0":{"name":"(anonymous_0)","decl":{"start":{"line":7,"column":1},"end":{"line":7,"column":null}},"loc":{"start":{"line":7,"column":1},"end":{"line":9,"column":2}}},"1":{"name":"(anonymous_1)","decl":{"start":{"line":11,"column":1},"end":{"line":11,"column":8}},"loc":{"start":{"line":11,"column":8},"end":{"line":13,"column":2}}},"2":{"name":"(anonymous_2)","decl":{"start":{"line":15,"column":1},"end":{"line":15,"column":6}},"loc":{"start":{"line":15,"column":6},"end":{"line":15,"column":11}}}},"branchMap":{},"s":{"0":1,"1":1,"2":1,"3":1,"4":1,"5":0,"6":1},"f":{"0":1,"1":0,"2":1},"b":{}}
,"C:\\Projects\\ood\\lab1\\Duck\\src\\lib\\Duck\\Duck.ts": {"path":"C:\\Projects\\ood\\lab1\\Duck\\src\\lib\\Duck\\Duck.ts","statementMap":{"0":{"start":{"line":11,"column":2},"end":{"line":11,"column":null}},"1":{"start":{"line":12,"column":2},"end":{"line":12,"column":null}},"2":{"start":{"line":13,"column":2},"end":{"line":13,"column":null}},"3":{"start":{"line":17,"column":2},"end":{"line":17,"column":null}},"4":{"start":{"line":21,"column":2},"end":{"line":21,"column":null}},"5":{"start":{"line":25,"column":2},"end":{"line":25,"column":26}},"6":{"start":{"line":26,"column":2},"end":{"line":29,"column":3}},"7":{"start":{"line":28,"column":3},"end":{"line":28,"column":null}},"8":{"start":{"line":33,"column":2},"end":{"line":33,"column":null}},"9":{"start":{"line":37,"column":2},"end":{"line":37,"column":null}},"10":{"start":{"line":41,"column":2},"end":{"line":41,"column":44}},"11":{"start":{"line":47,"column":8},"end":{"line":47,"column":12}}},"fnMap":{"0":{"name":"(anonymous_0)","decl":{"start":{"line":10,"column":1},"end":{"line":10,"column":13}},"loc":{"start":{"line":10,"column":100},"end":{"line":14,"column":2}}},"1":{"name":"(anonymous_1)","decl":{"start":{"line":16,"column":1},"end":{"line":16,"column":6}},"loc":{"start":{"line":16,"column":6},"end":{"line":18,"column":2}}},"2":{"name":"(anonymous_2)","decl":{"start":{"line":20,"column":1},"end":{"line":20,"column":5}},"loc":{"start":{"line":20,"column":5},"end":{"line":22,"column":2}}},"3":{"name":"(anonymous_3)","decl":{"start":{"line":24,"column":1},"end":{"line":24,"column":4}},"loc":{"start":{"line":24,"column":4},"end":{"line":30,"column":2}}},"4":{"name":"(anonymous_4)","decl":{"start":{"line":32,"column":1},"end":{"line":32,"column":6}},"loc":{"start":{"line":32,"column":6},"end":{"line":34,"column":2}}},"5":{"name":"(anonymous_5)","decl":{"start":{"line":36,"column":1},"end":{"line":36,"column":15}},"loc":{"start":{"line":36,"column":35},"end":{"line":38,"column":2}}},"6":{"name":"(anonymous_6)","decl":{"start":{"line":40,"column":1},"end":{"line":40,"column":15}},"loc":{"start":{"line":40,"column":15},"end":{"line":42,"column":2}}},"7":{"name":"(anonymous_7)","decl":{"start":{"line":44,"column":1},"end":{"line":44,"column":8}},"loc":{"start":{"line":44,"column":8},"end":{"line":44,"column":13}}}},"branchMap":{"0":{"loc":{"start":{"line":26,"column":2},"end":{"line":29,"column":3}},"type":"if","locations":[{"start":{"line":26,"column":2},"end":{"line":29,"column":3}}]}},"s":{"0":6,"1":6,"2":6,"3":2,"4":0,"5":2,"6":2,"7":1,"8":2,"9":0,"10":2,"11":1},"f":{"0":6,"1":2,"2":0,"3":2,"4":2,"5":0,"6":2,"7":0},"b":{"0":[1]}}
,"C:\\Projects\\ood\\lab1\\Duck\\src\\lib\\Duck\\MallardDuck.ts": {"path":"C:\\Projects\\ood\\lab1\\Duck\\src\\lib\\Duck\\MallardDuck.ts","statementMap":{"0":{"start":{"line":1,"column":0},"end":{"line":1,"column":28}},"1":{"start":{"line":2,"column":0},"end":{"line":2,"column":48}},"2":{"start":{"line":3,"column":0},"end":{"line":3,"column":52}},"3":{"start":{"line":4,"column":0},"end":{"line":4,"column":46}},"4":{"start":{"line":8,"column":2},"end":{"line":8,"column":67}},"5":{"start":{"line":12,"column":2},"end":{"line":12,"column":null}},"6":{"start":{"line":16,"column":8},"end":{"line":16,"column":19}}},"fnMap":{"0":{"name":"(anonymous_0)","decl":{"start":{"line":7,"column":1},"end":{"line":7,"column":null}},"loc":{"start":{"line":7,"column":1},"end":{"line":9,"column":2}}},"1":{"name":"(anonymous_1)","decl":{"start":{"line":11,"column":1},"end":{"line":11,"column":8}},"loc":{"start":{"line":11,"column":8},"end":{"line":13,"column":2}}}},"branchMap":{},"s":{"0":1,"1":1,"2":1,"3":1,"4":1,"5":0,"6":1},"f":{"0":1,"1":0},"b":{}}
,"C:\\Projects\\ood\\lab1\\Duck\\src\\lib\\Duck\\ModelDuck.ts": {"path":"C:\\Projects\\ood\\lab1\\Duck\\src\\lib\\Duck\\ModelDuck.ts","statementMap":{"0":{"start":{"line":1,"column":0},"end":{"line":1,"column":28}},"1":{"start":{"line":2,"column":0},"end":{"line":2,"column":40}},"2":{"start":{"line":3,"column":0},"end":{"line":3,"column":52}},"3":{"start":{"line":4,"column":0},"end":{"line":4,"column":46}},"4":{"start":{"line":8,"column":2},"end":{"line":8,"column":63}},"5":{"start":{"line":12,"column":2},"end":{"line":12,"column":null}},"6":{"start":{"line":18,"column":8},"end":{"line":18,"column":17}}},"fnMap":{"0":{"name":"(anonymous_0)","decl":{"start":{"line":7,"column":1},"end":{"line":7,"column":null}},"loc":{"start":{"line":7,"column":1},"end":{"line":9,"column":2}}},"1":{"name":"(anonymous_1)","decl":{"start":{"line":11,"column":1},"end":{"line":11,"column":8}},"loc":{"start":{"line":11,"column":8},"end":{"line":13,"column":2}}},"2":{"name":"(anonymous_2)","decl":{"start":{"line":15,"column":1},"end":{"line":15,"column":6}},"loc":{"start":{"line":15,"column":6},"end":{"line":15,"column":11}}}},"branchMap":{},"s":{"0":1,"1":1,"2":1,"3":1,"4":2,"5":0,"6":1},"f":{"0":2,"1":0,"2":2},"b":{}}
,"C:\\Projects\\ood\\lab1\\Duck\\src\\lib\\Duck\\RubberDuck.ts": {"path":"C:\\Projects\\ood\\lab1\\Duck\\src\\lib\\Duck\\RubberDuck.ts","statementMap":{"0":{"start":{"line":1,"column":0},"end":{"line":1,"column":28}},"1":{"start":{"line":2,"column":0},"end":{"line":2,"column":40}},"2":{"start":{"line":3,"column":0},"end":{"line":3,"column":54}},"3":{"start":{"line":4,"column":0},"end":{"line":4,"column":46}},"4":{"start":{"line":8,"column":2},"end":{"line":8,"column":64}},"5":{"start":{"line":12,"column":2},"end":{"line":12,"column":null}},"6":{"start":{"line":18,"column":8},"end":{"line":18,"column":18}}},"fnMap":{"0":{"name":"(anonymous_0)","decl":{"start":{"line":7,"column":1},"end":{"line":7,"column":null}},"loc":{"start":{"line":7,"column":1},"end":{"line":9,"column":2}}},"1":{"name":"(anonymous_1)","decl":{"start":{"line":11,"column":1},"end":{"line":11,"column":8}},"loc":{"start":{"line":11,"column":8},"end":{"line":13,"column":2}}},"2":{"name":"(anonymous_2)","decl":{"start":{"line":15,"column":1},"end":{"line":15,"column":6}},"loc":{"start":{"line":15,"column":6},"end":{"line":15,"column":11}}}},"branchMap":{},"s":{"0":1,"1":1,"2":1,"3":1,"4":1,"5":0,"6":1},"f":{"0":1,"1":0,"2":1},"b":{}}
,"C:\\Projects\\ood\\lab1\\Duck\\src\\lib\\Duck\\Dance\\DanceMinuet.ts": {"path":"C:\\Projects\\ood\\lab1\\Duck\\src\\lib\\Duck\\Dance\\DanceMinuet.ts","statementMap":{"0":{"start":{"line":5,"column":2},"end":{"line":5,"column":null}},"1":{"start":{"line":9,"column":2},"end":{"line":9,"column":14}},"2":{"start":{"line":13,"column":8},"end":{"line":13,"column":19}}},"fnMap":{"0":{"name":"(anonymous_0)","decl":{"start":{"line":4,"column":1},"end":{"line":4,"column":6}},"loc":{"start":{"line":4,"column":6},"end":{"line":6,"column":2}}},"1":{"name":"(anonymous_1)","decl":{"start":{"line":8,"column":1},"end":{"line":8,"column":10}},"loc":{"start":{"line":8,"column":10},"end":{"line":10,"column":2}}}},"branchMap":{},"s":{"0":1,"1":0,"2":1},"f":{"0":1,"1":0},"b":{}}
,"C:\\Projects\\ood\\lab1\\Duck\\src\\lib\\Duck\\Dance\\DanceNoWay.ts": {"path":"C:\\Projects\\ood\\lab1\\Duck\\src\\lib\\Duck\\Dance\\DanceNoWay.ts","statementMap":{"0":{"start":{"line":7,"column":2},"end":{"line":7,"column":null}},"1":{"start":{"line":11,"column":8},"end":{"line":11,"column":18}}},"fnMap":{"0":{"name":"(anonymous_0)","decl":{"start":{"line":4,"column":1},"end":{"line":4,"column":6}},"loc":{"start":{"line":4,"column":6},"end":{"line":4,"column":11}}},"1":{"name":"(anonymous_1)","decl":{"start":{"line":6,"column":1},"end":{"line":6,"column":10}},"loc":{"start":{"line":6,"column":10},"end":{"line":8,"column":2}}}},"branchMap":{},"s":{"0":0,"1":1},"f":{"0":0,"1":0},"b":{}}
,"C:\\Projects\\ood\\lab1\\Duck\\src\\lib\\Duck\\Dance\\DanceWaltz.ts": {"path":"C:\\Projects\\ood\\lab1\\Duck\\src\\lib\\Duck\\Dance\\DanceWaltz.ts","statementMap":{"0":{"start":{"line":5,"column":2},"end":{"line":5,"column":36}},"1":{"start":{"line":9,"column":2},"end":{"line":9,"column":14}},"2":{"start":{"line":13,"column":8},"end":{"line":13,"column":18}}},"fnMap":{"0":{"name":"(anonymous_0)","decl":{"start":{"line":4,"column":1},"end":{"line":4,"column":6}},"loc":{"start":{"line":4,"column":6},"end":{"line":6,"column":2}}},"1":{"name":"(anonymous_1)","decl":{"start":{"line":8,"column":1},"end":{"line":8,"column":10}},"loc":{"start":{"line":8,"column":10},"end":{"line":10,"column":2}}}},"branchMap":{},"s":{"0":1,"1":0,"2":1},"f":{"0":1,"1":0},"b":{}}
,"C:\\Projects\\ood\\lab1\\Duck\\src\\lib\\Duck\\Fly\\FlyNoWay.ts": {"path":"C:\\Projects\\ood\\lab1\\Duck\\src\\lib\\Duck\\Fly\\FlyNoWay.ts","statementMap":{"0":{"start":{"line":6,"column":2},"end":{"line":6,"column":null}},"1":{"start":{"line":10,"column":8},"end":{"line":10,"column":16}}},"fnMap":{"0":{"name":"(anonymous_0)","decl":{"start":{"line":4,"column":1},"end":{"line":4,"column":4}},"loc":{"start":{"line":4,"column":4},"end":{"line":4,"column":9}}},"1":{"name":"(anonymous_1)","decl":{"start":{"line":5,"column":1},"end":{"line":5,"column":15}},"loc":{"start":{"line":5,"column":15},"end":{"line":7,"column":2}}}},"branchMap":{},"s":{"0":0,"1":1},"f":{"0":0,"1":0},"b":{}}
,"C:\\Projects\\ood\\lab1\\Duck\\src\\lib\\Duck\\Fly\\FlyWithWings.ts": {"path":"C:\\Projects\\ood\\lab1\\Duck\\src\\lib\\Duck\\Fly\\FlyWithWings.ts","statementMap":{"0":{"start":{"line":5,"column":19},"end":{"line":5,"column":20}},"1":{"start":{"line":8,"column":2},"end":{"line":8,"column":25}},"2":{"start":{"line":9,"column":2},"end":{"line":9,"column":72}},"3":{"start":{"line":13,"column":2},"end":{"line":13,"column":30}},"4":{"start":{"line":17,"column":8},"end":{"line":17,"column":20}}},"fnMap":{"0":{"name":"(anonymous_0)","decl":{"start":{"line":7,"column":1},"end":{"line":7,"column":4}},"loc":{"start":{"line":7,"column":4},"end":{"line":10,"column":2}}},"1":{"name":"(anonymous_1)","decl":{"start":{"line":12,"column":1},"end":{"line":12,"column":15}},"loc":{"start":{"line":12,"column":15},"end":{"line":14,"column":2}}}},"branchMap":{},"s":{"0":2,"1":2,"2":2,"3":4,"4":1},"f":{"0":2,"1":4},"b":{}}
,"C:\\Projects\\ood\\lab1\\Duck\\src\\lib\\Duck\\Quack\\MuteQuackBehavior.ts": {"path":"C:\\Projects\\ood\\lab1\\Duck\\src\\lib\\Duck\\Quack\\MuteQuackBehavior.ts","statementMap":{"0":{"start":{"line":7,"column":8},"end":{"line":7,"column":25}}},"fnMap":{"0":{"name":"(anonymous_0)","decl":{"start":{"line":4,"column":1},"end":{"line":4,"column":6}},"loc":{"start":{"line":4,"column":6},"end":{"line":4,"column":11}}}},"branchMap":{},"s":{"0":1},"f":{"0":0},"b":{}}
,"C:\\Projects\\ood\\lab1\\Duck\\src\\lib\\Duck\\Quack\\QuackBehavior.ts": {"path":"C:\\Projects\\ood\\lab1\\Duck\\src\\lib\\Duck\\Quack\\QuackBehavior.ts","statementMap":{"0":{"start":{"line":5,"column":2},"end":{"line":5,"column":null}},"1":{"start":{"line":9,"column":8},"end":{"line":9,"column":21}}},"fnMap":{"0":{"name":"(anonymous_0)","decl":{"start":{"line":4,"column":1},"end":{"line":4,"column":6}},"loc":{"start":{"line":4,"column":6},"end":{"line":6,"column":2}}}},"branchMap":{},"s":{"0":2,"1":1},"f":{"0":2},"b":{}}
,"C:\\Projects\\ood\\lab1\\Duck\\src\\lib\\Duck\\Quack\\SqueakBehavior.ts": {"path":"C:\\Projects\\ood\\lab1\\Duck\\src\\lib\\Duck\\Quack\\SqueakBehavior.ts","statementMap":{"0":{"start":{"line":5,"column":2},"end":{"line":5,"column":null}},"1":{"start":{"line":9,"column":8},"end":{"line":9,"column":22}}},"fnMap":{"0":{"name":"(anonymous_0)","decl":{"start":{"line":4,"column":1},"end":{"line":4,"column":6}},"loc":{"start":{"line":4,"column":6},"end":{"line":6,"column":2}}}},"branchMap":{},"s":{"0":0,"1":1},"f":{"0":0},"b":{}}
}
