TN:
SF:src\lib\Duck\DecoyDuck.ts
FN:7,(anonymous_0)
FN:11,(anonymous_1)
FN:15,(anonymous_2)
FNF:3
FNH:2
FNDA:1,(anonymous_0)
FNDA:0,(anonymous_1)
FNDA:1,(anonymous_2)
DA:1,1
DA:2,1
DA:3,1
DA:4,1
DA:8,1
DA:12,0
DA:18,1
LF:7
LH:6
BRF:0
BRH:0
end_of_record
TN:
SF:src\lib\Duck\Duck.ts
FN:10,(anonymous_0)
FN:16,(anonymous_1)
FN:20,(anonymous_2)
FN:24,(anonymous_3)
FN:32,(anonymous_4)
FN:36,(anonymous_5)
FN:40,(anonymous_6)
FN:44,(anonymous_7)
FNF:8
FNH:5
FNDA:6,(anonymous_0)
FNDA:2,(anonymous_1)
FNDA:0,(anonymous_2)
FNDA:2,(anonymous_3)
FNDA:2,(anonymous_4)
FNDA:0,(anonymous_5)
FNDA:2,(anonymous_6)
FNDA:0,(anonymous_7)
DA:11,6
DA:12,6
DA:13,6
DA:17,2
DA:21,0
DA:25,2
DA:26,2
DA:28,1
DA:33,2
DA:37,0
DA:41,2
DA:47,1
LF:12
LH:10
BRDA:26,0,0,1
BRF:1
BRH:1
end_of_record
TN:
SF:src\lib\Duck\MallardDuck.ts
FN:7,(anonymous_0)
FN:11,(anonymous_1)
FNF:2
FNH:1
FNDA:1,(anonymous_0)
FNDA:0,(anonymous_1)
DA:1,1
DA:2,1
DA:3,1
DA:4,1
DA:8,1
DA:12,0
DA:16,1
LF:7
LH:6
BRF:0
BRH:0
end_of_record
TN:
SF:src\lib\Duck\ModelDuck.ts
FN:7,(anonymous_0)
FN:11,(anonymous_1)
FN:15,(anonymous_2)
FNF:3
FNH:2
FNDA:2,(anonymous_0)
FNDA:0,(anonymous_1)
FNDA:2,(anonymous_2)
DA:1,1
DA:2,1
DA:3,1
DA:4,1
DA:8,2
DA:12,0
DA:18,1
LF:7
LH:6
BRF:0
BRH:0
end_of_record
TN:
SF:src\lib\Duck\RubberDuck.ts
FN:7,(anonymous_0)
FN:11,(anonymous_1)
FN:15,(anonymous_2)
FNF:3
FNH:2
FNDA:1,(anonymous_0)
FNDA:0,(anonymous_1)
FNDA:1,(anonymous_2)
DA:1,1
DA:2,1
DA:3,1
DA:4,1
DA:8,1
DA:12,0
DA:18,1
LF:7
LH:6
BRF:0
BRH:0
end_of_record
TN:
SF:src\lib\Duck\Dance\DanceMinuet.ts
FN:4,(anonymous_0)
FN:8,(anonymous_1)
FNF:2
FNH:1
FNDA:1,(anonymous_0)
FNDA:0,(anonymous_1)
DA:5,1
DA:9,0
DA:13,1
LF:3
LH:2
BRF:0
BRH:0
end_of_record
TN:
SF:src\lib\Duck\Dance\DanceNoWay.ts
FN:4,(anonymous_0)
FN:6,(anonymous_1)
FNF:2
FNH:0
FNDA:0,(anonymous_0)
FNDA:0,(anonymous_1)
DA:7,0
DA:11,1
LF:2
LH:1
BRF:0
BRH:0
end_of_record
TN:
SF:src\lib\Duck\Dance\DanceWaltz.ts
FN:4,(anonymous_0)
FN:8,(anonymous_1)
FNF:2
FNH:1
FNDA:1,(anonymous_0)
FNDA:0,(anonymous_1)
DA:5,1
DA:9,0
DA:13,1
LF:3
LH:2
BRF:0
BRH:0
end_of_record
TN:
SF:src\lib\Duck\Fly\FlyNoWay.ts
FN:4,(anonymous_0)
FN:5,(anonymous_1)
FNF:2
FNH:0
FNDA:0,(anonymous_0)
FNDA:0,(anonymous_1)
DA:6,0
DA:10,1
LF:2
LH:1
BRF:0
BRH:0
end_of_record
TN:
SF:src\lib\Duck\Fly\FlyWithWings.ts
FN:7,(anonymous_0)
FN:12,(anonymous_1)
FNF:2
FNH:2
FNDA:2,(anonymous_0)
FNDA:4,(anonymous_1)
DA:5,2
DA:8,2
DA:9,2
DA:13,4
DA:17,1
LF:5
LH:5
BRF:0
BRH:0
end_of_record
TN:
SF:src\lib\Duck\Quack\MuteQuackBehavior.ts
FN:4,(anonymous_0)
FNF:1
FNH:0
FNDA:0,(anonymous_0)
DA:7,1
LF:1
LH:1
BRF:0
BRH:0
end_of_record
TN:
SF:src\lib\Duck\Quack\QuackBehavior.ts
FN:4,(anonymous_0)
FNF:1
FNH:1
FNDA:2,(anonymous_0)
DA:5,2
DA:9,1
LF:2
LH:2
BRF:0
BRH:0
end_of_record
TN:
SF:src\lib\Duck\Quack\SqueakBehavior.ts
FN:4,(anonymous_0)
FNF:1
FNH:0
FNDA:0,(anonymous_0)
DA:5,0
DA:9,1
LF:2
LH:1
BRF:0
BRH:0
end_of_record
