{"C:\\Projects\\ood\\lw8\\2\\src\\GumballMachine.ts": {"path":"C:\\Projects\\ood\\lw8\\2\\src\\GumballMachine.ts","statementMap":{"0":{"start":{"line":32,"column":21},"end":{"line":32,"column":53}},"1":{"start":{"line":36,"column":2},"end":{"line":36,"column":65}},"2":{"start":{"line":40,"column":2},"end":{"line":40,"column":52}},"3":{"start":{"line":44,"column":2},"end":{"line":44,"column":63}},"4":{"start":{"line":48,"column":2},"end":{"line":48,"column":37}},"5":{"start":{"line":49,"column":2},"end":{"line":56,"column":3}},"6":{"start":{"line":50,"column":3},"end":{"line":50,"column":40}},"7":{"start":{"line":51,"column":3},"end":{"line":51,"column":42}},"8":{"start":{"line":52,"column":9},"end":{"line":56,"column":3}},"9":{"start":{"line":53,"column":3},"end":{"line":53,"column":45}},"10":{"start":{"line":55,"column":3},"end":{"line":55,"column":44}},"11":{"start":{"line":60,"column":2},"end":{"line":60,"column":32}},"12":{"start":{"line":231,"column":71},"end":{"line":231,"column":80}},"13":{"start":{"line":65,"column":21},"end":{"line":65,"column":53}},"14":{"start":{"line":69,"column":2},"end":{"line":69,"column":69}},"15":{"start":{"line":73,"column":2},"end":{"line":73,"column":69}},"16":{"start":{"line":77,"column":2},"end":{"line":77,"column":52}},"17":{"start":{"line":81,"column":2},"end":{"line":81,"column":38}},"18":{"start":{"line":85,"column":2},"end":{"line":85,"column":20}},"19":{"start":{"line":231,"column":57},"end":{"line":231,"column":69}},"20":{"start":{"line":90,"column":21},"end":{"line":90,"column":53}},"21":{"start":{"line":94,"column":2},"end":{"line":99,"column":3}},"22":{"start":{"line":95,"column":3},"end":{"line":95,"column":83}},"23":{"start":{"line":97,"column":3},"end":{"line":97,"column":47}},"24":{"start":{"line":98,"column":3},"end":{"line":98,"column":37}},"25":{"start":{"line":103,"column":2},"end":{"line":103,"column":34}},"26":{"start":{"line":104,"column":2},"end":{"line":104,"column":43}},"27":{"start":{"line":105,"column":2},"end":{"line":105,"column":43}},"28":{"start":{"line":109,"column":2},"end":{"line":109,"column":31}},"29":{"start":{"line":110,"column":2},"end":{"line":110,"column":38}},"30":{"start":{"line":114,"column":2},"end":{"line":114,"column":38}},"31":{"start":{"line":118,"column":2},"end":{"line":118,"column":37}},"32":{"start":{"line":231,"column":24},"end":{"line":231,"column":39}},"33":{"start":{"line":123,"column":21},"end":{"line":123,"column":53}},"34":{"start":{"line":127,"column":2},"end":{"line":127,"column":40}},"35":{"start":{"line":128,"column":2},"end":{"line":128,"column":36}},"36":{"start":{"line":129,"column":2},"end":{"line":129,"column":44}},"37":{"start":{"line":133,"column":2},"end":{"line":133,"column":48}},"38":{"start":{"line":137,"column":2},"end":{"line":137,"column":51}},"39":{"start":{"line":141,"column":2},"end":{"line":141,"column":39}},"40":{"start":{"line":145,"column":2},"end":{"line":145,"column":31}},"41":{"start":{"line":231,"column":41},"end":{"line":231,"column":55}},"42":{"start":{"line":151,"column":33},"end":{"line":151,"column":34}},"43":{"start":{"line":159,"column":2},"end":{"line":159,"column":25}},"44":{"start":{"line":160,"column":2},"end":{"line":160,"column":40}},"45":{"start":{"line":161,"column":2},"end":{"line":161,"column":46}},"46":{"start":{"line":162,"column":2},"end":{"line":162,"column":50}},"47":{"start":{"line":163,"column":2},"end":{"line":163,"column":52}},"48":{"start":{"line":164,"column":2},"end":{"line":164,"column":73}},"49":{"start":{"line":168,"column":2},"end":{"line":168,"column":29}},"50":{"start":{"line":172,"column":2},"end":{"line":172,"column":30}},"51":{"start":{"line":176,"column":2},"end":{"line":176,"column":26}},"52":{"start":{"line":177,"column":2},"end":{"line":177,"column":25}},"53":{"start":{"line":181,"column":2},"end":{"line":181,"column":21}},"54":{"start":{"line":185,"column":2},"end":{"line":189,"column":3}},"55":{"start":{"line":186,"column":3},"end":{"line":186,"column":58}},"56":{"start":{"line":187,"column":3},"end":{"line":187,"column":17}},"57":{"start":{"line":188,"column":3},"end":{"line":188,"column":24}},"58":{"start":{"line":193,"column":2},"end":{"line":193,"column":23}},"59":{"start":{"line":197,"column":2},"end":{"line":197,"column":58}},"60":{"start":{"line":198,"column":2},"end":{"line":198,"column":25}},"61":{"start":{"line":202,"column":2},"end":{"line":202,"column":28}},"62":{"start":{"line":206,"column":2},"end":{"line":206,"column":35}},"63":{"start":{"line":210,"column":2},"end":{"line":210,"column":37}},"64":{"start":{"line":214,"column":2},"end":{"line":214,"column":32}},"65":{"start":{"line":218,"column":2},"end":{"line":218,"column":38}},"66":{"start":{"line":222,"column":2},"end":{"line":227,"column":2}},"67":{"start":{"line":231,"column":8},"end":{"line":231,"column":22}}},"fnMap":{"0":{"name":"(anonymous_0)","decl":{"start":{"line":32,"column":1},"end":{"line":32,"column":21}},"loc":{"start":{"line":32,"column":53},"end":{"line":33,"column":2}}},"1":{"name":"(anonymous_1)","decl":{"start":{"line":35,"column":1},"end":{"line":35,"column":14}},"loc":{"start":{"line":35,"column":14},"end":{"line":37,"column":2}}},"2":{"name":"(anonymous_2)","decl":{"start":{"line":39,"column":1},"end":{"line":39,"column":13}},"loc":{"start":{"line":39,"column":13},"end":{"line":41,"column":2}}},"3":{"name":"(anonymous_3)","decl":{"start":{"line":43,"column":1},"end":{"line":43,"column":10}},"loc":{"start":{"line":43,"column":10},"end":{"line":45,"column":2}}},"4":{"name":"(anonymous_4)","decl":{"start":{"line":47,"column":1},"end":{"line":47,"column":9}},"loc":{"start":{"line":47,"column":9},"end":{"line":57,"column":2}}},"5":{"name":"(anonymous_5)","decl":{"start":{"line":59,"column":1},"end":{"line":59,"column":9}},"loc":{"start":{"line":59,"column":9},"end":{"line":61,"column":2}}},"6":{"name":"(anonymous_6)","decl":{"start":{"line":65,"column":1},"end":{"line":65,"column":21}},"loc":{"start":{"line":65,"column":53},"end":{"line":66,"column":2}}},"7":{"name":"(anonymous_7)","decl":{"start":{"line":68,"column":1},"end":{"line":68,"column":14}},"loc":{"start":{"line":68,"column":14},"end":{"line":70,"column":2}}},"8":{"name":"(anonymous_8)","decl":{"start":{"line":72,"column":1},"end":{"line":72,"column":13}},"loc":{"start":{"line":72,"column":13},"end":{"line":74,"column":2}}},"9":{"name":"(anonymous_9)","decl":{"start":{"line":76,"column":1},"end":{"line":76,"column":10}},"loc":{"start":{"line":76,"column":10},"end":{"line":78,"column":2}}},"10":{"name":"(anonymous_10)","decl":{"start":{"line":80,"column":1},"end":{"line":80,"column":9}},"loc":{"start":{"line":80,"column":9},"end":{"line":82,"column":2}}},"11":{"name":"(anonymous_11)","decl":{"start":{"line":84,"column":1},"end":{"line":84,"column":9}},"loc":{"start":{"line":84,"column":9},"end":{"line":86,"column":2}}},"12":{"name":"(anonymous_12)","decl":{"start":{"line":90,"column":1},"end":{"line":90,"column":21}},"loc":{"start":{"line":90,"column":53},"end":{"line":91,"column":2}}},"13":{"name":"(anonymous_13)","decl":{"start":{"line":93,"column":1},"end":{"line":93,"column":14}},"loc":{"start":{"line":93,"column":14},"end":{"line":100,"column":2}}},"14":{"name":"(anonymous_14)","decl":{"start":{"line":102,"column":1},"end":{"line":102,"column":13}},"loc":{"start":{"line":102,"column":13},"end":{"line":106,"column":2}}},"15":{"name":"(anonymous_15)","decl":{"start":{"line":108,"column":1},"end":{"line":108,"column":10}},"loc":{"start":{"line":108,"column":10},"end":{"line":111,"column":2}}},"16":{"name":"(anonymous_16)","decl":{"start":{"line":113,"column":1},"end":{"line":113,"column":9}},"loc":{"start":{"line":113,"column":9},"end":{"line":115,"column":2}}},"17":{"name":"(anonymous_17)","decl":{"start":{"line":117,"column":1},"end":{"line":117,"column":9}},"loc":{"start":{"line":117,"column":9},"end":{"line":119,"column":2}}},"18":{"name":"(anonymous_18)","decl":{"start":{"line":123,"column":1},"end":{"line":123,"column":21}},"loc":{"start":{"line":123,"column":53},"end":{"line":124,"column":2}}},"19":{"name":"(anonymous_19)","decl":{"start":{"line":126,"column":1},"end":{"line":126,"column":14}},"loc":{"start":{"line":126,"column":14},"end":{"line":130,"column":2}}},"20":{"name":"(anonymous_20)","decl":{"start":{"line":132,"column":1},"end":{"line":132,"column":13}},"loc":{"start":{"line":132,"column":13},"end":{"line":134,"column":2}}},"21":{"name":"(anonymous_21)","decl":{"start":{"line":136,"column":1},"end":{"line":136,"column":10}},"loc":{"start":{"line":136,"column":10},"end":{"line":138,"column":2}}},"22":{"name":"(anonymous_22)","decl":{"start":{"line":140,"column":1},"end":{"line":140,"column":9}},"loc":{"start":{"line":140,"column":9},"end":{"line":142,"column":2}}},"23":{"name":"(anonymous_23)","decl":{"start":{"line":144,"column":1},"end":{"line":144,"column":9}},"loc":{"start":{"line":144,"column":9},"end":{"line":146,"column":2}}},"24":{"name":"(anonymous_24)","decl":{"start":{"line":158,"column":1},"end":{"line":158,"column":13}},"loc":{"start":{"line":158,"column":29},"end":{"line":165,"column":2}}},"25":{"name":"(anonymous_25)","decl":{"start":{"line":167,"column":1},"end":{"line":167,"column":13}},"loc":{"start":{"line":167,"column":13},"end":{"line":169,"column":2}}},"26":{"name":"(anonymous_26)","decl":{"start":{"line":171,"column":1},"end":{"line":171,"column":14}},"loc":{"start":{"line":171,"column":14},"end":{"line":173,"column":2}}},"27":{"name":"(anonymous_27)","decl":{"start":{"line":175,"column":1},"end":{"line":175,"column":10}},"loc":{"start":{"line":175,"column":10},"end":{"line":178,"column":2}}},"28":{"name":"(anonymous_28)","decl":{"start":{"line":180,"column":1},"end":{"line":180,"column":13}},"loc":{"start":{"line":180,"column":13},"end":{"line":182,"column":2}}},"29":{"name":"(anonymous_29)","decl":{"start":{"line":184,"column":1},"end":{"line":184,"column":12}},"loc":{"start":{"line":184,"column":12},"end":{"line":190,"column":2}}},"30":{"name":"(anonymous_30)","decl":{"start":{"line":192,"column":1},"end":{"line":192,"column":11}},"loc":{"start":{"line":192,"column":11},"end":{"line":194,"column":2}}},"31":{"name":"(anonymous_31)","decl":{"start":{"line":196,"column":1},"end":{"line":196,"column":18}},"loc":{"start":{"line":196,"column":18},"end":{"line":199,"column":2}}},"32":{"name":"(anonymous_32)","decl":{"start":{"line":201,"column":1},"end":{"line":201,"column":16}},"loc":{"start":{"line":201,"column":16},"end":{"line":203,"column":2}}},"33":{"name":"(anonymous_33)","decl":{"start":{"line":205,"column":1},"end":{"line":205,"column":16}},"loc":{"start":{"line":205,"column":16},"end":{"line":207,"column":2}}},"34":{"name":"(anonymous_34)","decl":{"start":{"line":209,"column":1},"end":{"line":209,"column":18}},"loc":{"start":{"line":209,"column":18},"end":{"line":211,"column":2}}},"35":{"name":"(anonymous_35)","decl":{"start":{"line":213,"column":1},"end":{"line":213,"column":13}},"loc":{"start":{"line":213,"column":13},"end":{"line":215,"column":2}}},"36":{"name":"(anonymous_36)","decl":{"start":{"line":217,"column":1},"end":{"line":217,"column":19}},"loc":{"start":{"line":217,"column":19},"end":{"line":219,"column":2}}},"37":{"name":"(anonymous_37)","decl":{"start":{"line":221,"column":1},"end":{"line":221,"column":9}},"loc":{"start":{"line":221,"column":9},"end":{"line":228,"column":2}}}},"branchMap":{"0":{"loc":{"start":{"line":49,"column":2},"end":{"line":56,"column":3}},"type":"if","locations":[{"start":{"line":49,"column":2},"end":{"line":56,"column":3}},{"start":{"line":52,"column":9},"end":{"line":56,"column":3}}]},"1":{"loc":{"start":{"line":52,"column":9},"end":{"line":56,"column":3}},"type":"if","locations":[{"start":{"line":52,"column":9},"end":{"line":56,"column":3}},{"start":{"line":54,"column":9},"end":{"line":56,"column":3}}]},"2":{"loc":{"start":{"line":94,"column":2},"end":{"line":99,"column":3}},"type":"if","locations":[{"start":{"line":94,"column":2},"end":{"line":99,"column":3}},{"start":{"line":96,"column":9},"end":{"line":99,"column":3}}]},"3":{"loc":{"start":{"line":164,"column":16},"end":{"line":164,"column":72}},"type":"cond-expr","locations":[{"start":{"line":164,"column":31},"end":{"line":164,"column":51}},{"start":{"line":164,"column":54},"end":{"line":164,"column":72}}]},"4":{"loc":{"start":{"line":185,"column":2},"end":{"line":189,"column":3}},"type":"if","locations":[{"start":{"line":185,"column":2},"end":{"line":189,"column":3}}]},"5":{"loc":{"start":{"line":225,"column":35},"end":{"line":225,"column":63}},"type":"cond-expr","locations":[{"start":{"line":225,"column":55},"end":{"line":225,"column":58}},{"start":{"line":225,"column":61},"end":{"line":225,"column":63}}]}},"s":{"0":3,"1":0,"2":0,"3":0,"4":2,"5":2,"6":0,"7":0,"8":2,"9":1,"10":1,"11":0,"12":1,"13":3,"14":0,"15":0,"16":0,"17":0,"18":0,"19":1,"20":3,"21":7,"22":1,"23":6,"24":6,"25":1,"26":1,"27":1,"28":2,"29":2,"30":0,"31":0,"32":1,"33":3,"34":3,"35":3,"36":3,"37":0,"38":1,"39":1,"40":0,"41":1,"42":3,"43":3,"44":3,"45":3,"46":3,"47":3,"48":3,"49":1,"50":10,"51":3,"52":3,"53":3,"54":2,"55":2,"56":2,"57":2,"58":9,"59":1,"60":1,"61":12,"62":0,"63":2,"64":2,"65":4,"66":0,"67":1},"f":{"0":3,"1":0,"2":0,"3":0,"4":2,"5":0,"6":3,"7":0,"8":0,"9":0,"10":0,"11":0,"12":3,"13":7,"14":1,"15":2,"16":0,"17":0,"18":3,"19":3,"20":0,"21":1,"22":1,"23":0,"24":3,"25":1,"26":10,"27":3,"28":3,"29":2,"30":9,"31":1,"32":12,"33":0,"34":2,"35":2,"36":4,"37":0},"b":{"0":[0,2],"1":[1,1],"2":[1,6],"3":[3,0],"4":[2],"5":[0,0]}}
}
