TN:
SF:src\GumballMachine.ts
FN:32,(anonymous_0)
FN:35,(anonymous_1)
FN:39,(anonymous_2)
FN:43,(anonymous_3)
FN:47,(anonymous_4)
FN:59,(anonymous_5)
FN:65,(anonymous_6)
FN:68,(anonymous_7)
FN:72,(anonymous_8)
FN:76,(anonymous_9)
FN:80,(anonymous_10)
FN:84,(anonymous_11)
FN:90,(anonymous_12)
FN:93,(anonymous_13)
FN:102,(anonymous_14)
FN:108,(anonymous_15)
FN:113,(anonymous_16)
FN:117,(anonymous_17)
FN:123,(anonymous_18)
FN:126,(anonymous_19)
FN:132,(anonymous_20)
FN:136,(anonymous_21)
FN:140,(anonymous_22)
FN:144,(anonymous_23)
FN:158,(anonymous_24)
FN:167,(anonymous_25)
FN:171,(anonymous_26)
FN:175,(anonymous_27)
FN:180,(anonymous_28)
FN:184,(anonymous_29)
FN:192,(anonymous_30)
FN:196,(anonymous_31)
FN:201,(anonymous_32)
FN:205,(anonymous_33)
FN:209,(anonymous_34)
FN:213,(anonymous_35)
FN:217,(anonymous_36)
FN:221,(anonymous_37)
FNF:38
FNH:23
FNDA:3,(anonymous_0)
FNDA:0,(anonymous_1)
FNDA:0,(anonymous_2)
FNDA:0,(anonymous_3)
FNDA:2,(anonymous_4)
FNDA:0,(anonymous_5)
FNDA:3,(anonymous_6)
FNDA:0,(anonymous_7)
FNDA:0,(anonymous_8)
FNDA:0,(anonymous_9)
FNDA:0,(anonymous_10)
FNDA:0,(anonymous_11)
FNDA:3,(anonymous_12)
FNDA:7,(anonymous_13)
FNDA:1,(anonymous_14)
FNDA:2,(anonymous_15)
FNDA:0,(anonymous_16)
FNDA:0,(anonymous_17)
FNDA:3,(anonymous_18)
FNDA:3,(anonymous_19)
FNDA:0,(anonymous_20)
FNDA:1,(anonymous_21)
FNDA:1,(anonymous_22)
FNDA:0,(anonymous_23)
FNDA:3,(anonymous_24)
FNDA:1,(anonymous_25)
FNDA:10,(anonymous_26)
FNDA:3,(anonymous_27)
FNDA:3,(anonymous_28)
FNDA:2,(anonymous_29)
FNDA:9,(anonymous_30)
FNDA:1,(anonymous_31)
FNDA:12,(anonymous_32)
FNDA:0,(anonymous_33)
FNDA:2,(anonymous_34)
FNDA:2,(anonymous_35)
FNDA:4,(anonymous_36)
FNDA:0,(anonymous_37)
DA:32,3
DA:36,0
DA:40,0
DA:44,0
DA:48,2
DA:49,2
DA:50,0
DA:51,0
DA:52,2
DA:53,1
DA:55,1
DA:60,0
DA:65,3
DA:69,0
DA:73,0
DA:77,0
DA:81,0
DA:85,0
DA:90,3
DA:94,7
DA:95,1
DA:97,6
DA:98,6
DA:103,1
DA:104,1
DA:105,1
DA:109,2
DA:110,2
DA:114,0
DA:118,0
DA:123,3
DA:127,3
DA:128,3
DA:129,3
DA:133,0
DA:137,1
DA:141,1
DA:145,0
DA:151,3
DA:159,3
DA:160,3
DA:161,3
DA:162,3
DA:163,3
DA:164,3
DA:168,1
DA:172,10
DA:176,3
DA:177,3
DA:181,3
DA:185,2
DA:186,2
DA:187,2
DA:188,2
DA:193,9
DA:197,1
DA:198,1
DA:202,12
DA:206,0
DA:210,2
DA:214,2
DA:218,4
DA:222,0
DA:231,1
LF:64
LH:47
BRDA:49,0,0,0
BRDA:49,0,1,2
BRDA:52,1,0,1
BRDA:52,1,1,1
BRDA:94,2,0,1
BRDA:94,2,1,6
BRDA:164,3,0,3
BRDA:164,3,1,0
BRDA:185,4,0,2
BRDA:225,5,0,0
BRDA:225,5,1,0
BRF:11
BRH:7
end_of_record
