<?xml version="1.0" encoding="UTF-8"?>
<coverage generated="1732342542672" clover="3.2.0">
  <project timestamp="1732342542672" name="All files">
    <metrics statements="75" coveredstatements="54" conditionals="16" coveredconditionals="13" methods="43" coveredmethods="27" elements="134" coveredelements="94" complexity="0" loc="75" ncloc="75" packages="1" files="1" classes="1"/>
    <file name="GumballMachine.ts" path="C:\Projects\ood\lw8\3\src\GumballMachine.ts">
      <metrics statements="75" coveredstatements="54" conditionals="16" coveredconditionals="13" methods="43" coveredmethods="27"/>
      <line num="33" count="6" type="stmt"/>
      <line num="37" count="0" type="stmt"/>
      <line num="41" count="0" type="stmt"/>
      <line num="45" count="0" type="stmt"/>
      <line num="49" count="2" type="stmt"/>
      <line num="50" count="2" type="cond" truecount="1" falsecount="1"/>
      <line num="51" count="0" type="stmt"/>
      <line num="52" count="0" type="stmt"/>
      <line num="53" count="2" type="cond" truecount="2" falsecount="0"/>
      <line num="54" count="1" type="stmt"/>
      <line num="56" count="1" type="stmt"/>
      <line num="61" count="0" type="stmt"/>
      <line num="65" count="0" type="stmt"/>
      <line num="70" count="6" type="stmt"/>
      <line num="74" count="0" type="stmt"/>
      <line num="78" count="0" type="stmt"/>
      <line num="82" count="0" type="stmt"/>
      <line num="86" count="0" type="stmt"/>
      <line num="90" count="0" type="stmt"/>
      <line num="91" count="0" type="stmt"/>
      <line num="95" count="0" type="stmt"/>
      <line num="100" count="6" type="stmt"/>
      <line num="104" count="8" type="cond" truecount="2" falsecount="0"/>
      <line num="105" count="1" type="stmt"/>
      <line num="107" count="7" type="stmt"/>
      <line num="108" count="7" type="stmt"/>
      <line num="113" count="1" type="stmt"/>
      <line num="114" count="1" type="stmt"/>
      <line num="115" count="1" type="stmt"/>
      <line num="119" count="2" type="stmt"/>
      <line num="120" count="2" type="stmt"/>
      <line num="124" count="0" type="stmt"/>
      <line num="128" count="0" type="stmt"/>
      <line num="129" count="0" type="stmt"/>
      <line num="133" count="1" type="stmt"/>
      <line num="138" count="6" type="stmt"/>
      <line num="142" count="4" type="stmt"/>
      <line num="143" count="4" type="stmt"/>
      <line num="144" count="4" type="stmt"/>
      <line num="148" count="0" type="stmt"/>
      <line num="152" count="1" type="stmt"/>
      <line num="156" count="1" type="stmt"/>
      <line num="160" count="0" type="stmt"/>
      <line num="161" count="0" type="stmt"/>
      <line num="165" count="2" type="stmt"/>
      <line num="171" count="6" type="stmt"/>
      <line num="179" count="6" type="stmt"/>
      <line num="180" count="6" type="stmt"/>
      <line num="181" count="6" type="stmt"/>
      <line num="182" count="6" type="stmt"/>
      <line num="183" count="6" type="stmt"/>
      <line num="184" count="6" type="cond" truecount="2" falsecount="0"/>
      <line num="188" count="1" type="stmt"/>
      <line num="192" count="12" type="stmt"/>
      <line num="196" count="3" type="stmt"/>
      <line num="197" count="3" type="stmt"/>
      <line num="201" count="7" type="stmt"/>
      <line num="205" count="2" type="cond" truecount="1" falsecount="0"/>
      <line num="206" count="2" type="stmt"/>
      <line num="207" count="2" type="stmt"/>
      <line num="208" count="2" type="stmt"/>
      <line num="213" count="11" type="stmt"/>
      <line num="217" count="1" type="stmt"/>
      <line num="218" count="1" type="stmt"/>
      <line num="222" count="14" type="stmt"/>
      <line num="226" count="0" type="stmt"/>
      <line num="230" count="2" type="stmt"/>
      <line num="234" count="2" type="stmt"/>
      <line num="238" count="5" type="stmt"/>
      <line num="242" count="3" type="stmt"/>
      <line num="243" count="3" type="stmt"/>
      <line num="245" count="3" type="cond" truecount="3" falsecount="0"/>
      <line num="246" count="1" type="cond" truecount="1" falsecount="1"/>
      <line num="251" count="3" type="stmt"/>
      <line num="260" count="1" type="stmt"/>
    </file>
  </project>
</coverage>
