{"C:\\Projects\\ood\\lw8\\3\\src\\GumballMachine.ts": {"path":"C:\\Projects\\ood\\lw8\\3\\src\\GumballMachine.ts","statementMap":{"0":{"start":{"line":33,"column":21},"end":{"line":33,"column":53}},"1":{"start":{"line":37,"column":2},"end":{"line":37,"column":65}},"2":{"start":{"line":41,"column":2},"end":{"line":41,"column":52}},"3":{"start":{"line":45,"column":2},"end":{"line":45,"column":63}},"4":{"start":{"line":49,"column":2},"end":{"line":49,"column":37}},"5":{"start":{"line":50,"column":2},"end":{"line":57,"column":3}},"6":{"start":{"line":51,"column":3},"end":{"line":51,"column":40}},"7":{"start":{"line":52,"column":3},"end":{"line":52,"column":42}},"8":{"start":{"line":53,"column":9},"end":{"line":57,"column":3}},"9":{"start":{"line":54,"column":3},"end":{"line":54,"column":45}},"10":{"start":{"line":56,"column":3},"end":{"line":56,"column":44}},"11":{"start":{"line":61,"column":2},"end":{"line":61,"column":52}},"12":{"start":{"line":65,"column":2},"end":{"line":65,"column":32}},"13":{"start":{"line":260,"column":71},"end":{"line":260,"column":80}},"14":{"start":{"line":70,"column":21},"end":{"line":70,"column":53}},"15":{"start":{"line":74,"column":2},"end":{"line":74,"column":69}},"16":{"start":{"line":78,"column":2},"end":{"line":78,"column":69}},"17":{"start":{"line":82,"column":2},"end":{"line":82,"column":52}},"18":{"start":{"line":86,"column":2},"end":{"line":86,"column":38}},"19":{"start":{"line":90,"column":2},"end":{"line":90,"column":57}},"20":{"start":{"line":91,"column":2},"end":{"line":91,"column":37}},"21":{"start":{"line":95,"column":2},"end":{"line":95,"column":20}},"22":{"start":{"line":260,"column":57},"end":{"line":260,"column":69}},"23":{"start":{"line":100,"column":21},"end":{"line":100,"column":53}},"24":{"start":{"line":104,"column":2},"end":{"line":109,"column":3}},"25":{"start":{"line":105,"column":3},"end":{"line":105,"column":83}},"26":{"start":{"line":107,"column":3},"end":{"line":107,"column":47}},"27":{"start":{"line":108,"column":3},"end":{"line":108,"column":37}},"28":{"start":{"line":113,"column":2},"end":{"line":113,"column":34}},"29":{"start":{"line":114,"column":2},"end":{"line":114,"column":43}},"30":{"start":{"line":115,"column":2},"end":{"line":115,"column":43}},"31":{"start":{"line":119,"column":2},"end":{"line":119,"column":31}},"32":{"start":{"line":120,"column":2},"end":{"line":120,"column":38}},"33":{"start":{"line":124,"column":2},"end":{"line":124,"column":38}},"34":{"start":{"line":128,"column":2},"end":{"line":128,"column":57}},"35":{"start":{"line":129,"column":2},"end":{"line":129,"column":37}},"36":{"start":{"line":133,"column":2},"end":{"line":133,"column":37}},"37":{"start":{"line":260,"column":24},"end":{"line":260,"column":39}},"38":{"start":{"line":138,"column":21},"end":{"line":138,"column":53}},"39":{"start":{"line":142,"column":2},"end":{"line":142,"column":40}},"40":{"start":{"line":143,"column":2},"end":{"line":143,"column":36}},"41":{"start":{"line":144,"column":2},"end":{"line":144,"column":44}},"42":{"start":{"line":148,"column":2},"end":{"line":148,"column":48}},"43":{"start":{"line":152,"column":2},"end":{"line":152,"column":51}},"44":{"start":{"line":156,"column":2},"end":{"line":156,"column":39}},"45":{"start":{"line":160,"column":2},"end":{"line":160,"column":57}},"46":{"start":{"line":161,"column":2},"end":{"line":161,"column":37}},"47":{"start":{"line":165,"column":2},"end":{"line":165,"column":31}},"48":{"start":{"line":260,"column":41},"end":{"line":260,"column":55}},"49":{"start":{"line":171,"column":33},"end":{"line":171,"column":34}},"50":{"start":{"line":179,"column":2},"end":{"line":179,"column":25}},"51":{"start":{"line":180,"column":2},"end":{"line":180,"column":40}},"52":{"start":{"line":181,"column":2},"end":{"line":181,"column":46}},"53":{"start":{"line":182,"column":2},"end":{"line":182,"column":50}},"54":{"start":{"line":183,"column":2},"end":{"line":183,"column":52}},"55":{"start":{"line":184,"column":2},"end":{"line":184,"column":73}},"56":{"start":{"line":188,"column":2},"end":{"line":188,"column":29}},"57":{"start":{"line":192,"column":2},"end":{"line":192,"column":30}},"58":{"start":{"line":196,"column":2},"end":{"line":196,"column":26}},"59":{"start":{"line":197,"column":2},"end":{"line":197,"column":25}},"60":{"start":{"line":201,"column":2},"end":{"line":201,"column":21}},"61":{"start":{"line":205,"column":2},"end":{"line":209,"column":3}},"62":{"start":{"line":206,"column":3},"end":{"line":206,"column":58}},"63":{"start":{"line":207,"column":3},"end":{"line":207,"column":17}},"64":{"start":{"line":208,"column":3},"end":{"line":208,"column":24}},"65":{"start":{"line":213,"column":2},"end":{"line":213,"column":23}},"66":{"start":{"line":217,"column":2},"end":{"line":217,"column":58}},"67":{"start":{"line":218,"column":2},"end":{"line":218,"column":25}},"68":{"start":{"line":222,"column":2},"end":{"line":222,"column":28}},"69":{"start":{"line":226,"column":2},"end":{"line":226,"column":35}},"70":{"start":{"line":230,"column":2},"end":{"line":230,"column":37}},"71":{"start":{"line":234,"column":2},"end":{"line":234,"column":32}},"72":{"start":{"line":238,"column":2},"end":{"line":238,"column":38}},"73":{"start":{"line":242,"column":2},"end":{"line":242,"column":61}},"74":{"start":{"line":243,"column":2},"end":{"line":243,"column":23}},"75":{"start":{"line":245,"column":2},"end":{"line":247,"column":3}},"76":{"start":{"line":246,"column":3},"end":{"line":246,"column":87}},"77":{"start":{"line":251,"column":2},"end":{"line":256,"column":2}},"78":{"start":{"line":260,"column":8},"end":{"line":260,"column":22}}},"fnMap":{"0":{"name":"(anonymous_0)","decl":{"start":{"line":33,"column":1},"end":{"line":33,"column":21}},"loc":{"start":{"line":33,"column":53},"end":{"line":34,"column":2}}},"1":{"name":"(anonymous_1)","decl":{"start":{"line":36,"column":1},"end":{"line":36,"column":14}},"loc":{"start":{"line":36,"column":14},"end":{"line":38,"column":2}}},"2":{"name":"(anonymous_2)","decl":{"start":{"line":40,"column":1},"end":{"line":40,"column":13}},"loc":{"start":{"line":40,"column":13},"end":{"line":42,"column":2}}},"3":{"name":"(anonymous_3)","decl":{"start":{"line":44,"column":1},"end":{"line":44,"column":10}},"loc":{"start":{"line":44,"column":10},"end":{"line":46,"column":2}}},"4":{"name":"(anonymous_4)","decl":{"start":{"line":48,"column":1},"end":{"line":48,"column":9}},"loc":{"start":{"line":48,"column":9},"end":{"line":58,"column":2}}},"5":{"name":"(anonymous_5)","decl":{"start":{"line":60,"column":1},"end":{"line":60,"column":7}},"loc":{"start":{"line":60,"column":21},"end":{"line":62,"column":2}}},"6":{"name":"(anonymous_6)","decl":{"start":{"line":64,"column":1},"end":{"line":64,"column":9}},"loc":{"start":{"line":64,"column":9},"end":{"line":66,"column":2}}},"7":{"name":"(anonymous_7)","decl":{"start":{"line":70,"column":1},"end":{"line":70,"column":21}},"loc":{"start":{"line":70,"column":53},"end":{"line":71,"column":2}}},"8":{"name":"(anonymous_8)","decl":{"start":{"line":73,"column":1},"end":{"line":73,"column":14}},"loc":{"start":{"line":73,"column":14},"end":{"line":75,"column":2}}},"9":{"name":"(anonymous_9)","decl":{"start":{"line":77,"column":1},"end":{"line":77,"column":13}},"loc":{"start":{"line":77,"column":13},"end":{"line":79,"column":2}}},"10":{"name":"(anonymous_10)","decl":{"start":{"line":81,"column":1},"end":{"line":81,"column":10}},"loc":{"start":{"line":81,"column":10},"end":{"line":83,"column":2}}},"11":{"name":"(anonymous_11)","decl":{"start":{"line":85,"column":1},"end":{"line":85,"column":9}},"loc":{"start":{"line":85,"column":9},"end":{"line":87,"column":2}}},"12":{"name":"(anonymous_12)","decl":{"start":{"line":89,"column":1},"end":{"line":89,"column":7}},"loc":{"start":{"line":89,"column":21},"end":{"line":92,"column":2}}},"13":{"name":"(anonymous_13)","decl":{"start":{"line":94,"column":1},"end":{"line":94,"column":9}},"loc":{"start":{"line":94,"column":9},"end":{"line":96,"column":2}}},"14":{"name":"(anonymous_14)","decl":{"start":{"line":100,"column":1},"end":{"line":100,"column":21}},"loc":{"start":{"line":100,"column":53},"end":{"line":101,"column":2}}},"15":{"name":"(anonymous_15)","decl":{"start":{"line":103,"column":1},"end":{"line":103,"column":14}},"loc":{"start":{"line":103,"column":14},"end":{"line":110,"column":2}}},"16":{"name":"(anonymous_16)","decl":{"start":{"line":112,"column":1},"end":{"line":112,"column":13}},"loc":{"start":{"line":112,"column":13},"end":{"line":116,"column":2}}},"17":{"name":"(anonymous_17)","decl":{"start":{"line":118,"column":1},"end":{"line":118,"column":10}},"loc":{"start":{"line":118,"column":10},"end":{"line":121,"column":2}}},"18":{"name":"(anonymous_18)","decl":{"start":{"line":123,"column":1},"end":{"line":123,"column":9}},"loc":{"start":{"line":123,"column":9},"end":{"line":125,"column":2}}},"19":{"name":"(anonymous_19)","decl":{"start":{"line":127,"column":1},"end":{"line":127,"column":7}},"loc":{"start":{"line":127,"column":21},"end":{"line":130,"column":2}}},"20":{"name":"(anonymous_20)","decl":{"start":{"line":132,"column":1},"end":{"line":132,"column":9}},"loc":{"start":{"line":132,"column":9},"end":{"line":134,"column":2}}},"21":{"name":"(anonymous_21)","decl":{"start":{"line":138,"column":1},"end":{"line":138,"column":21}},"loc":{"start":{"line":138,"column":53},"end":{"line":139,"column":2}}},"22":{"name":"(anonymous_22)","decl":{"start":{"line":141,"column":1},"end":{"line":141,"column":14}},"loc":{"start":{"line":141,"column":14},"end":{"line":145,"column":2}}},"23":{"name":"(anonymous_23)","decl":{"start":{"line":147,"column":1},"end":{"line":147,"column":13}},"loc":{"start":{"line":147,"column":13},"end":{"line":149,"column":2}}},"24":{"name":"(anonymous_24)","decl":{"start":{"line":151,"column":1},"end":{"line":151,"column":10}},"loc":{"start":{"line":151,"column":10},"end":{"line":153,"column":2}}},"25":{"name":"(anonymous_25)","decl":{"start":{"line":155,"column":1},"end":{"line":155,"column":9}},"loc":{"start":{"line":155,"column":9},"end":{"line":157,"column":2}}},"26":{"name":"(anonymous_26)","decl":{"start":{"line":159,"column":1},"end":{"line":159,"column":7}},"loc":{"start":{"line":159,"column":21},"end":{"line":162,"column":2}}},"27":{"name":"(anonymous_27)","decl":{"start":{"line":164,"column":1},"end":{"line":164,"column":9}},"loc":{"start":{"line":164,"column":9},"end":{"line":166,"column":2}}},"28":{"name":"(anonymous_28)","decl":{"start":{"line":178,"column":1},"end":{"line":178,"column":13}},"loc":{"start":{"line":178,"column":29},"end":{"line":185,"column":2}}},"29":{"name":"(anonymous_29)","decl":{"start":{"line":187,"column":1},"end":{"line":187,"column":13}},"loc":{"start":{"line":187,"column":13},"end":{"line":189,"column":2}}},"30":{"name":"(anonymous_30)","decl":{"start":{"line":191,"column":1},"end":{"line":191,"column":14}},"loc":{"start":{"line":191,"column":14},"end":{"line":193,"column":2}}},"31":{"name":"(anonymous_31)","decl":{"start":{"line":195,"column":1},"end":{"line":195,"column":10}},"loc":{"start":{"line":195,"column":10},"end":{"line":198,"column":2}}},"32":{"name":"(anonymous_32)","decl":{"start":{"line":200,"column":1},"end":{"line":200,"column":13}},"loc":{"start":{"line":200,"column":13},"end":{"line":202,"column":2}}},"33":{"name":"(anonymous_33)","decl":{"start":{"line":204,"column":1},"end":{"line":204,"column":12}},"loc":{"start":{"line":204,"column":12},"end":{"line":210,"column":2}}},"34":{"name":"(anonymous_34)","decl":{"start":{"line":212,"column":1},"end":{"line":212,"column":11}},"loc":{"start":{"line":212,"column":11},"end":{"line":214,"column":2}}},"35":{"name":"(anonymous_35)","decl":{"start":{"line":216,"column":1},"end":{"line":216,"column":18}},"loc":{"start":{"line":216,"column":18},"end":{"line":219,"column":2}}},"36":{"name":"(anonymous_36)","decl":{"start":{"line":221,"column":1},"end":{"line":221,"column":16}},"loc":{"start":{"line":221,"column":16},"end":{"line":223,"column":2}}},"37":{"name":"(anonymous_37)","decl":{"start":{"line":225,"column":1},"end":{"line":225,"column":16}},"loc":{"start":{"line":225,"column":16},"end":{"line":227,"column":2}}},"38":{"name":"(anonymous_38)","decl":{"start":{"line":229,"column":1},"end":{"line":229,"column":18}},"loc":{"start":{"line":229,"column":18},"end":{"line":231,"column":2}}},"39":{"name":"(anonymous_39)","decl":{"start":{"line":233,"column":1},"end":{"line":233,"column":13}},"loc":{"start":{"line":233,"column":13},"end":{"line":235,"column":2}}},"40":{"name":"(anonymous_40)","decl":{"start":{"line":237,"column":1},"end":{"line":237,"column":19}},"loc":{"start":{"line":237,"column":19},"end":{"line":239,"column":2}}},"41":{"name":"(anonymous_41)","decl":{"start":{"line":241,"column":1},"end":{"line":241,"column":7}},"loc":{"start":{"line":241,"column":21},"end":{"line":248,"column":2}}},"42":{"name":"(anonymous_42)","decl":{"start":{"line":250,"column":1},"end":{"line":250,"column":9}},"loc":{"start":{"line":250,"column":9},"end":{"line":257,"column":2}}}},"branchMap":{"0":{"loc":{"start":{"line":50,"column":2},"end":{"line":57,"column":3}},"type":"if","locations":[{"start":{"line":50,"column":2},"end":{"line":57,"column":3}},{"start":{"line":53,"column":9},"end":{"line":57,"column":3}}]},"1":{"loc":{"start":{"line":53,"column":9},"end":{"line":57,"column":3}},"type":"if","locations":[{"start":{"line":53,"column":9},"end":{"line":57,"column":3}},{"start":{"line":55,"column":9},"end":{"line":57,"column":3}}]},"2":{"loc":{"start":{"line":104,"column":2},"end":{"line":109,"column":3}},"type":"if","locations":[{"start":{"line":104,"column":2},"end":{"line":109,"column":3}},{"start":{"line":106,"column":9},"end":{"line":109,"column":3}}]},"3":{"loc":{"start":{"line":184,"column":16},"end":{"line":184,"column":72}},"type":"cond-expr","locations":[{"start":{"line":184,"column":31},"end":{"line":184,"column":51}},{"start":{"line":184,"column":54},"end":{"line":184,"column":72}}]},"4":{"loc":{"start":{"line":205,"column":2},"end":{"line":209,"column":3}},"type":"if","locations":[{"start":{"line":205,"column":2},"end":{"line":209,"column":3}}]},"5":{"loc":{"start":{"line":245,"column":2},"end":{"line":247,"column":3}},"type":"if","locations":[{"start":{"line":245,"column":2},"end":{"line":247,"column":3}}]},"6":{"loc":{"start":{"line":245,"column":6},"end":{"line":245,"column":60}},"type":"binary-expr","locations":[{"start":{"line":245,"column":6},"end":{"line":245,"column":41}},{"start":{"line":245,"column":45},"end":{"line":245,"column":60}}]},"7":{"loc":{"start":{"line":246,"column":17},"end":{"line":246,"column":86}},"type":"cond-expr","locations":[{"start":{"line":246,"column":42},"end":{"line":246,"column":63}},{"start":{"line":246,"column":66},"end":{"line":246,"column":86}}]},"8":{"loc":{"start":{"line":254,"column":35},"end":{"line":254,"column":63}},"type":"cond-expr","locations":[{"start":{"line":254,"column":55},"end":{"line":254,"column":58}},{"start":{"line":254,"column":61},"end":{"line":254,"column":63}}]}},"s":{"0":6,"1":0,"2":0,"3":0,"4":2,"5":2,"6":0,"7":0,"8":2,"9":1,"10":1,"11":0,"12":0,"13":1,"14":6,"15":0,"16":0,"17":0,"18":0,"19":0,"20":0,"21":0,"22":1,"23":6,"24":8,"25":1,"26":7,"27":7,"28":1,"29":1,"30":1,"31":2,"32":2,"33":0,"34":0,"35":0,"36":1,"37":1,"38":6,"39":4,"40":4,"41":4,"42":0,"43":1,"44":1,"45":0,"46":0,"47":2,"48":1,"49":6,"50":6,"51":6,"52":6,"53":6,"54":6,"55":6,"56":1,"57":12,"58":3,"59":3,"60":7,"61":2,"62":2,"63":2,"64":2,"65":11,"66":1,"67":1,"68":14,"69":0,"70":2,"71":2,"72":5,"73":3,"74":3,"75":3,"76":1,"77":3,"78":1},"f":{"0":6,"1":0,"2":0,"3":0,"4":2,"5":0,"6":0,"7":6,"8":0,"9":0,"10":0,"11":0,"12":0,"13":0,"14":6,"15":8,"16":1,"17":2,"18":0,"19":0,"20":1,"21":6,"22":4,"23":0,"24":1,"25":1,"26":0,"27":2,"28":6,"29":1,"30":12,"31":3,"32":7,"33":2,"34":11,"35":1,"36":14,"37":0,"38":2,"39":2,"40":5,"41":3,"42":3},"b":{"0":[0,2],"1":[1,1],"2":[1,7],"3":[5,1],"4":[2],"5":[1],"6":[3,1],"7":[0,1],"8":[3,0]}}
}
