TN:
SF:src\GumballMachine.ts
FN:33,(anonymous_0)
FN:36,(anonymous_1)
FN:40,(anonymous_2)
FN:44,(anonymous_3)
FN:48,(anonymous_4)
FN:60,(anonymous_5)
FN:64,(anonymous_6)
FN:70,(anonymous_7)
FN:73,(anonymous_8)
FN:77,(anonymous_9)
FN:81,(anonymous_10)
FN:85,(anonymous_11)
FN:89,(anonymous_12)
FN:94,(anonymous_13)
FN:100,(anonymous_14)
FN:103,(anonymous_15)
FN:112,(anonymous_16)
FN:118,(anonymous_17)
FN:123,(anonymous_18)
FN:127,(anonymous_19)
FN:132,(anonymous_20)
FN:138,(anonymous_21)
FN:141,(anonymous_22)
FN:147,(anonymous_23)
FN:151,(anonymous_24)
FN:155,(anonymous_25)
FN:159,(anonymous_26)
FN:164,(anonymous_27)
FN:178,(anonymous_28)
FN:187,(anonymous_29)
FN:191,(anonymous_30)
FN:195,(anonymous_31)
FN:200,(anonymous_32)
FN:204,(anonymous_33)
FN:212,(anonymous_34)
FN:216,(anonymous_35)
FN:221,(anonymous_36)
FN:225,(anonymous_37)
FN:229,(anonymous_38)
FN:233,(anonymous_39)
FN:237,(anonymous_40)
FN:241,(anonymous_41)
FN:250,(anonymous_42)
FNF:43
FNH:27
FNDA:6,(anonymous_0)
FNDA:0,(anonymous_1)
FNDA:0,(anonymous_2)
FNDA:0,(anonymous_3)
FNDA:2,(anonymous_4)
FNDA:0,(anonymous_5)
FNDA:0,(anonymous_6)
FNDA:6,(anonymous_7)
FNDA:0,(anonymous_8)
FNDA:0,(anonymous_9)
FNDA:0,(anonymous_10)
FNDA:0,(anonymous_11)
FNDA:0,(anonymous_12)
FNDA:0,(anonymous_13)
FNDA:6,(anonymous_14)
FNDA:8,(anonymous_15)
FNDA:1,(anonymous_16)
FNDA:2,(anonymous_17)
FNDA:0,(anonymous_18)
FNDA:0,(anonymous_19)
FNDA:1,(anonymous_20)
FNDA:6,(anonymous_21)
FNDA:4,(anonymous_22)
FNDA:0,(anonymous_23)
FNDA:1,(anonymous_24)
FNDA:1,(anonymous_25)
FNDA:0,(anonymous_26)
FNDA:2,(anonymous_27)
FNDA:6,(anonymous_28)
FNDA:1,(anonymous_29)
FNDA:12,(anonymous_30)
FNDA:3,(anonymous_31)
FNDA:7,(anonymous_32)
FNDA:2,(anonymous_33)
FNDA:11,(anonymous_34)
FNDA:1,(anonymous_35)
FNDA:14,(anonymous_36)
FNDA:0,(anonymous_37)
FNDA:2,(anonymous_38)
FNDA:2,(anonymous_39)
FNDA:5,(anonymous_40)
FNDA:3,(anonymous_41)
FNDA:3,(anonymous_42)
DA:33,6
DA:37,0
DA:41,0
DA:45,0
DA:49,2
DA:50,2
DA:51,0
DA:52,0
DA:53,2
DA:54,1
DA:56,1
DA:61,0
DA:65,0
DA:70,6
DA:74,0
DA:78,0
DA:82,0
DA:86,0
DA:90,0
DA:91,0
DA:95,0
DA:100,6
DA:104,8
DA:105,1
DA:107,7
DA:108,7
DA:113,1
DA:114,1
DA:115,1
DA:119,2
DA:120,2
DA:124,0
DA:128,0
DA:129,0
DA:133,1
DA:138,6
DA:142,4
DA:143,4
DA:144,4
DA:148,0
DA:152,1
DA:156,1
DA:160,0
DA:161,0
DA:165,2
DA:171,6
DA:179,6
DA:180,6
DA:181,6
DA:182,6
DA:183,6
DA:184,6
DA:188,1
DA:192,12
DA:196,3
DA:197,3
DA:201,7
DA:205,2
DA:206,2
DA:207,2
DA:208,2
DA:213,11
DA:217,1
DA:218,1
DA:222,14
DA:226,0
DA:230,2
DA:234,2
DA:238,5
DA:242,3
DA:243,3
DA:245,3
DA:246,1
DA:251,3
DA:260,1
LF:75
LH:54
BRDA:50,0,0,0
BRDA:50,0,1,2
BRDA:53,1,0,1
BRDA:53,1,1,1
BRDA:104,2,0,1
BRDA:104,2,1,7
BRDA:184,3,0,5
BRDA:184,3,1,1
BRDA:205,4,0,2
BRDA:245,5,0,1
BRDA:245,6,0,3
BRDA:245,6,1,1
BRDA:246,7,0,0
BRDA:246,7,1,1
BRDA:254,8,0,3
BRDA:254,8,1,0
BRF:16
BRH:13
end_of_record
