<?xml version="1.0" encoding="UTF-8"?>
<coverage generated="1729318014117" clover="3.2.0">
  <project timestamp="1729318014117" name="All files">
    <metrics statements="114" coveredstatements="57" conditionals="21" coveredconditionals="8" methods="33" coveredmethods="16" elements="168" coveredelements="81" complexity="0" loc="114" ncloc="114" packages="1" files="3" classes="3"/>
    <file name="InputStream.ts" path="C:\Projects\ood\lab3\ex2\src\InputStream.ts">
      <metrics statements="37" coveredstatements="14" conditionals="7" coveredconditionals="2" methods="9" coveredmethods="4"/>
      <line num="1" count="1" type="stmt"/>
      <line num="10" count="0" type="stmt"/>
      <line num="11" count="0" type="stmt"/>
      <line num="12" count="0" type="stmt"/>
      <line num="16" count="0" type="cond" truecount="0" falsecount="1"/>
      <line num="17" count="0" type="stmt"/>
      <line num="20" count="0" type="stmt"/>
      <line num="21" count="0" type="stmt"/>
      <line num="23" count="0" type="cond" truecount="0" falsecount="1"/>
      <line num="24" count="0" type="stmt"/>
      <line num="27" count="0" type="stmt"/>
      <line num="28" count="0" type="stmt"/>
      <line num="29" count="0" type="stmt"/>
      <line num="33" count="0" type="cond" truecount="0" falsecount="1"/>
      <line num="34" count="0" type="stmt"/>
      <line num="37" count="0" type="stmt"/>
      <line num="38" count="0" type="stmt"/>
      <line num="40" count="0" type="cond" truecount="0" falsecount="1"/>
      <line num="41" count="0" type="stmt"/>
      <line num="44" count="0" type="stmt"/>
      <line num="45" count="0" type="stmt"/>
      <line num="49" count="0" type="stmt"/>
      <line num="53" count="0" type="stmt"/>
      <line num="62" count="7" type="stmt"/>
      <line num="63" count="7" type="stmt"/>
      <line num="67" count="29" type="cond" truecount="1" falsecount="0"/>
      <line num="68" count="1" type="stmt"/>
      <line num="71" count="28" type="stmt"/>
      <line num="75" count="5" type="cond" truecount="1" falsecount="0"/>
      <line num="76" count="1" type="stmt"/>
      <line num="79" count="4" type="stmt"/>
      <line num="81" count="4" type="stmt"/>
      <line num="82" count="20" type="stmt"/>
      <line num="85" count="4" type="cond" truecount="0" falsecount="1"/>
      <line num="86" count="0" type="stmt"/>
      <line num="91" count="37" type="stmt"/>
      <line num="95" count="1" type="stmt"/>
    </file>
    <file name="OutputStream.ts" path="C:\Projects\ood\lab3\ex2\src\OutputStream.ts">
      <metrics statements="26" coveredstatements="14" conditionals="10" coveredconditionals="5" methods="8" coveredmethods="4"/>
      <line num="1" count="1" type="stmt"/>
      <line num="8" count="0" type="stmt"/>
      <line num="12" count="0" type="stmt"/>
      <line num="13" count="0" type="stmt"/>
      <line num="15" count="0" type="cond" truecount="0" falsecount="1"/>
      <line num="16" count="0" type="stmt"/>
      <line num="21" count="0" type="cond" truecount="0" falsecount="3"/>
      <line num="22" count="0" type="stmt"/>
      <line num="25" count="0" type="stmt"/>
      <line num="26" count="0" type="stmt"/>
      <line num="28" count="0" type="cond" truecount="0" falsecount="1"/>
      <line num="29" count="0" type="stmt"/>
      <line num="34" count="0" type="stmt"/>
      <line num="43" count="4" type="stmt"/>
      <line num="44" count="4" type="stmt"/>
      <line num="48" count="3" type="cond" truecount="1" falsecount="0"/>
      <line num="49" count="1" type="stmt"/>
      <line num="52" count="2" type="stmt"/>
      <line num="53" count="2" type="stmt"/>
      <line num="57" count="4" type="cond" truecount="3" falsecount="0"/>
      <line num="58" count="2" type="stmt"/>
      <line num="61" count="2" type="cond" truecount="1" falsecount="0"/>
      <line num="62" count="1" type="stmt"/>
      <line num="65" count="1" type="stmt"/>
      <line num="69" count="2" type="stmt"/>
      <line num="73" count="1" type="stmt"/>
    </file>
    <file name="StreamDecorators.ts" path="C:\Projects\ood\lab3\ex2\src\StreamDecorators.ts">
      <metrics statements="51" coveredstatements="29" conditionals="4" coveredconditionals="1" methods="16" coveredmethods="8"/>
      <line num="2" count="1" type="stmt"/>
      <line num="10" count="1" type="stmt"/>
      <line num="11" count="1" type="stmt"/>
      <line num="15" count="1" type="stmt"/>
      <line num="16" count="256" type="stmt"/>
      <line num="19" count="1" type="stmt"/>
      <line num="20" count="1" type="stmt"/>
      <line num="21" count="255" type="stmt"/>
      <line num="22" count="255" type="stmt"/>
      <line num="25" count="1" type="stmt"/>
      <line num="29" count="5" type="stmt"/>
      <line num="30" count="5" type="stmt"/>
      <line num="34" count="0" type="stmt"/>
      <line num="35" count="0" type="cond" truecount="0" falsecount="2"/>
      <line num="40" count="0" type="stmt"/>
      <line num="49" count="1" type="stmt"/>
      <line num="50" count="1" type="stmt"/>
      <line num="55" count="1" type="stmt"/>
      <line num="56" count="1" type="stmt"/>
      <line num="57" count="256" type="stmt"/>
      <line num="59" count="1" type="stmt"/>
      <line num="60" count="1" type="stmt"/>
      <line num="61" count="255" type="stmt"/>
      <line num="62" count="255" type="stmt"/>
      <line num="65" count="1" type="stmt"/>
      <line num="66" count="32749" type="stmt"/>
      <line num="69" count="1" type="stmt"/>
      <line num="73" count="5" type="stmt"/>
      <line num="74" count="5" type="stmt"/>
      <line num="78" count="1" type="stmt"/>
      <line num="79" count="5" type="cond" truecount="1" falsecount="1"/>
      <line num="84" count="0" type="stmt"/>
      <line num="93" count="0" type="stmt"/>
      <line num="94" count="0" type="stmt"/>
      <line num="99" count="0" type="stmt"/>
      <line num="100" count="0" type="stmt"/>
      <line num="101" count="0" type="stmt"/>
      <line num="103" count="0" type="stmt"/>
      <line num="104" count="0" type="stmt"/>
      <line num="105" count="0" type="stmt"/>
      <line num="106" count="0" type="stmt"/>
      <line num="109" count="0" type="stmt"/>
      <line num="110" count="0" type="stmt"/>
      <line num="113" count="0" type="stmt"/>
      <line num="117" count="0" type="stmt"/>
      <line num="118" count="0" type="stmt"/>
      <line num="122" count="0" type="stmt"/>
      <line num="124" count="0" type="stmt"/>
      <line num="125" count="0" type="stmt"/>
      <line num="128" count="0" type="stmt"/>
      <line num="132" count="1" type="stmt"/>
    </file>
  </project>
</coverage>
