{"C:\\Projects\\ood\\lab3\\ex2\\src\\InputStream.ts": {"path":"C:\\Projects\\ood\\lab3\\ex2\\src\\InputStream.ts","statementMap":{"0":{"start":{"line":1,"column":0},"end":{"line":1,"column":25}},"1":{"start":{"line":10,"column":2},"end":{"line":10,"column":52}},"2":{"start":{"line":11,"column":2},"end":{"line":11,"column":21}},"3":{"start":{"line":12,"column":2},"end":{"line":12,"column":59}},"4":{"start":{"line":16,"column":2},"end":{"line":18,"column":3}},"5":{"start":{"line":17,"column":3},"end":{"line":17,"column":45}},"6":{"start":{"line":20,"column":17},"end":{"line":20,"column":39}},"7":{"start":{"line":21,"column":20},"end":{"line":21,"column":90}},"8":{"start":{"line":23,"column":2},"end":{"line":25,"column":3}},"9":{"start":{"line":24,"column":3},"end":{"line":24,"column":46}},"10":{"start":{"line":27,"column":15},"end":{"line":27,"column":46}},"11":{"start":{"line":28,"column":2},"end":{"line":28,"column":42}},"12":{"start":{"line":29,"column":2},"end":{"line":29,"column":30}},"13":{"start":{"line":33,"column":2},"end":{"line":35,"column":3}},"14":{"start":{"line":34,"column":3},"end":{"line":34,"column":45}},"15":{"start":{"line":37,"column":17},"end":{"line":37,"column":32}},"16":{"start":{"line":38,"column":20},"end":{"line":38,"column":83}},"17":{"start":{"line":40,"column":2},"end":{"line":42,"column":3}},"18":{"start":{"line":41,"column":3},"end":{"line":41,"column":46}},"19":{"start":{"line":44,"column":2},"end":{"line":44,"column":30}},"20":{"start":{"line":45,"column":2},"end":{"line":45,"column":19}},"21":{"start":{"line":49,"column":2},"end":{"line":49,"column":42}},"22":{"start":{"line":53,"column":2},"end":{"line":53,"column":37}},"23":{"start":{"line":95,"column":8},"end":{"line":95,"column":23}},"24":{"start":{"line":62,"column":2},"end":{"line":62,"column":20}},"25":{"start":{"line":63,"column":2},"end":{"line":63,"column":21}},"26":{"start":{"line":67,"column":2},"end":{"line":69,"column":3}},"27":{"start":{"line":68,"column":3},"end":{"line":68,"column":46}},"28":{"start":{"line":71,"column":2},"end":{"line":71,"column":38}},"29":{"start":{"line":75,"column":2},"end":{"line":77,"column":3}},"30":{"start":{"line":76,"column":3},"end":{"line":76,"column":46}},"31":{"start":{"line":79,"column":22},"end":{"line":79,"column":76}},"32":{"start":{"line":81,"column":2},"end":{"line":83,"column":3}},"33":{"start":{"line":81,"column":15},"end":{"line":81,"column":16}},"34":{"start":{"line":82,"column":3},"end":{"line":82,"column":40}},"35":{"start":{"line":85,"column":2},"end":{"line":87,"column":3}},"36":{"start":{"line":86,"column":3},"end":{"line":86,"column":46}},"37":{"start":{"line":91,"column":2},"end":{"line":91,"column":45}},"38":{"start":{"line":95,"column":25},"end":{"line":95,"column":42}}},"fnMap":{"0":{"name":"(anonymous_6)","decl":{"start":{"line":9,"column":1},"end":{"line":9,"column":13}},"loc":{"start":{"line":9,"column":29},"end":{"line":13,"column":2}}},"1":{"name":"(anonymous_7)","decl":{"start":{"line":15,"column":1},"end":{"line":15,"column":10}},"loc":{"start":{"line":15,"column":57},"end":{"line":30,"column":2}}},"2":{"name":"(anonymous_8)","decl":{"start":{"line":32,"column":1},"end":{"line":32,"column":9}},"loc":{"start":{"line":32,"column":9},"end":{"line":46,"column":2}}},"3":{"name":"(anonymous_9)","decl":{"start":{"line":48,"column":1},"end":{"line":48,"column":6}},"loc":{"start":{"line":48,"column":6},"end":{"line":50,"column":2}}},"4":{"name":"(anonymous_10)","decl":{"start":{"line":52,"column":1},"end":{"line":52,"column":6}},"loc":{"start":{"line":52,"column":6},"end":{"line":54,"column":2}}},"5":{"name":"(anonymous_11)","decl":{"start":{"line":61,"column":1},"end":{"line":61,"column":13}},"loc":{"start":{"line":61,"column":29},"end":{"line":64,"column":2}}},"6":{"name":"(anonymous_12)","decl":{"start":{"line":66,"column":1},"end":{"line":66,"column":9}},"loc":{"start":{"line":66,"column":9},"end":{"line":72,"column":2}}},"7":{"name":"(anonymous_13)","decl":{"start":{"line":74,"column":1},"end":{"line":74,"column":10}},"loc":{"start":{"line":74,"column":56},"end":{"line":88,"column":2}}},"8":{"name":"(anonymous_14)","decl":{"start":{"line":90,"column":1},"end":{"line":90,"column":6}},"loc":{"start":{"line":90,"column":6},"end":{"line":92,"column":2}}}},"branchMap":{"0":{"loc":{"start":{"line":16,"column":2},"end":{"line":18,"column":3}},"type":"if","locations":[{"start":{"line":16,"column":2},"end":{"line":18,"column":3}}]},"1":{"loc":{"start":{"line":23,"column":2},"end":{"line":25,"column":3}},"type":"if","locations":[{"start":{"line":23,"column":2},"end":{"line":25,"column":3}}]},"2":{"loc":{"start":{"line":33,"column":2},"end":{"line":35,"column":3}},"type":"if","locations":[{"start":{"line":33,"column":2},"end":{"line":35,"column":3}}]},"3":{"loc":{"start":{"line":40,"column":2},"end":{"line":42,"column":3}},"type":"if","locations":[{"start":{"line":40,"column":2},"end":{"line":42,"column":3}}]},"4":{"loc":{"start":{"line":67,"column":2},"end":{"line":69,"column":3}},"type":"if","locations":[{"start":{"line":67,"column":2},"end":{"line":69,"column":3}}]},"5":{"loc":{"start":{"line":75,"column":2},"end":{"line":77,"column":3}},"type":"if","locations":[{"start":{"line":75,"column":2},"end":{"line":77,"column":3}}]},"6":{"loc":{"start":{"line":85,"column":2},"end":{"line":87,"column":3}},"type":"if","locations":[{"start":{"line":85,"column":2},"end":{"line":87,"column":3}}]}},"s":{"0":1,"1":0,"2":0,"3":0,"4":0,"5":0,"6":0,"7":0,"8":0,"9":0,"10":0,"11":0,"12":0,"13":0,"14":0,"15":0,"16":0,"17":0,"18":0,"19":0,"20":0,"21":0,"22":0,"23":1,"24":7,"25":7,"26":29,"27":1,"28":28,"29":5,"30":1,"31":4,"32":4,"33":4,"34":20,"35":4,"36":0,"37":37,"38":1},"f":{"0":0,"1":0,"2":0,"3":0,"4":0,"5":7,"6":29,"7":5,"8":37},"b":{"0":[0],"1":[0],"2":[0],"3":[0],"4":[1],"5":[1],"6":[0]}}
,"C:\\Projects\\ood\\lab3\\ex2\\src\\OutputStream.ts": {"path":"C:\\Projects\\ood\\lab3\\ex2\\src\\OutputStream.ts","statementMap":{"0":{"start":{"line":1,"column":0},"end":{"line":1,"column":25}},"1":{"start":{"line":8,"column":2},"end":{"line":8,"column":52}},"2":{"start":{"line":12,"column":17},"end":{"line":12,"column":46}},"3":{"start":{"line":13,"column":23},"end":{"line":13,"column":65}},"4":{"start":{"line":15,"column":2},"end":{"line":17,"column":3}},"5":{"start":{"line":16,"column":3},"end":{"line":16,"column":44}},"6":{"start":{"line":21,"column":2},"end":{"line":23,"column":3}},"7":{"start":{"line":22,"column":3},"end":{"line":22,"column":74}},"8":{"start":{"line":25,"column":17},"end":{"line":25,"column":36}},"9":{"start":{"line":26,"column":23},"end":{"line":26,"column":65}},"10":{"start":{"line":28,"column":2},"end":{"line":30,"column":3}},"11":{"start":{"line":29,"column":3},"end":{"line":29,"column":44}},"12":{"start":{"line":34,"column":2},"end":{"line":34,"column":37}},"13":{"start":{"line":73,"column":8},"end":{"line":73,"column":24}},"14":{"start":{"line":43,"column":2},"end":{"line":43,"column":36}},"15":{"start":{"line":44,"column":2},"end":{"line":44,"column":21}},"16":{"start":{"line":48,"column":2},"end":{"line":50,"column":3}},"17":{"start":{"line":49,"column":3},"end":{"line":49,"column":66}},"18":{"start":{"line":52,"column":2},"end":{"line":52,"column":64}},"19":{"start":{"line":53,"column":2},"end":{"line":53,"column":29}},"20":{"start":{"line":57,"column":2},"end":{"line":59,"column":3}},"21":{"start":{"line":58,"column":3},"end":{"line":58,"column":74}},"22":{"start":{"line":61,"column":2},"end":{"line":63,"column":3}},"23":{"start":{"line":62,"column":3},"end":{"line":62,"column":59}},"24":{"start":{"line":65,"column":2},"end":{"line":65,"column":38}},"25":{"start":{"line":69,"column":2},"end":{"line":69,"column":48}},"26":{"start":{"line":73,"column":26},"end":{"line":73,"column":44}}},"fnMap":{"0":{"name":"(anonymous_6)","decl":{"start":{"line":7,"column":1},"end":{"line":7,"column":13}},"loc":{"start":{"line":7,"column":29},"end":{"line":9,"column":2}}},"1":{"name":"(anonymous_7)","decl":{"start":{"line":11,"column":1},"end":{"line":11,"column":11}},"loc":{"start":{"line":11,"column":49},"end":{"line":18,"column":2}}},"2":{"name":"(anonymous_8)","decl":{"start":{"line":20,"column":1},"end":{"line":20,"column":10}},"loc":{"start":{"line":20,"column":23},"end":{"line":31,"column":2}}},"3":{"name":"(anonymous_9)","decl":{"start":{"line":33,"column":1},"end":{"line":33,"column":6}},"loc":{"start":{"line":33,"column":6},"end":{"line":35,"column":2}}},"4":{"name":"(anonymous_10)","decl":{"start":{"line":42,"column":1},"end":{"line":42,"column":null}},"loc":{"start":{"line":42,"column":1},"end":{"line":45,"column":2}}},"5":{"name":"(anonymous_11)","decl":{"start":{"line":47,"column":1},"end":{"line":47,"column":11}},"loc":{"start":{"line":47,"column":49},"end":{"line":54,"column":2}}},"6":{"name":"(anonymous_12)","decl":{"start":{"line":56,"column":1},"end":{"line":56,"column":10}},"loc":{"start":{"line":56,"column":23},"end":{"line":66,"column":2}}},"7":{"name":"(anonymous_13)","decl":{"start":{"line":68,"column":1},"end":{"line":68,"column":8}},"loc":{"start":{"line":68,"column":8},"end":{"line":70,"column":2}}}},"branchMap":{"0":{"loc":{"start":{"line":15,"column":2},"end":{"line":17,"column":3}},"type":"if","locations":[{"start":{"line":15,"column":2},"end":{"line":17,"column":3}}]},"1":{"loc":{"start":{"line":21,"column":2},"end":{"line":23,"column":3}},"type":"if","locations":[{"start":{"line":21,"column":2},"end":{"line":23,"column":3}}]},"2":{"loc":{"start":{"line":21,"column":6},"end":{"line":21,"column":28}},"type":"binary-expr","locations":[{"start":{"line":21,"column":6},"end":{"line":21,"column":14}},{"start":{"line":21,"column":18},"end":{"line":21,"column":28}}]},"3":{"loc":{"start":{"line":28,"column":2},"end":{"line":30,"column":3}},"type":"if","locations":[{"start":{"line":28,"column":2},"end":{"line":30,"column":3}}]},"4":{"loc":{"start":{"line":48,"column":2},"end":{"line":50,"column":3}},"type":"if","locations":[{"start":{"line":48,"column":2},"end":{"line":50,"column":3}}]},"5":{"loc":{"start":{"line":57,"column":2},"end":{"line":59,"column":3}},"type":"if","locations":[{"start":{"line":57,"column":2},"end":{"line":59,"column":3}}]},"6":{"loc":{"start":{"line":57,"column":6},"end":{"line":57,"column":28}},"type":"binary-expr","locations":[{"start":{"line":57,"column":6},"end":{"line":57,"column":14}},{"start":{"line":57,"column":18},"end":{"line":57,"column":28}}]},"7":{"loc":{"start":{"line":61,"column":2},"end":{"line":63,"column":3}},"type":"if","locations":[{"start":{"line":61,"column":2},"end":{"line":63,"column":3}}]}},"s":{"0":1,"1":0,"2":0,"3":0,"4":0,"5":0,"6":0,"7":0,"8":0,"9":0,"10":0,"11":0,"12":0,"13":1,"14":4,"15":4,"16":3,"17":1,"18":2,"19":2,"20":4,"21":2,"22":2,"23":1,"24":1,"25":2,"26":1},"f":{"0":0,"1":0,"2":0,"3":0,"4":4,"5":3,"6":4,"7":2},"b":{"0":[0],"1":[0],"2":[0,0],"3":[0],"4":[1],"5":[2],"6":[4,3],"7":[1]}}
,"C:\\Projects\\ood\\lab3\\ex2\\src\\StreamDecorators.ts": {"path":"C:\\Projects\\ood\\lab3\\ex2\\src\\StreamDecorators.ts","statementMap":{"0":{"start":{"line":2,"column":0},"end":{"line":2,"column":56}},"1":{"start":{"line":10,"column":2},"end":{"line":10,"column":34}},"2":{"start":{"line":11,"column":2},"end":{"line":11,"column":64}},"3":{"start":{"line":15,"column":16},"end":{"line":15,"column":35}},"4":{"start":{"line":16,"column":2},"end":{"line":16,"column":45}},"5":{"start":{"line":16,"column":15},"end":{"line":16,"column":16}},"6":{"start":{"line":16,"column":32},"end":{"line":16,"column":45}},"7":{"start":{"line":19,"column":15},"end":{"line":19,"column":39}},"8":{"start":{"line":20,"column":2},"end":{"line":23,"column":3}},"9":{"start":{"line":20,"column":15},"end":{"line":20,"column":18}},"10":{"start":{"line":21,"column":13},"end":{"line":21,"column":48}},"11":{"start":{"line":22,"column":3},"end":{"line":22,"column":47}},"12":{"start":{"line":25,"column":2},"end":{"line":25,"column":15}},"13":{"start":{"line":29,"column":15},"end":{"line":29,"column":43}},"14":{"start":{"line":30,"column":2},"end":{"line":30,"column":39}},"15":{"start":{"line":34,"column":2},"end":{"line":36,"column":3}},"16":{"start":{"line":34,"column":15},"end":{"line":34,"column":16}},"17":{"start":{"line":35,"column":3},"end":{"line":35,"column":45}},"18":{"start":{"line":40,"column":2},"end":{"line":40,"column":35}},"19":{"start":{"line":132,"column":8},"end":{"line":132,"column":29}},"20":{"start":{"line":49,"column":2},"end":{"line":49,"column":34}},"21":{"start":{"line":50,"column":2},"end":{"line":50,"column":64}},"22":{"start":{"line":55,"column":16},"end":{"line":55,"column":35}},"23":{"start":{"line":56,"column":19},"end":{"line":56,"column":38}},"24":{"start":{"line":57,"column":2},"end":{"line":57,"column":45}},"25":{"start":{"line":57,"column":15},"end":{"line":57,"column":16}},"26":{"start":{"line":57,"column":32},"end":{"line":57,"column":45}},"27":{"start":{"line":59,"column":15},"end":{"line":59,"column":39}},"28":{"start":{"line":60,"column":2},"end":{"line":63,"column":3}},"29":{"start":{"line":60,"column":15},"end":{"line":60,"column":18}},"30":{"start":{"line":61,"column":13},"end":{"line":61,"column":48}},"31":{"start":{"line":62,"column":3},"end":{"line":62,"column":47}},"32":{"start":{"line":65,"column":2},"end":{"line":67,"column":3}},"33":{"start":{"line":65,"column":15},"end":{"line":65,"column":18}},"34":{"start":{"line":66,"column":3},"end":{"line":66,"column":51}},"35":{"start":{"line":66,"column":40},"end":{"line":66,"column":49}},"36":{"start":{"line":69,"column":2},"end":{"line":69,"column":18}},"37":{"start":{"line":73,"column":15},"end":{"line":73,"column":43}},"38":{"start":{"line":74,"column":2},"end":{"line":74,"column":39}},"39":{"start":{"line":78,"column":2},"end":{"line":80,"column":3}},"40":{"start":{"line":78,"column":15},"end":{"line":78,"column":16}},"41":{"start":{"line":79,"column":3},"end":{"line":79,"column":45}},"42":{"start":{"line":84,"column":2},"end":{"line":84,"column":35}},"43":{"start":{"line":132,"column":55},"end":{"line":132,"column":76}},"44":{"start":{"line":93,"column":2},"end":{"line":93,"column":36}},"45":{"start":{"line":94,"column":2},"end":{"line":94,"column":64}},"46":{"start":{"line":99,"column":16},"end":{"line":99,"column":35}},"47":{"start":{"line":100,"column":19},"end":{"line":100,"column":38}},"48":{"start":{"line":101,"column":2},"end":{"line":101,"column":45}},"49":{"start":{"line":101,"column":15},"end":{"line":101,"column":16}},"50":{"start":{"line":101,"column":32},"end":{"line":101,"column":45}},"51":{"start":{"line":103,"column":15},"end":{"line":103,"column":39}},"52":{"start":{"line":104,"column":2},"end":{"line":107,"column":3}},"53":{"start":{"line":104,"column":15},"end":{"line":104,"column":18}},"54":{"start":{"line":105,"column":13},"end":{"line":105,"column":48}},"55":{"start":{"line":106,"column":3},"end":{"line":106,"column":47}},"56":{"start":{"line":109,"column":2},"end":{"line":111,"column":3}},"57":{"start":{"line":109,"column":15},"end":{"line":109,"column":18}},"58":{"start":{"line":110,"column":3},"end":{"line":110,"column":51}},"59":{"start":{"line":110,"column":40},"end":{"line":110,"column":49}},"60":{"start":{"line":113,"column":2},"end":{"line":113,"column":18}},"61":{"start":{"line":117,"column":23},"end":{"line":117,"column":52}},"62":{"start":{"line":118,"column":2},"end":{"line":118,"column":45}},"63":{"start":{"line":122,"column":23},"end":{"line":122,"column":47}},"64":{"start":{"line":124,"column":2},"end":{"line":126,"column":3}},"65":{"start":{"line":124,"column":15},"end":{"line":124,"column":16}},"66":{"start":{"line":125,"column":3},"end":{"line":125,"column":57}},"67":{"start":{"line":128,"column":2},"end":{"line":128,"column":56}},"68":{"start":{"line":132,"column":31},"end":{"line":132,"column":53}}},"fnMap":{"0":{"name":"(anonymous_1)","decl":{"start":{"line":9,"column":1},"end":{"line":9,"column":13}},"loc":{"start":{"line":9,"column":51},"end":{"line":12,"column":2}}},"1":{"name":"(anonymous_2)","decl":{"start":{"line":14,"column":9},"end":{"line":14,"column":34}},"loc":{"start":{"line":14,"column":46},"end":{"line":26,"column":2}}},"2":{"name":"(anonymous_3)","decl":{"start":{"line":28,"column":1},"end":{"line":28,"column":9}},"loc":{"start":{"line":28,"column":9},"end":{"line":31,"column":2}}},"3":{"name":"(anonymous_4)","decl":{"start":{"line":33,"column":1},"end":{"line":33,"column":10}},"loc":{"start":{"line":33,"column":56},"end":{"line":37,"column":2}}},"4":{"name":"(anonymous_5)","decl":{"start":{"line":39,"column":1},"end":{"line":39,"column":6}},"loc":{"start":{"line":39,"column":6},"end":{"line":41,"column":2}}},"5":{"name":"(anonymous_6)","decl":{"start":{"line":48,"column":1},"end":{"line":48,"column":13}},"loc":{"start":{"line":48,"column":51},"end":{"line":51,"column":2}}},"6":{"name":"(anonymous_7)","decl":{"start":{"line":53,"column":9},"end":{"line":53,"column":34}},"loc":{"start":{"line":53,"column":46},"end":{"line":70,"column":2}}},"7":{"name":"(anonymous_8)","decl":{"start":{"line":66,"column":33},"end":{"line":66,"column":36}},"loc":{"start":{"line":66,"column":40},"end":{"line":66,"column":49}}},"8":{"name":"(anonymous_9)","decl":{"start":{"line":72,"column":1},"end":{"line":72,"column":9}},"loc":{"start":{"line":72,"column":9},"end":{"line":75,"column":2}}},"9":{"name":"(anonymous_10)","decl":{"start":{"line":77,"column":1},"end":{"line":77,"column":10}},"loc":{"start":{"line":77,"column":56},"end":{"line":81,"column":2}}},"10":{"name":"(anonymous_11)","decl":{"start":{"line":83,"column":1},"end":{"line":83,"column":6}},"loc":{"start":{"line":83,"column":6},"end":{"line":85,"column":2}}},"11":{"name":"(anonymous_12)","decl":{"start":{"line":92,"column":1},"end":{"line":92,"column":13}},"loc":{"start":{"line":92,"column":53},"end":{"line":95,"column":2}}},"12":{"name":"(anonymous_13)","decl":{"start":{"line":97,"column":9},"end":{"line":97,"column":34}},"loc":{"start":{"line":97,"column":46},"end":{"line":114,"column":2}}},"13":{"name":"(anonymous_14)","decl":{"start":{"line":110,"column":33},"end":{"line":110,"column":36}},"loc":{"start":{"line":110,"column":40},"end":{"line":110,"column":49}}},"14":{"name":"(anonymous_15)","decl":{"start":{"line":116,"column":1},"end":{"line":116,"column":10}},"loc":{"start":{"line":116,"column":23},"end":{"line":119,"column":2}}},"15":{"name":"(anonymous_16)","decl":{"start":{"line":121,"column":1},"end":{"line":121,"column":11}},"loc":{"start":{"line":121,"column":49},"end":{"line":129,"column":2}}}},"branchMap":{"0":{"loc":{"start":{"line":35,"column":24},"end":{"line":35,"column":44}},"type":"binary-expr","locations":[{"start":{"line":35,"column":24},"end":{"line":35,"column":39}},{"start":{"line":35,"column":43},"end":{"line":35,"column":44}}]},"1":{"loc":{"start":{"line":79,"column":24},"end":{"line":79,"column":44}},"type":"binary-expr","locations":[{"start":{"line":79,"column":24},"end":{"line":79,"column":39}},{"start":{"line":79,"column":43},"end":{"line":79,"column":44}}]}},"s":{"0":1,"1":1,"2":1,"3":1,"4":1,"5":1,"6":256,"7":1,"8":1,"9":1,"10":255,"11":255,"12":1,"13":5,"14":5,"15":0,"16":0,"17":0,"18":0,"19":1,"20":1,"21":1,"22":1,"23":1,"24":1,"25":1,"26":256,"27":1,"28":1,"29":1,"30":255,"31":255,"32":1,"33":1,"34":255,"35":32749,"36":1,"37":5,"38":5,"39":1,"40":1,"41":5,"42":0,"43":1,"44":0,"45":0,"46":0,"47":0,"48":0,"49":0,"50":0,"51":0,"52":0,"53":0,"54":0,"55":0,"56":0,"57":0,"58":0,"59":0,"60":0,"61":0,"62":0,"63":0,"64":0,"65":0,"66":0,"67":0,"68":1},"f":{"0":1,"1":1,"2":5,"3":0,"4":0,"5":1,"6":1,"7":32749,"8":5,"9":1,"10":0,"11":0,"12":0,"13":0,"14":0,"15":0},"b":{"0":[0,0],"1":[5,0]}}
}
