TN:
SF:src\InputStream.ts
FN:9,(anonymous_6)
FN:15,(anonymous_7)
FN:32,(anonymous_8)
FN:48,(anonymous_9)
FN:52,(anonymous_10)
FN:61,(anonymous_11)
FN:66,(anonymous_12)
FN:74,(anonymous_13)
FN:90,(anonymous_14)
FNF:9
FNH:4
FNDA:0,(anonymous_6)
FNDA:0,(anonymous_7)
FNDA:0,(anonymous_8)
FNDA:0,(anonymous_9)
FNDA:0,(anonymous_10)
FNDA:7,(anonymous_11)
FNDA:29,(anonymous_12)
FNDA:5,(anonymous_13)
FNDA:37,(anonymous_14)
DA:1,1
DA:10,0
DA:11,0
DA:12,0
DA:16,0
DA:17,0
DA:20,0
DA:21,0
DA:23,0
DA:24,0
DA:27,0
DA:28,0
DA:29,0
DA:33,0
DA:34,0
DA:37,0
DA:38,0
DA:40,0
DA:41,0
DA:44,0
DA:45,0
DA:49,0
DA:53,0
DA:62,7
DA:63,7
DA:67,29
DA:68,1
DA:71,28
DA:75,5
DA:76,1
DA:79,4
DA:81,4
DA:82,20
DA:85,4
DA:86,0
DA:91,37
DA:95,1
LF:37
LH:14
BRDA:16,0,0,0
BRDA:23,1,0,0
BRDA:33,2,0,0
BRDA:40,3,0,0
BRDA:67,4,0,1
BRDA:75,5,0,1
BRDA:85,6,0,0
BRF:7
BRH:2
end_of_record
TN:
SF:src\OutputStream.ts
FN:7,(anonymous_6)
FN:11,(anonymous_7)
FN:20,(anonymous_8)
FN:33,(anonymous_9)
FN:42,(anonymous_10)
FN:47,(anonymous_11)
FN:56,(anonymous_12)
FN:68,(anonymous_13)
FNF:8
FNH:4
FNDA:0,(anonymous_6)
FNDA:0,(anonymous_7)
FNDA:0,(anonymous_8)
FNDA:0,(anonymous_9)
FNDA:4,(anonymous_10)
FNDA:3,(anonymous_11)
FNDA:4,(anonymous_12)
FNDA:2,(anonymous_13)
DA:1,1
DA:8,0
DA:12,0
DA:13,0
DA:15,0
DA:16,0
DA:21,0
DA:22,0
DA:25,0
DA:26,0
DA:28,0
DA:29,0
DA:34,0
DA:43,4
DA:44,4
DA:48,3
DA:49,1
DA:52,2
DA:53,2
DA:57,4
DA:58,2
DA:61,2
DA:62,1
DA:65,1
DA:69,2
DA:73,1
LF:26
LH:14
BRDA:15,0,0,0
BRDA:21,1,0,0
BRDA:21,2,0,0
BRDA:21,2,1,0
BRDA:28,3,0,0
BRDA:48,4,0,1
BRDA:57,5,0,2
BRDA:57,6,0,4
BRDA:57,6,1,3
BRDA:61,7,0,1
BRF:10
BRH:5
end_of_record
TN:
SF:src\StreamDecorators.ts
FN:9,(anonymous_1)
FN:14,(anonymous_2)
FN:28,(anonymous_3)
FN:33,(anonymous_4)
FN:39,(anonymous_5)
FN:48,(anonymous_6)
FN:53,(anonymous_7)
FN:66,(anonymous_8)
FN:72,(anonymous_9)
FN:77,(anonymous_10)
FN:83,(anonymous_11)
FN:92,(anonymous_12)
FN:97,(anonymous_13)
FN:110,(anonymous_14)
FN:116,(anonymous_15)
FN:121,(anonymous_16)
FNF:16
FNH:8
FNDA:1,(anonymous_1)
FNDA:1,(anonymous_2)
FNDA:5,(anonymous_3)
FNDA:0,(anonymous_4)
FNDA:0,(anonymous_5)
FNDA:1,(anonymous_6)
FNDA:1,(anonymous_7)
FNDA:32749,(anonymous_8)
FNDA:5,(anonymous_9)
FNDA:1,(anonymous_10)
FNDA:0,(anonymous_11)
FNDA:0,(anonymous_12)
FNDA:0,(anonymous_13)
FNDA:0,(anonymous_14)
FNDA:0,(anonymous_15)
FNDA:0,(anonymous_16)
DA:2,1
DA:10,1
DA:11,1
DA:15,1
DA:16,256
DA:19,1
DA:20,1
DA:21,255
DA:22,255
DA:25,1
DA:29,5
DA:30,5
DA:34,0
DA:35,0
DA:40,0
DA:49,1
DA:50,1
DA:55,1
DA:56,1
DA:57,256
DA:59,1
DA:60,1
DA:61,255
DA:62,255
DA:65,1
DA:66,32749
DA:69,1
DA:73,5
DA:74,5
DA:78,1
DA:79,5
DA:84,0
DA:93,0
DA:94,0
DA:99,0
DA:100,0
DA:101,0
DA:103,0
DA:104,0
DA:105,0
DA:106,0
DA:109,0
DA:110,0
DA:113,0
DA:117,0
DA:118,0
DA:122,0
DA:124,0
DA:125,0
DA:128,0
DA:132,1
LF:51
LH:29
BRDA:35,0,0,0
BRDA:35,0,1,0
BRDA:79,1,0,5
BRDA:79,1,1,0
BRF:4
BRH:1
end_of_record
