<?xml version="1.0" encoding="UTF-8"?>
<coverage generated="1726294773961" clover="3.2.0">
  <project timestamp="1726294773961" name="All files">
    <metrics statements="63" coveredstatements="54" conditionals="1" coveredconditionals="1" methods="29" coveredmethods="17" elements="93" coveredelements="72" complexity="0" loc="63" ncloc="63" packages="4" files="14" classes="14"/>
    <package name="Duck">
      <metrics statements="45" coveredstatements="38" conditionals="1" coveredconditionals="1" methods="20" coveredmethods="12"/>
      <file name="DecoyDuck.ts" path="C:\Projects\ood\lab1\FunDuck\src\lib\Duck\DecoyDuck.ts">
        <metrics statements="7" coveredstatements="6" conditionals="0" coveredconditionals="0" methods="3" coveredmethods="2"/>
        <line num="1" count="1" type="stmt"/>
        <line num="2" count="1" type="stmt"/>
        <line num="3" count="1" type="stmt"/>
        <line num="4" count="1" type="stmt"/>
        <line num="8" count="1" type="stmt"/>
        <line num="12" count="0" type="stmt"/>
        <line num="18" count="1" type="stmt"/>
      </file>
      <file name="Duck.ts" path="C:\Projects\ood\lab1\FunDuck\src\lib\Duck\Duck.ts">
        <metrics statements="10" coveredstatements="8" conditionals="1" coveredconditionals="1" methods="7" coveredmethods="4"/>
        <line num="7" count="6" type="stmt"/>
        <line num="8" count="6" type="stmt"/>
        <line num="9" count="6" type="stmt"/>
        <line num="13" count="1" type="stmt"/>
        <line num="17" count="0" type="stmt"/>
        <line num="21" count="2" type="cond" truecount="1" falsecount="0"/>
        <line num="23" count="1" type="stmt"/>
        <line num="28" count="2" type="stmt"/>
        <line num="32" count="0" type="stmt"/>
        <line num="38" count="1" type="stmt"/>
      </file>
      <file name="MallardDuck.ts" path="C:\Projects\ood\lab1\FunDuck\src\lib\Duck\MallardDuck.ts">
        <metrics statements="7" coveredstatements="6" conditionals="0" coveredconditionals="0" methods="2" coveredmethods="1"/>
        <line num="1" count="1" type="stmt"/>
        <line num="2" count="1" type="stmt"/>
        <line num="3" count="1" type="stmt"/>
        <line num="4" count="1" type="stmt"/>
        <line num="8" count="1" type="stmt"/>
        <line num="12" count="0" type="stmt"/>
        <line num="16" count="1" type="stmt"/>
      </file>
      <file name="ModelDuck.ts" path="C:\Projects\ood\lab1\FunDuck\src\lib\Duck\ModelDuck.ts">
        <metrics statements="7" coveredstatements="6" conditionals="0" coveredconditionals="0" methods="3" coveredmethods="2"/>
        <line num="1" count="1" type="stmt"/>
        <line num="2" count="1" type="stmt"/>
        <line num="3" count="1" type="stmt"/>
        <line num="4" count="1" type="stmt"/>
        <line num="8" count="2" type="stmt"/>
        <line num="12" count="0" type="stmt"/>
        <line num="18" count="1" type="stmt"/>
      </file>
      <file name="RedheadDuck.ts" path="C:\Projects\ood\lab1\FunDuck\src\lib\Duck\RedheadDuck.ts">
        <metrics statements="7" coveredstatements="6" conditionals="0" coveredconditionals="0" methods="2" coveredmethods="1"/>
        <line num="1" count="1" type="stmt"/>
        <line num="2" count="1" type="stmt"/>
        <line num="3" count="1" type="stmt"/>
        <line num="4" count="1" type="stmt"/>
        <line num="8" count="1" type="stmt"/>
        <line num="12" count="0" type="stmt"/>
        <line num="16" count="1" type="stmt"/>
      </file>
      <file name="RubberDuck.ts" path="C:\Projects\ood\lab1\FunDuck\src\lib\Duck\RubberDuck.ts">
        <metrics statements="7" coveredstatements="6" conditionals="0" coveredconditionals="0" methods="3" coveredmethods="2"/>
        <line num="1" count="1" type="stmt"/>
        <line num="2" count="1" type="stmt"/>
        <line num="3" count="1" type="stmt"/>
        <line num="4" count="1" type="stmt"/>
        <line num="8" count="1" type="stmt"/>
        <line num="12" count="0" type="stmt"/>
        <line num="18" count="1" type="stmt"/>
      </file>
    </package>
    <package name="Duck.Dance">
      <metrics statements="5" coveredstatements="5" conditionals="0" coveredconditionals="0" methods="3" coveredmethods="2"/>
      <file name="DanceMinuet.ts" path="C:\Projects\ood\lab1\FunDuck\src\lib\Duck\Dance\DanceMinuet.ts">
        <metrics statements="2" coveredstatements="2" conditionals="0" coveredconditionals="0" methods="1" coveredmethods="1"/>
        <line num="2" count="1" type="stmt"/>
        <line num="5" count="1" type="stmt"/>
      </file>
      <file name="DanceNoWay.ts" path="C:\Projects\ood\lab1\FunDuck\src\lib\Duck\Dance\DanceNoWay.ts">
        <metrics statements="1" coveredstatements="1" conditionals="0" coveredconditionals="0" methods="1" coveredmethods="0"/>
        <line num="3" count="1" type="stmt"/>
      </file>
      <file name="DanceWaltz.ts" path="C:\Projects\ood\lab1\FunDuck\src\lib\Duck\Dance\DanceWaltz.ts">
        <metrics statements="2" coveredstatements="2" conditionals="0" coveredconditionals="0" methods="1" coveredmethods="1"/>
        <line num="2" count="1" type="stmt"/>
        <line num="5" count="1" type="stmt"/>
      </file>
    </package>
    <package name="Duck.Fly">
      <metrics statements="8" coveredstatements="7" conditionals="0" coveredconditionals="0" methods="3" coveredmethods="2"/>
      <file name="FlyNoWay.ts" path="C:\Projects\ood\lab1\FunDuck\src\lib\Duck\Fly\FlyNoWay.ts">
        <metrics statements="2" coveredstatements="1" conditionals="0" coveredconditionals="0" methods="1" coveredmethods="0"/>
        <line num="2" count="0" type="stmt"/>
        <line num="5" count="1" type="stmt"/>
      </file>
      <file name="FlyWithWings.ts" path="C:\Projects\ood\lab1\FunDuck\src\lib\Duck\Fly\FlyWithWings.ts">
        <metrics statements="6" coveredstatements="6" conditionals="0" coveredconditionals="0" methods="2" coveredmethods="2"/>
        <line num="2" count="2" type="stmt"/>
        <line num="3" count="2" type="stmt"/>
        <line num="4" count="2" type="stmt"/>
        <line num="5" count="2" type="stmt"/>
        <line num="6" count="2" type="stmt"/>
        <line num="10" count="1" type="stmt"/>
      </file>
    </package>
    <package name="Duck.Quack">
      <metrics statements="5" coveredstatements="4" conditionals="0" coveredconditionals="0" methods="3" coveredmethods="1"/>
      <file name="MuteQuackBehavior.ts" path="C:\Projects\ood\lab1\FunDuck\src\lib\Duck\Quack\MuteQuackBehavior.ts">
        <metrics statements="1" coveredstatements="1" conditionals="0" coveredconditionals="0" methods="1" coveredmethods="0"/>
        <line num="3" count="1" type="stmt"/>
      </file>
      <file name="QuackBehavior.ts" path="C:\Projects\ood\lab1\FunDuck\src\lib\Duck\Quack\QuackBehavior.ts">
        <metrics statements="2" coveredstatements="2" conditionals="0" coveredconditionals="0" methods="1" coveredmethods="1"/>
        <line num="2" count="2" type="stmt"/>
        <line num="5" count="1" type="stmt"/>
      </file>
      <file name="SqueakBehavior.ts" path="C:\Projects\ood\lab1\FunDuck\src\lib\Duck\Quack\SqueakBehavior.ts">
        <metrics statements="2" coveredstatements="1" conditionals="0" coveredconditionals="0" methods="1" coveredmethods="0"/>
        <line num="2" count="0" type="stmt"/>
        <line num="5" count="1" type="stmt"/>
      </file>
    </package>
  </project>
</coverage>
