{"C:\\Projects\\ood\\lab1\\FunDuck\\src\\lib\\Duck\\DecoyDuck.ts": {"path":"C:\\Projects\\ood\\lab1\\FunDuck\\src\\lib\\Duck\\DecoyDuck.ts","statementMap":{"0":{"start":{"line":1,"column":0},"end":{"line":1,"column":28}},"1":{"start":{"line":2,"column":0},"end":{"line":2,"column":40}},"2":{"start":{"line":3,"column":0},"end":{"line":3,"column":60}},"3":{"start":{"line":4,"column":0},"end":{"line":4,"column":46}},"4":{"start":{"line":8,"column":2},"end":{"line":8,"column":49}},"5":{"start":{"line":12,"column":2},"end":{"line":12,"column":null}},"6":{"start":{"line":18,"column":8},"end":{"line":18,"column":17}}},"fnMap":{"0":{"name":"(anonymous_0)","decl":{"start":{"line":7,"column":1},"end":{"line":7,"column":null}},"loc":{"start":{"line":7,"column":1},"end":{"line":9,"column":2}}},"1":{"name":"(anonymous_1)","decl":{"start":{"line":11,"column":1},"end":{"line":11,"column":8}},"loc":{"start":{"line":11,"column":8},"end":{"line":13,"column":2}}},"2":{"name":"(anonymous_2)","decl":{"start":{"line":15,"column":1},"end":{"line":15,"column":6}},"loc":{"start":{"line":15,"column":6},"end":{"line":15,"column":11}}}},"branchMap":{},"s":{"0":1,"1":1,"2":1,"3":1,"4":1,"5":0,"6":1},"f":{"0":1,"1":0,"2":1},"b":{}}
,"C:\\Projects\\ood\\lab1\\FunDuck\\src\\lib\\Duck\\Duck.ts": {"path":"C:\\Projects\\ood\\lab1\\FunDuck\\src\\lib\\Duck\\Duck.ts","statementMap":{"0":{"start":{"line":7,"column":2},"end":{"line":7,"column":null}},"1":{"start":{"line":8,"column":2},"end":{"line":8,"column":null}},"2":{"start":{"line":9,"column":2},"end":{"line":9,"column":null}},"3":{"start":{"line":13,"column":2},"end":{"line":13,"column":null}},"4":{"start":{"line":17,"column":2},"end":{"line":17,"column":null}},"5":{"start":{"line":21,"column":2},"end":{"line":24,"column":3}},"6":{"start":{"line":23,"column":3},"end":{"line":23,"column":25}},"7":{"start":{"line":28,"column":2},"end":{"line":28,"column":24}},"8":{"start":{"line":32,"column":2},"end":{"line":32,"column":null}},"9":{"start":{"line":38,"column":8},"end":{"line":38,"column":12}}},"fnMap":{"0":{"name":"(anonymous_0)","decl":{"start":{"line":6,"column":1},"end":{"line":6,"column":13}},"loc":{"start":{"line":6,"column":92},"end":{"line":10,"column":2}}},"1":{"name":"(anonymous_1)","decl":{"start":{"line":12,"column":1},"end":{"line":12,"column":6}},"loc":{"start":{"line":12,"column":6},"end":{"line":14,"column":2}}},"2":{"name":"(anonymous_2)","decl":{"start":{"line":16,"column":1},"end":{"line":16,"column":5}},"loc":{"start":{"line":16,"column":5},"end":{"line":18,"column":2}}},"3":{"name":"(anonymous_3)","decl":{"start":{"line":20,"column":1},"end":{"line":20,"column":4}},"loc":{"start":{"line":20,"column":4},"end":{"line":25,"column":2}}},"4":{"name":"(anonymous_4)","decl":{"start":{"line":27,"column":1},"end":{"line":27,"column":6}},"loc":{"start":{"line":27,"column":6},"end":{"line":29,"column":2}}},"5":{"name":"(anonymous_5)","decl":{"start":{"line":31,"column":1},"end":{"line":31,"column":15}},"loc":{"start":{"line":31,"column":35},"end":{"line":33,"column":2}}},"6":{"name":"(anonymous_6)","decl":{"start":{"line":35,"column":1},"end":{"line":35,"column":8}},"loc":{"start":{"line":35,"column":8},"end":{"line":35,"column":13}}}},"branchMap":{"0":{"loc":{"start":{"line":21,"column":2},"end":{"line":24,"column":3}},"type":"if","locations":[{"start":{"line":21,"column":2},"end":{"line":24,"column":3}}]}},"s":{"0":6,"1":6,"2":6,"3":1,"4":0,"5":2,"6":1,"7":2,"8":0,"9":1},"f":{"0":6,"1":1,"2":0,"3":2,"4":2,"5":0,"6":0},"b":{"0":[1]}}
,"C:\\Projects\\ood\\lab1\\FunDuck\\src\\lib\\Duck\\MallardDuck.ts": {"path":"C:\\Projects\\ood\\lab1\\FunDuck\\src\\lib\\Duck\\MallardDuck.ts","statementMap":{"0":{"start":{"line":1,"column":0},"end":{"line":1,"column":28}},"1":{"start":{"line":2,"column":0},"end":{"line":2,"column":46}},"2":{"start":{"line":3,"column":0},"end":{"line":3,"column":52}},"3":{"start":{"line":4,"column":0},"end":{"line":4,"column":52}},"4":{"start":{"line":8,"column":2},"end":{"line":8,"column":55}},"5":{"start":{"line":12,"column":2},"end":{"line":12,"column":null}},"6":{"start":{"line":16,"column":8},"end":{"line":16,"column":19}}},"fnMap":{"0":{"name":"(anonymous_0)","decl":{"start":{"line":7,"column":1},"end":{"line":7,"column":null}},"loc":{"start":{"line":7,"column":1},"end":{"line":9,"column":2}}},"1":{"name":"(anonymous_1)","decl":{"start":{"line":11,"column":1},"end":{"line":11,"column":8}},"loc":{"start":{"line":11,"column":8},"end":{"line":13,"column":2}}}},"branchMap":{},"s":{"0":1,"1":1,"2":1,"3":1,"4":1,"5":0,"6":1},"f":{"0":1,"1":0},"b":{}}
,"C:\\Projects\\ood\\lab1\\FunDuck\\src\\lib\\Duck\\ModelDuck.ts": {"path":"C:\\Projects\\ood\\lab1\\FunDuck\\src\\lib\\Duck\\ModelDuck.ts","statementMap":{"0":{"start":{"line":1,"column":0},"end":{"line":1,"column":28}},"1":{"start":{"line":2,"column":0},"end":{"line":2,"column":40}},"2":{"start":{"line":3,"column":0},"end":{"line":3,"column":52}},"3":{"start":{"line":4,"column":0},"end":{"line":4,"column":46}},"4":{"start":{"line":8,"column":2},"end":{"line":8,"column":45}},"5":{"start":{"line":12,"column":2},"end":{"line":12,"column":null}},"6":{"start":{"line":18,"column":8},"end":{"line":18,"column":17}}},"fnMap":{"0":{"name":"(anonymous_0)","decl":{"start":{"line":7,"column":1},"end":{"line":7,"column":null}},"loc":{"start":{"line":7,"column":1},"end":{"line":9,"column":2}}},"1":{"name":"(anonymous_1)","decl":{"start":{"line":11,"column":1},"end":{"line":11,"column":8}},"loc":{"start":{"line":11,"column":8},"end":{"line":13,"column":2}}},"2":{"name":"(anonymous_2)","decl":{"start":{"line":15,"column":1},"end":{"line":15,"column":6}},"loc":{"start":{"line":15,"column":6},"end":{"line":15,"column":11}}}},"branchMap":{},"s":{"0":1,"1":1,"2":1,"3":1,"4":2,"5":0,"6":1},"f":{"0":2,"1":0,"2":2},"b":{}}
,"C:\\Projects\\ood\\lab1\\FunDuck\\src\\lib\\Duck\\RedheadDuck.ts": {"path":"C:\\Projects\\ood\\lab1\\FunDuck\\src\\lib\\Duck\\RedheadDuck.ts","statementMap":{"0":{"start":{"line":1,"column":0},"end":{"line":1,"column":28}},"1":{"start":{"line":2,"column":0},"end":{"line":2,"column":48}},"2":{"start":{"line":3,"column":0},"end":{"line":3,"column":52}},"3":{"start":{"line":4,"column":0},"end":{"line":4,"column":52}},"4":{"start":{"line":8,"column":2},"end":{"line":8,"column":56}},"5":{"start":{"line":12,"column":2},"end":{"line":12,"column":null}},"6":{"start":{"line":16,"column":8},"end":{"line":16,"column":19}}},"fnMap":{"0":{"name":"(anonymous_0)","decl":{"start":{"line":7,"column":1},"end":{"line":7,"column":null}},"loc":{"start":{"line":7,"column":1},"end":{"line":9,"column":2}}},"1":{"name":"(anonymous_1)","decl":{"start":{"line":11,"column":1},"end":{"line":11,"column":8}},"loc":{"start":{"line":11,"column":8},"end":{"line":13,"column":2}}}},"branchMap":{},"s":{"0":1,"1":1,"2":1,"3":1,"4":1,"5":0,"6":1},"f":{"0":1,"1":0},"b":{}}
,"C:\\Projects\\ood\\lab1\\FunDuck\\src\\lib\\Duck\\RubberDuck.ts": {"path":"C:\\Projects\\ood\\lab1\\FunDuck\\src\\lib\\Duck\\RubberDuck.ts","statementMap":{"0":{"start":{"line":1,"column":0},"end":{"line":1,"column":28}},"1":{"start":{"line":2,"column":0},"end":{"line":2,"column":46}},"2":{"start":{"line":3,"column":0},"end":{"line":3,"column":54}},"3":{"start":{"line":4,"column":0},"end":{"line":4,"column":40}},"4":{"start":{"line":8,"column":2},"end":{"line":8,"column":46}},"5":{"start":{"line":12,"column":2},"end":{"line":12,"column":null}},"6":{"start":{"line":18,"column":8},"end":{"line":18,"column":18}}},"fnMap":{"0":{"name":"(anonymous_0)","decl":{"start":{"line":7,"column":1},"end":{"line":7,"column":null}},"loc":{"start":{"line":7,"column":1},"end":{"line":9,"column":2}}},"1":{"name":"(anonymous_1)","decl":{"start":{"line":11,"column":1},"end":{"line":11,"column":8}},"loc":{"start":{"line":11,"column":8},"end":{"line":13,"column":2}}},"2":{"name":"(anonymous_2)","decl":{"start":{"line":15,"column":1},"end":{"line":15,"column":6}},"loc":{"start":{"line":15,"column":6},"end":{"line":15,"column":11}}}},"branchMap":{},"s":{"0":1,"1":1,"2":1,"3":1,"4":1,"5":0,"6":1},"f":{"0":1,"1":0,"2":1},"b":{}}
,"C:\\Projects\\ood\\lab1\\FunDuck\\src\\lib\\Duck\\Dance\\DanceMinuet.ts": {"path":"C:\\Projects\\ood\\lab1\\FunDuck\\src\\lib\\Duck\\Dance\\DanceMinuet.ts","statementMap":{"0":{"start":{"line":5,"column":8},"end":{"line":5,"column":19}},"1":{"start":{"line":2,"column":1},"end":{"line":2,"column":null}}},"fnMap":{"0":{"name":"danceMinuet","decl":{"start":{"line":1,"column":9},"end":{"line":1,"column":20}},"loc":{"start":{"line":1,"column":20},"end":{"line":3,"column":1}}}},"branchMap":{},"s":{"0":1,"1":1},"f":{"0":1},"b":{}}
,"C:\\Projects\\ood\\lab1\\FunDuck\\src\\lib\\Duck\\Dance\\DanceNoWay.ts": {"path":"C:\\Projects\\ood\\lab1\\FunDuck\\src\\lib\\Duck\\Dance\\DanceNoWay.ts","statementMap":{"0":{"start":{"line":3,"column":8},"end":{"line":3,"column":18}}},"fnMap":{"0":{"name":"danceNoWay","decl":{"start":{"line":1,"column":9},"end":{"line":1,"column":19}},"loc":{"start":{"line":1,"column":19},"end":{"line":1,"column":24}}}},"branchMap":{},"s":{"0":1},"f":{"0":0},"b":{}}
,"C:\\Projects\\ood\\lab1\\FunDuck\\src\\lib\\Duck\\Dance\\DanceWaltz.ts": {"path":"C:\\Projects\\ood\\lab1\\FunDuck\\src\\lib\\Duck\\Dance\\DanceWaltz.ts","statementMap":{"0":{"start":{"line":5,"column":8},"end":{"line":5,"column":18}},"1":{"start":{"line":2,"column":1},"end":{"line":2,"column":null}}},"fnMap":{"0":{"name":"danceWaltz","decl":{"start":{"line":1,"column":9},"end":{"line":1,"column":19}},"loc":{"start":{"line":1,"column":19},"end":{"line":3,"column":1}}}},"branchMap":{},"s":{"0":1,"1":1},"f":{"0":1},"b":{}}
,"C:\\Projects\\ood\\lab1\\FunDuck\\src\\lib\\Duck\\Fly\\FlyNoWay.ts": {"path":"C:\\Projects\\ood\\lab1\\FunDuck\\src\\lib\\Duck\\Fly\\FlyNoWay.ts","statementMap":{"0":{"start":{"line":5,"column":8},"end":{"line":5,"column":16}},"1":{"start":{"line":2,"column":1},"end":{"line":2,"column":null}}},"fnMap":{"0":{"name":"flyNoWay","decl":{"start":{"line":1,"column":9},"end":{"line":1,"column":17}},"loc":{"start":{"line":1,"column":17},"end":{"line":3,"column":1}}}},"branchMap":{},"s":{"0":1,"1":0},"f":{"0":0},"b":{}}
,"C:\\Projects\\ood\\lab1\\FunDuck\\src\\lib\\Duck\\Fly\\FlyWithWings.ts": {"path":"C:\\Projects\\ood\\lab1\\FunDuck\\src\\lib\\Duck\\Fly\\FlyWithWings.ts","statementMap":{"0":{"start":{"line":10,"column":8},"end":{"line":10,"column":24}},"1":{"start":{"line":2,"column":22},"end":{"line":2,"column":23}},"2":{"start":{"line":3,"column":1},"end":{"line":7,"column":null}},"3":{"start":{"line":4,"column":2},"end":{"line":4,"column":19}},"4":{"start":{"line":5,"column":2},"end":{"line":5,"column":66}},"5":{"start":{"line":6,"column":2},"end":{"line":6,"column":24}}},"fnMap":{"0":{"name":"makeFlyWithWings","decl":{"start":{"line":1,"column":9},"end":{"line":1,"column":25}},"loc":{"start":{"line":1,"column":25},"end":{"line":8,"column":1}}},"1":{"name":"(anonymous_1)","decl":{"start":{"line":3,"column":8},"end":{"line":3,"column":11}},"loc":{"start":{"line":3,"column":13},"end":{"line":7,"column":2}}}},"branchMap":{},"s":{"0":1,"1":2,"2":2,"3":2,"4":2,"5":2},"f":{"0":2,"1":2},"b":{}}
,"C:\\Projects\\ood\\lab1\\FunDuck\\src\\lib\\Duck\\Quack\\MuteQuackBehavior.ts": {"path":"C:\\Projects\\ood\\lab1\\FunDuck\\src\\lib\\Duck\\Quack\\MuteQuackBehavior.ts","statementMap":{"0":{"start":{"line":3,"column":8},"end":{"line":3,"column":25}}},"fnMap":{"0":{"name":"muteQuackBehavior","decl":{"start":{"line":1,"column":9},"end":{"line":1,"column":26}},"loc":{"start":{"line":1,"column":26},"end":{"line":1,"column":31}}}},"branchMap":{},"s":{"0":1},"f":{"0":0},"b":{}}
,"C:\\Projects\\ood\\lab1\\FunDuck\\src\\lib\\Duck\\Quack\\QuackBehavior.ts": {"path":"C:\\Projects\\ood\\lab1\\FunDuck\\src\\lib\\Duck\\Quack\\QuackBehavior.ts","statementMap":{"0":{"start":{"line":5,"column":8},"end":{"line":5,"column":21}},"1":{"start":{"line":2,"column":1},"end":{"line":2,"column":null}}},"fnMap":{"0":{"name":"quackBehavior","decl":{"start":{"line":1,"column":9},"end":{"line":1,"column":22}},"loc":{"start":{"line":1,"column":22},"end":{"line":3,"column":1}}}},"branchMap":{},"s":{"0":1,"1":2},"f":{"0":2},"b":{}}
,"C:\\Projects\\ood\\lab1\\FunDuck\\src\\lib\\Duck\\Quack\\SqueakBehavior.ts": {"path":"C:\\Projects\\ood\\lab1\\FunDuck\\src\\lib\\Duck\\Quack\\SqueakBehavior.ts","statementMap":{"0":{"start":{"line":5,"column":8},"end":{"line":5,"column":22}},"1":{"start":{"line":2,"column":1},"end":{"line":2,"column":null}}},"fnMap":{"0":{"name":"squeakBehavior","decl":{"start":{"line":1,"column":9},"end":{"line":1,"column":23}},"loc":{"start":{"line":1,"column":23},"end":{"line":3,"column":1}}}},"branchMap":{},"s":{"0":1,"1":0},"f":{"0":0},"b":{}}
}
