TN:
SF:src\lib\Duck\DecoyDuck.ts
FN:7,(anonymous_0)
FN:11,(anonymous_1)
FN:15,(anonymous_2)
FNF:3
FNH:2
FNDA:1,(anonymous_0)
FNDA:0,(anonymous_1)
FNDA:1,(anonymous_2)
DA:1,1
DA:2,1
DA:3,1
DA:4,1
DA:8,1
DA:12,0
DA:18,1
LF:7
LH:6
BRF:0
BRH:0
end_of_record
TN:
SF:src\lib\Duck\Duck.ts
FN:6,(anonymous_0)
FN:12,(anonymous_1)
FN:16,(anonymous_2)
FN:20,(anonymous_3)
FN:27,(anonymous_4)
FN:31,(anonymous_5)
FN:35,(anonymous_6)
FNF:7
FNH:4
FNDA:6,(anonymous_0)
FNDA:1,(anonymous_1)
FNDA:0,(anonymous_2)
FNDA:2,(anonymous_3)
FNDA:2,(anonymous_4)
FNDA:0,(anonymous_5)
FNDA:0,(anonymous_6)
DA:7,6
DA:8,6
DA:9,6
DA:13,1
DA:17,0
DA:21,2
DA:23,1
DA:28,2
DA:32,0
DA:38,1
LF:10
LH:8
BRDA:21,0,0,1
BRF:1
BRH:1
end_of_record
TN:
SF:src\lib\Duck\MallardDuck.ts
FN:7,(anonymous_0)
FN:11,(anonymous_1)
FNF:2
FNH:1
FNDA:1,(anonymous_0)
FNDA:0,(anonymous_1)
DA:1,1
DA:2,1
DA:3,1
DA:4,1
DA:8,1
DA:12,0
DA:16,1
LF:7
LH:6
BRF:0
BRH:0
end_of_record
TN:
SF:src\lib\Duck\ModelDuck.ts
FN:7,(anonymous_0)
FN:11,(anonymous_1)
FN:15,(anonymous_2)
FNF:3
FNH:2
FNDA:2,(anonymous_0)
FNDA:0,(anonymous_1)
FNDA:2,(anonymous_2)
DA:1,1
DA:2,1
DA:3,1
DA:4,1
DA:8,2
DA:12,0
DA:18,1
LF:7
LH:6
BRF:0
BRH:0
end_of_record
TN:
SF:src\lib\Duck\RedheadDuck.ts
FN:7,(anonymous_0)
FN:11,(anonymous_1)
FNF:2
FNH:1
FNDA:1,(anonymous_0)
FNDA:0,(anonymous_1)
DA:1,1
DA:2,1
DA:3,1
DA:4,1
DA:8,1
DA:12,0
DA:16,1
LF:7
LH:6
BRF:0
BRH:0
end_of_record
TN:
SF:src\lib\Duck\RubberDuck.ts
FN:7,(anonymous_0)
FN:11,(anonymous_1)
FN:15,(anonymous_2)
FNF:3
FNH:2
FNDA:1,(anonymous_0)
FNDA:0,(anonymous_1)
FNDA:1,(anonymous_2)
DA:1,1
DA:2,1
DA:3,1
DA:4,1
DA:8,1
DA:12,0
DA:18,1
LF:7
LH:6
BRF:0
BRH:0
end_of_record
TN:
SF:src\lib\Duck\Dance\DanceMinuet.ts
FN:1,danceMinuet
FNF:1
FNH:1
FNDA:1,danceMinuet
DA:2,1
DA:5,1
LF:2
LH:2
BRF:0
BRH:0
end_of_record
TN:
SF:src\lib\Duck\Dance\DanceNoWay.ts
FN:1,danceNoWay
FNF:1
FNH:0
FNDA:0,danceNoWay
DA:3,1
LF:1
LH:1
BRF:0
BRH:0
end_of_record
TN:
SF:src\lib\Duck\Dance\DanceWaltz.ts
FN:1,danceWaltz
FNF:1
FNH:1
FNDA:1,danceWaltz
DA:2,1
DA:5,1
LF:2
LH:2
BRF:0
BRH:0
end_of_record
TN:
SF:src\lib\Duck\Fly\FlyNoWay.ts
FN:1,flyNoWay
FNF:1
FNH:0
FNDA:0,flyNoWay
DA:2,0
DA:5,1
LF:2
LH:1
BRF:0
BRH:0
end_of_record
TN:
SF:src\lib\Duck\Fly\FlyWithWings.ts
FN:1,makeFlyWithWings
FN:3,(anonymous_1)
FNF:2
FNH:2
FNDA:2,makeFlyWithWings
FNDA:2,(anonymous_1)
DA:2,2
DA:3,2
DA:4,2
DA:5,2
DA:6,2
DA:10,1
LF:6
LH:6
BRF:0
BRH:0
end_of_record
TN:
SF:src\lib\Duck\Quack\MuteQuackBehavior.ts
FN:1,muteQuackBehavior
FNF:1
FNH:0
FNDA:0,muteQuackBehavior
DA:3,1
LF:1
LH:1
BRF:0
BRH:0
end_of_record
TN:
SF:src\lib\Duck\Quack\QuackBehavior.ts
FN:1,quackBehavior
FNF:1
FNH:1
FNDA:2,quackBehavior
DA:2,2
DA:5,1
LF:2
LH:2
BRF:0
BRH:0
end_of_record
TN:
SF:src\lib\Duck\Quack\SqueakBehavior.ts
FN:1,squeakBehavior
FNF:1
FNH:0
FNDA:0,squeakBehavior
DA:2,0
DA:5,1
LF:2
LH:1
BRF:0
BRH:0
end_of_record
