{"C:\\Projects\\ood\\lw2\\WeatherStation\\src\\Observer.ts": {"path":"C:\\Projects\\ood\\lw2\\WeatherStation\\src\\Observer.ts","statementMap":{"0":{"start":{"line":12,"column":49},"end":{"line":12,"column":58}},"1":{"start":{"line":15,"column":2},"end":{"line":17,"column":3}},"2":{"start":{"line":16,"column":3},"end":{"line":16,"column":43}},"3":{"start":{"line":21,"column":2},"end":{"line":21,"column":35}},"4":{"start":{"line":25,"column":15},"end":{"line":25,"column":36}},"5":{"start":{"line":27,"column":26},"end":{"line":27,"column":91}},"6":{"start":{"line":27,"column":79},"end":{"line":27,"column":90}},"7":{"start":{"line":28,"column":2},"end":{"line":31,"column":3}},"8":{"start":{"line":30,"column":3},"end":{"line":30,"column":25}},"9":{"start":{"line":35,"column":2},"end":{"line":35,"column":null}},"10":{"start":{"line":39,"column":32},"end":{"line":39,"column":42}}},"fnMap":{"0":{"name":"(anonymous_0)","decl":{"start":{"line":14,"column":1},"end":{"line":14,"column":17}},"loc":{"start":{"line":14,"column":62},"end":{"line":18,"column":2}}},"1":{"name":"(anonymous_1)","decl":{"start":{"line":20,"column":1},"end":{"line":20,"column":15}},"loc":{"start":{"line":20,"column":38},"end":{"line":22,"column":2}}},"2":{"name":"(anonymous_2)","decl":{"start":{"line":24,"column":1},"end":{"line":24,"column":16}},"loc":{"start":{"line":24,"column":16},"end":{"line":32,"column":2}}},"3":{"name":"(anonymous_3)","decl":{"start":{"line":27,"column":69},"end":{"line":27,"column":70}},"loc":{"start":{"line":27,"column":79},"end":{"line":27,"column":90}}},"4":{"name":"(anonymous_4)","decl":{"start":{"line":34,"column":11},"end":{"line":34,"column":25}},"loc":{"start":{"line":34,"column":25},"end":{"line":36,"column":2}}}},"branchMap":{"0":{"loc":{"start":{"line":14,"column":42},"end":{"line":14,"column":62}},"type":"default-arg","locations":[{"start":{"line":14,"column":61},"end":{"line":14,"column":62}}]},"1":{"loc":{"start":{"line":15,"column":2},"end":{"line":17,"column":3}},"type":"if","locations":[{"start":{"line":15,"column":2},"end":{"line":17,"column":3}}]}},"s":{"0":1,"1":2,"2":2,"3":0,"4":1,"5":1,"6":1,"7":1,"8":2,"9":0,"10":1},"f":{"0":2,"1":0,"2":1,"3":1,"4":0},"b":{"0":[1],"1":[2]}}
}
