{"C:\\Projects\\ood\\lw5_true\\src\\Command.ts": {"path":"C:\\Projects\\ood\\lw5_true\\src\\Command.ts","statementMap":{"0":{"start":{"line":5,"column":10},"end":{"line":5,"column":29}},"1":{"start":{"line":14,"column":8},"end":{"line":14,"column":15}}},"fnMap":{"0":{"name":"(anonymous_0)","decl":{"start":{"line":4,"column":1},"end":{"line":4,"column":null}},"loc":{"start":{"line":5,"column":29},"end":{"line":7,"column":2}}}},"branchMap":{},"s":{"0":4,"1":1},"f":{"0":4},"b":{}}
,"C:\\Projects\\ood\\lw5_true\\src\\CommandHistory.ts": {"path":"C:\\Projects\\ood\\lw5_true\\src\\CommandHistory.ts","statementMap":{"0":{"start":{"line":3,"column":34},"end":{"line":3,"column":36}},"1":{"start":{"line":47,"column":25},"end":{"line":47,"column":42}},"2":{"start":{"line":6,"column":36},"end":{"line":6,"column":38}},"3":{"start":{"line":7,"column":40},"end":{"line":7,"column":42}},"4":{"start":{"line":10,"column":2},"end":{"line":15,"column":3}},"5":{"start":{"line":11,"column":3},"end":{"line":11,"column":31}},"6":{"start":{"line":13,"column":7},"end":{"line":15,"column":3}},"7":{"start":{"line":14,"column":3},"end":{"line":14,"column":30}},"8":{"start":{"line":16,"column":2},"end":{"line":16,"column":30}},"9":{"start":{"line":17,"column":2},"end":{"line":17,"column":55}},"10":{"start":{"line":18,"column":2},"end":{"line":18,"column":20}},"11":{"start":{"line":22,"column":2},"end":{"line":24,"column":3}},"12":{"start":{"line":23,"column":3},"end":{"line":23,"column":41}},"13":{"start":{"line":25,"column":25},"end":{"line":25,"column":65}},"14":{"start":{"line":26,"column":2},"end":{"line":26,"column":29}},"15":{"start":{"line":27,"column":2},"end":{"line":27,"column":30}},"16":{"start":{"line":31,"column":2},"end":{"line":33,"column":3}},"17":{"start":{"line":32,"column":3},"end":{"line":32,"column":41}},"18":{"start":{"line":34,"column":2},"end":{"line":34,"column":30}},"19":{"start":{"line":35,"column":25},"end":{"line":35,"column":65}},"20":{"start":{"line":36,"column":2},"end":{"line":36,"column":27}},"21":{"start":{"line":40,"column":2},"end":{"line":42,"column":3}},"22":{"start":{"line":40,"column":15},"end":{"line":40,"column":39}},"23":{"start":{"line":41,"column":3},"end":{"line":41,"column":29}},"24":{"start":{"line":43,"column":2},"end":{"line":43,"column":50}},"25":{"start":{"line":47,"column":9},"end":{"line":47,"column":23}}},"fnMap":{"0":{"name":"(anonymous_0)","decl":{"start":{"line":9,"column":1},"end":{"line":9,"column":11}},"loc":{"start":{"line":9,"column":28},"end":{"line":19,"column":2}}},"1":{"name":"(anonymous_1)","decl":{"start":{"line":21,"column":1},"end":{"line":21,"column":5}},"loc":{"start":{"line":21,"column":5},"end":{"line":28,"column":2}}},"2":{"name":"(anonymous_2)","decl":{"start":{"line":30,"column":1},"end":{"line":30,"column":5}},"loc":{"start":{"line":30,"column":5},"end":{"line":37,"column":2}}},"3":{"name":"(anonymous_3)","decl":{"start":{"line":39,"column":9},"end":{"line":39,"column":29}},"loc":{"start":{"line":39,"column":29},"end":{"line":44,"column":2}}}},"branchMap":{"0":{"loc":{"start":{"line":10,"column":2},"end":{"line":15,"column":3}},"type":"if","locations":[{"start":{"line":10,"column":2},"end":{"line":15,"column":3}},{"start":{"line":13,"column":7},"end":{"line":15,"column":3}}]},"1":{"loc":{"start":{"line":13,"column":7},"end":{"line":15,"column":3}},"type":"if","locations":[{"start":{"line":13,"column":7},"end":{"line":15,"column":3}}]},"2":{"loc":{"start":{"line":22,"column":2},"end":{"line":24,"column":3}},"type":"if","locations":[{"start":{"line":22,"column":2},"end":{"line":24,"column":3}}]},"3":{"loc":{"start":{"line":31,"column":2},"end":{"line":33,"column":3}},"type":"if","locations":[{"start":{"line":31,"column":2},"end":{"line":33,"column":3}}]}},"s":{"0":1,"1":1,"2":2,"3":2,"4":14,"5":1,"6":13,"7":1,"8":14,"9":14,"10":14,"11":13,"12":0,"13":11,"14":11,"15":11,"16":2,"17":0,"18":1,"19":1,"20":1,"21":1,"22":1,"23":1,"24":1,"25":1},"f":{"0":14,"1":13,"2":2,"3":1},"b":{"0":[1,13],"1":[1],"2":[0],"3":[0]}}
}
