TN:
SF:src\Command.ts
FN:4,(anonymous_0)
FNF:1
FNH:1
FNDA:4,(anonymous_0)
DA:5,4
DA:14,1
LF:2
LH:2
BRF:0
BRH:0
end_of_record
TN:
SF:src\CommandHistory.ts
FN:9,(anonymous_0)
FN:21,(anonymous_1)
FN:30,(anonymous_2)
FN:39,(anonymous_3)
FNF:4
FNH:4
FNDA:14,(anonymous_0)
FNDA:13,(anonymous_1)
FNDA:2,(anonymous_2)
FNDA:1,(anonymous_3)
DA:3,1
DA:6,2
DA:7,2
DA:10,14
DA:11,1
DA:13,13
DA:14,1
DA:16,14
DA:17,14
DA:18,14
DA:22,13
DA:23,0
DA:25,11
DA:26,11
DA:27,11
DA:31,2
DA:32,0
DA:34,1
DA:35,1
DA:36,1
DA:40,1
DA:41,1
DA:43,1
DA:47,1
LF:24
LH:22
BRDA:10,0,0,1
BRDA:10,0,1,13
BRDA:13,1,0,1
BRDA:22,2,0,0
BRDA:31,3,0,0
BRF:5
BRH:3
end_of_record
