{"C:\\Projects\\ood\\lw8\\2\\naive\\src\\GumballMachine.ts": {"path":"C:\\Projects\\ood\\lw8\\2\\naive\\src\\GumballMachine.ts","statementMap":{"0":{"start":{"line":1,"column":0},"end":{"line":1,"column":null}},"1":{"start":{"line":2,"column":1},"end":{"line":2,"column":null}},"2":{"start":{"line":3,"column":1},"end":{"line":3,"column":null}},"3":{"start":{"line":4,"column":1},"end":{"line":4,"column":null}},"4":{"start":{"line":5,"column":1},"end":{"line":5,"column":null}},"5":{"start":{"line":10,"column":28},"end":{"line":10,"column":29}},"6":{"start":{"line":11,"column":24},"end":{"line":11,"column":37}},"7":{"start":{"line":13,"column":33},"end":{"line":13,"column":34}},"8":{"start":{"line":16,"column":2},"end":{"line":16,"column":21}},"9":{"start":{"line":17,"column":2},"end":{"line":17,"column":59}},"10":{"start":{"line":21,"column":2},"end":{"line":24,"column":3}},"11":{"start":{"line":22,"column":3},"end":{"line":22,"column":88}},"12":{"start":{"line":23,"column":3},"end":{"line":23,"column":10}},"13":{"start":{"line":26,"column":2},"end":{"line":39,"column":3}},"14":{"start":{"line":28,"column":4},"end":{"line":28,"column":72}},"15":{"start":{"line":29,"column":4},"end":{"line":29,"column":10}},"16":{"start":{"line":32,"column":4},"end":{"line":32,"column":43}},"17":{"start":{"line":33,"column":4},"end":{"line":33,"column":20}},"18":{"start":{"line":34,"column":4},"end":{"line":34,"column":35}},"19":{"start":{"line":35,"column":4},"end":{"line":35,"column":10}},"20":{"start":{"line":37,"column":4},"end":{"line":37,"column":68}},"21":{"start":{"line":38,"column":4},"end":{"line":38,"column":10}},"22":{"start":{"line":43,"column":2},"end":{"line":46,"column":3}},"23":{"start":{"line":44,"column":3},"end":{"line":44,"column":53}},"24":{"start":{"line":45,"column":3},"end":{"line":45,"column":10}},"25":{"start":{"line":48,"column":2},"end":{"line":63,"column":3}},"26":{"start":{"line":51,"column":4},"end":{"line":51,"column":58}},"27":{"start":{"line":52,"column":4},"end":{"line":52,"column":22}},"28":{"start":{"line":53,"column":4},"end":{"line":53,"column":33}},"29":{"start":{"line":54,"column":4},"end":{"line":54,"column":10}},"30":{"start":{"line":56,"column":4},"end":{"line":56,"column":70}},"31":{"start":{"line":57,"column":4},"end":{"line":57,"column":10}},"32":{"start":{"line":59,"column":4},"end":{"line":59,"column":58}},"33":{"start":{"line":60,"column":4},"end":{"line":60,"column":22}},"34":{"start":{"line":61,"column":4},"end":{"line":61,"column":66}},"35":{"start":{"line":62,"column":4},"end":{"line":62,"column":10}},"36":{"start":{"line":67,"column":2},"end":{"line":70,"column":3}},"37":{"start":{"line":68,"column":3},"end":{"line":68,"column":57}},"38":{"start":{"line":69,"column":3},"end":{"line":69,"column":10}},"39":{"start":{"line":72,"column":2},"end":{"line":87,"column":3}},"40":{"start":{"line":74,"column":4},"end":{"line":74,"column":58}},"41":{"start":{"line":75,"column":4},"end":{"line":75,"column":10}},"42":{"start":{"line":77,"column":4},"end":{"line":77,"column":58}},"43":{"start":{"line":78,"column":4},"end":{"line":78,"column":10}},"44":{"start":{"line":80,"column":4},"end":{"line":80,"column":33}},"45":{"start":{"line":81,"column":4},"end":{"line":81,"column":20}},"46":{"start":{"line":82,"column":4},"end":{"line":82,"column":20}},"47":{"start":{"line":83,"column":4},"end":{"line":83,"column":10}},"48":{"start":{"line":85,"column":4},"end":{"line":85,"column":66}},"49":{"start":{"line":86,"column":4},"end":{"line":86,"column":10}},"50":{"start":{"line":91,"column":2},"end":{"line":91,"column":25}},"51":{"start":{"line":92,"column":2},"end":{"line":92,"column":76}},"52":{"start":{"line":93,"column":2},"end":{"line":93,"column":106}},"53":{"start":{"line":97,"column":27},"end":{"line":103,"column":29}},"54":{"start":{"line":105,"column":2},"end":{"line":111,"column":10}},"55":{"start":{"line":115,"column":2},"end":{"line":132,"column":3}},"56":{"start":{"line":116,"column":3},"end":{"line":129,"column":4}},"57":{"start":{"line":117,"column":4},"end":{"line":117,"column":57}},"58":{"start":{"line":118,"column":4},"end":{"line":118,"column":17}},"59":{"start":{"line":120,"column":4},"end":{"line":125,"column":5}},"60":{"start":{"line":121,"column":5},"end":{"line":121,"column":43}},"61":{"start":{"line":122,"column":5},"end":{"line":122,"column":72}},"62":{"start":{"line":124,"column":5},"end":{"line":124,"column":74}},"63":{"start":{"line":127,"column":4},"end":{"line":127,"column":59}},"64":{"start":{"line":128,"column":4},"end":{"line":128,"column":31}},"65":{"start":{"line":131,"column":3},"end":{"line":131,"column":40}},"66":{"start":{"line":136,"column":8},"end":{"line":136,"column":27}}},"fnMap":{"0":{"name":"(anonymous_0)","decl":{"start":{"line":1,"column":0},"end":{"line":1,"column":5}},"loc":{"start":{"line":1,"column":10},"end":{"line":6,"column":1}}},"1":{"name":"(anonymous_1)","decl":{"start":{"line":15,"column":1},"end":{"line":15,"column":13}},"loc":{"start":{"line":15,"column":26},"end":{"line":18,"column":2}}},"2":{"name":"(anonymous_2)","decl":{"start":{"line":20,"column":1},"end":{"line":20,"column":14}},"loc":{"start":{"line":20,"column":14},"end":{"line":40,"column":2}}},"3":{"name":"(anonymous_3)","decl":{"start":{"line":42,"column":1},"end":{"line":42,"column":14}},"loc":{"start":{"line":42,"column":14},"end":{"line":64,"column":2}}},"4":{"name":"(anonymous_4)","decl":{"start":{"line":66,"column":1},"end":{"line":66,"column":10}},"loc":{"start":{"line":66,"column":10},"end":{"line":88,"column":2}}},"5":{"name":"(anonymous_5)","decl":{"start":{"line":90,"column":1},"end":{"line":90,"column":7}},"loc":{"start":{"line":90,"column":24},"end":{"line":94,"column":2}}},"6":{"name":"(anonymous_6)","decl":{"start":{"line":96,"column":1},"end":{"line":96,"column":9}},"loc":{"start":{"line":96,"column":9},"end":{"line":112,"column":2}}},"7":{"name":"(anonymous_7)","decl":{"start":{"line":114,"column":9},"end":{"line":114,"column":17}},"loc":{"start":{"line":114,"column":17},"end":{"line":133,"column":2}}}},"branchMap":{"0":{"loc":{"start":{"line":1,"column":5},"end":{"line":1,"column":null}},"type":"binary-expr","locations":[{"start":{"line":1,"column":5},"end":{"line":1,"column":10}},{"start":{"line":1,"column":5},"end":{"line":1,"column":null}}]},"1":{"loc":{"start":{"line":17,"column":15},"end":{"line":17,"column":58}},"type":"cond-expr","locations":[{"start":{"line":17,"column":27},"end":{"line":17,"column":42}},{"start":{"line":17,"column":45},"end":{"line":17,"column":58}}]},"2":{"loc":{"start":{"line":21,"column":2},"end":{"line":24,"column":3}},"type":"if","locations":[{"start":{"line":21,"column":2},"end":{"line":24,"column":3}}]},"3":{"loc":{"start":{"line":26,"column":2},"end":{"line":39,"column":3}},"type":"switch","locations":[{"start":{"line":27,"column":3},"end":{"line":29,"column":10}},{"start":{"line":30,"column":3},"end":{"line":30,"column":24}},{"start":{"line":31,"column":3},"end":{"line":35,"column":10}},{"start":{"line":36,"column":3},"end":{"line":38,"column":10}}]},"4":{"loc":{"start":{"line":43,"column":2},"end":{"line":46,"column":3}},"type":"if","locations":[{"start":{"line":43,"column":2},"end":{"line":46,"column":3}}]},"5":{"loc":{"start":{"line":48,"column":2},"end":{"line":63,"column":3}},"type":"switch","locations":[{"start":{"line":49,"column":3},"end":{"line":49,"column":26}},{"start":{"line":50,"column":3},"end":{"line":54,"column":10}},{"start":{"line":55,"column":3},"end":{"line":57,"column":10}},{"start":{"line":58,"column":3},"end":{"line":62,"column":10}}]},"6":{"loc":{"start":{"line":61,"column":17},"end":{"line":61,"column":65}},"type":"cond-expr","locations":[{"start":{"line":61,"column":34},"end":{"line":61,"column":49}},{"start":{"line":61,"column":52},"end":{"line":61,"column":65}}]},"7":{"loc":{"start":{"line":67,"column":2},"end":{"line":70,"column":3}},"type":"if","locations":[{"start":{"line":67,"column":2},"end":{"line":70,"column":3}}]},"8":{"loc":{"start":{"line":72,"column":2},"end":{"line":87,"column":3}},"type":"switch","locations":[{"start":{"line":73,"column":3},"end":{"line":75,"column":10}},{"start":{"line":76,"column":3},"end":{"line":78,"column":10}},{"start":{"line":79,"column":3},"end":{"line":83,"column":10}},{"start":{"line":84,"column":3},"end":{"line":86,"column":10}}]},"9":{"loc":{"start":{"line":93,"column":15},"end":{"line":93,"column":105}},"type":"cond-expr","locations":[{"start":{"line":93,"column":33},"end":{"line":93,"column":88}},{"start":{"line":93,"column":92},"end":{"line":93,"column":105}}]},"10":{"loc":{"start":{"line":93,"column":33},"end":{"line":93,"column":88}},"type":"cond-expr","locations":[{"start":{"line":93,"column":53},"end":{"line":93,"column":70}},{"start":{"line":93,"column":73},"end":{"line":93,"column":88}}]},"11":{"loc":{"start":{"line":97,"column":27},"end":{"line":103,"column":29}},"type":"cond-expr","locations":[{"start":{"line":98,"column":5},"end":{"line":98,"column":15}},{"start":{"line":99,"column":5},"end":{"line":103,"column":29}}]},"12":{"loc":{"start":{"line":99,"column":5},"end":{"line":103,"column":29}},"type":"cond-expr","locations":[{"start":{"line":100,"column":6},"end":{"line":100,"column":27}},{"start":{"line":101,"column":6},"end":{"line":103,"column":29}}]},"13":{"loc":{"start":{"line":101,"column":6},"end":{"line":103,"column":29}},"type":"cond-expr","locations":[{"start":{"line":102,"column":7},"end":{"line":102,"column":67}},{"start":{"line":103,"column":7},"end":{"line":103,"column":29}}]},"14":{"loc":{"start":{"line":108,"column":34},"end":{"line":108,"column":61}},"type":"cond-expr","locations":[{"start":{"line":108,"column":53},"end":{"line":108,"column":56}},{"start":{"line":108,"column":59},"end":{"line":108,"column":61}}]},"15":{"loc":{"start":{"line":115,"column":2},"end":{"line":132,"column":3}},"type":"if","locations":[{"start":{"line":115,"column":2},"end":{"line":132,"column":3}},{"start":{"line":130,"column":9},"end":{"line":132,"column":3}}]},"16":{"loc":{"start":{"line":115,"column":6},"end":{"line":115,"column":67}},"type":"binary-expr","locations":[{"start":{"line":115,"column":6},"end":{"line":115,"column":38}},{"start":{"line":115,"column":42},"end":{"line":115,"column":67}}]},"17":{"loc":{"start":{"line":116,"column":3},"end":{"line":129,"column":4}},"type":"if","locations":[{"start":{"line":116,"column":3},"end":{"line":129,"column":4}},{"start":{"line":126,"column":10},"end":{"line":129,"column":4}}]},"18":{"loc":{"start":{"line":120,"column":4},"end":{"line":125,"column":5}},"type":"if","locations":[{"start":{"line":120,"column":4},"end":{"line":125,"column":5}},{"start":{"line":123,"column":11},"end":{"line":125,"column":5}}]},"19":{"loc":{"start":{"line":122,"column":18},"end":{"line":122,"column":71}},"type":"cond-expr","locations":[{"start":{"line":122,"column":38},"end":{"line":122,"column":55}},{"start":{"line":122,"column":58},"end":{"line":122,"column":71}}]},"20":{"loc":{"start":{"line":124,"column":18},"end":{"line":124,"column":73}},"type":"cond-expr","locations":[{"start":{"line":124,"column":38},"end":{"line":124,"column":55}},{"start":{"line":124,"column":58},"end":{"line":124,"column":73}}]}},"s":{"0":1,"1":1,"2":1,"3":1,"4":1,"5":3,"6":3,"7":3,"8":3,"9":3,"10":5,"11":0,"12":0,"13":5,"14":0,"15":0,"16":5,"17":5,"18":5,"19":5,"20":0,"21":0,"22":1,"23":0,"24":0,"25":1,"26":1,"27":1,"28":1,"29":1,"30":0,"31":0,"32":0,"33":0,"34":0,"35":0,"36":2,"37":0,"38":0,"39":2,"40":0,"41":0,"42":0,"43":0,"44":2,"45":2,"46":2,"47":2,"48":0,"49":0,"50":0,"51":0,"52":0,"53":5,"54":5,"55":2,"56":2,"57":2,"58":2,"59":2,"60":1,"61":1,"62":1,"63":0,"64":0,"65":0,"66":1},"f":{"0":1,"1":3,"2":5,"3":1,"4":2,"5":0,"6":5,"7":2},"b":{"0":[1,1],"1":[3,0],"2":[0],"3":[0,3,5,0],"4":[0],"5":[1,1,0,0],"6":[0,0],"7":[0],"8":[0,0,2,0],"9":[0,0],"10":[0,0],"11":[2,3],"12":[1,2],"13":[2,0],"14":[5,0],"15":[2,0],"16":[2,0],"17":[2,0],"18":[1,1],"19":[0,1],"20":[1,0]}}
}
