TN:
SF:src\GumballMachine.ts
FN:1,(anonymous_0)
FN:15,(anonymous_1)
FN:20,(anonymous_2)
FN:42,(anonymous_3)
FN:66,(anonymous_4)
FN:90,(anonymous_5)
FN:96,(anonymous_6)
FN:114,(anonymous_7)
FNF:8
FNH:7
FNDA:1,(anonymous_0)
FNDA:3,(anonymous_1)
FNDA:5,(anonymous_2)
FNDA:1,(anonymous_3)
FNDA:2,(anonymous_4)
FNDA:0,(anonymous_5)
FNDA:5,(anonymous_6)
FNDA:2,(anonymous_7)
DA:1,1
DA:2,1
DA:3,1
DA:4,1
DA:5,1
DA:10,3
DA:11,3
DA:13,3
DA:16,3
DA:17,3
DA:21,5
DA:22,0
DA:23,0
DA:26,5
DA:28,0
DA:29,0
DA:32,5
DA:33,5
DA:34,5
DA:35,5
DA:37,0
DA:38,0
DA:43,1
DA:44,0
DA:45,0
DA:48,1
DA:51,1
DA:52,1
DA:53,1
DA:54,1
DA:56,0
DA:57,0
DA:59,0
DA:60,0
DA:61,0
DA:62,0
DA:67,2
DA:68,0
DA:69,0
DA:72,2
DA:74,0
DA:75,0
DA:77,0
DA:78,0
DA:80,2
DA:81,2
DA:82,2
DA:83,2
DA:85,0
DA:86,0
DA:91,0
DA:92,0
DA:93,0
DA:97,5
DA:105,5
DA:115,2
DA:116,2
DA:117,2
DA:118,2
DA:120,2
DA:121,1
DA:122,1
DA:124,1
DA:127,0
DA:128,0
DA:131,0
DA:136,1
LF:67
LH:39
BRDA:1,0,0,1
BRDA:1,0,1,1
BRDA:17,1,0,3
BRDA:17,1,1,0
BRDA:21,2,0,0
BRDA:26,3,0,0
BRDA:26,3,1,3
BRDA:26,3,2,5
BRDA:26,3,3,0
BRDA:43,4,0,0
BRDA:48,5,0,1
BRDA:48,5,1,1
BRDA:48,5,2,0
BRDA:48,5,3,0
BRDA:61,6,0,0
BRDA:61,6,1,0
BRDA:67,7,0,0
BRDA:72,8,0,0
BRDA:72,8,1,0
BRDA:72,8,2,2
BRDA:72,8,3,0
BRDA:93,9,0,0
BRDA:93,9,1,0
BRDA:93,10,0,0
BRDA:93,10,1,0
BRDA:97,11,0,2
BRDA:97,11,1,3
BRDA:99,12,0,1
BRDA:99,12,1,2
BRDA:101,13,0,2
BRDA:101,13,1,0
BRDA:108,14,0,5
BRDA:108,14,1,0
BRDA:115,15,0,2
BRDA:115,15,1,0
BRDA:115,16,0,2
BRDA:115,16,1,0
BRDA:116,17,0,2
BRDA:116,17,1,0
BRDA:120,18,0,1
BRDA:120,18,1,1
BRDA:122,19,0,0
BRDA:122,19,1,1
BRDA:124,20,0,1
BRDA:124,20,1,0
BRF:45
BRH:21
end_of_record
