<?xml version="1.0" encoding="UTF-8"?>
<coverage generated="1732345557209" clover="3.2.0">
  <project timestamp="1732345557210" name="All files">
    <metrics statements="50" coveredstatements="49" conditionals="7" coveredconditionals="6" methods="35" coveredmethods="34" elements="92" coveredelements="89" complexity="0" loc="50" ncloc="50" packages="1" files="1" classes="1"/>
    <file name="GumballMachine.ts" path="C:\Projects\ood\lw8\1\src\GumballMachine.ts">
      <metrics statements="50" coveredstatements="49" conditionals="7" coveredconditionals="6" methods="35" coveredmethods="34"/>
      <line num="28" count="15" type="stmt"/>
      <line num="32" count="1" type="stmt"/>
      <line num="36" count="1" type="stmt"/>
      <line num="40" count="1" type="stmt"/>
      <line num="44" count="4" type="stmt"/>
      <line num="45" count="4" type="cond" truecount="2" falsecount="0"/>
      <line num="46" count="2" type="stmt"/>
      <line num="49" count="2" type="stmt"/>
      <line num="54" count="1" type="stmt"/>
      <line num="59" count="14" type="stmt"/>
      <line num="63" count="1" type="stmt"/>
      <line num="67" count="1" type="stmt"/>
      <line num="71" count="2" type="stmt"/>
      <line num="75" count="2" type="stmt"/>
      <line num="79" count="2" type="stmt"/>
      <line num="84" count="14" type="stmt"/>
      <line num="88" count="2" type="stmt"/>
      <line num="92" count="2" type="stmt"/>
      <line num="93" count="2" type="stmt"/>
      <line num="97" count="3" type="stmt"/>
      <line num="98" count="3" type="stmt"/>
      <line num="102" count="1" type="stmt"/>
      <line num="106" count="2" type="stmt"/>
      <line num="111" count="14" type="stmt"/>
      <line num="115" count="6" type="stmt"/>
      <line num="116" count="6" type="stmt"/>
      <line num="120" count="2" type="stmt"/>
      <line num="124" count="2" type="stmt"/>
      <line num="128" count="2" type="stmt"/>
      <line num="132" count="5" type="stmt"/>
      <line num="145" count="10" type="stmt"/>
      <line num="146" count="10" type="stmt"/>
      <line num="147" count="10" type="stmt"/>
      <line num="148" count="10" type="stmt"/>
      <line num="149" count="10" type="stmt"/>
      <line num="150" count="10" type="cond" truecount="2" falsecount="0"/>
      <line num="154" count="2" type="stmt"/>
      <line num="158" count="6" type="stmt"/>
      <line num="162" count="4" type="stmt"/>
      <line num="163" count="4" type="stmt"/>
      <line num="167" count="3" type="stmt"/>
      <line num="171" count="2" type="cond" truecount="1" falsecount="0"/>
      <line num="172" count="2" type="stmt"/>
      <line num="173" count="2" type="stmt"/>
      <line num="178" count="0" type="stmt"/>
      <line num="182" count="2" type="stmt"/>
      <line num="186" count="2" type="stmt"/>
      <line num="190" count="5" type="stmt"/>
      <line num="194" count="10" type="stmt"/>
      <line num="203" count="1" type="stmt"/>
    </file>
  </project>
</coverage>
