{"C:\\Projects\\ood\\lw8\\1\\src\\GumballMachine.ts": {"path":"C:\\Projects\\ood\\lw8\\1\\src\\GumballMachine.ts","statementMap":{"0":{"start":{"line":28,"column":21},"end":{"line":28,"column":53}},"1":{"start":{"line":32,"column":2},"end":{"line":32,"column":65}},"2":{"start":{"line":36,"column":2},"end":{"line":36,"column":52}},"3":{"start":{"line":40,"column":2},"end":{"line":40,"column":63}},"4":{"start":{"line":44,"column":2},"end":{"line":44,"column":37}},"5":{"start":{"line":45,"column":2},"end":{"line":50,"column":3}},"6":{"start":{"line":46,"column":3},"end":{"line":46,"column":40}},"7":{"start":{"line":49,"column":3},"end":{"line":49,"column":44}},"8":{"start":{"line":54,"column":2},"end":{"line":54,"column":32}},"9":{"start":{"line":203,"column":71},"end":{"line":203,"column":80}},"10":{"start":{"line":59,"column":21},"end":{"line":59,"column":53}},"11":{"start":{"line":63,"column":2},"end":{"line":63,"column":69}},"12":{"start":{"line":67,"column":2},"end":{"line":67,"column":69}},"13":{"start":{"line":71,"column":2},"end":{"line":71,"column":52}},"14":{"start":{"line":75,"column":2},"end":{"line":75,"column":38}},"15":{"start":{"line":79,"column":2},"end":{"line":79,"column":20}},"16":{"start":{"line":203,"column":57},"end":{"line":203,"column":69}},"17":{"start":{"line":84,"column":21},"end":{"line":84,"column":53}},"18":{"start":{"line":88,"column":2},"end":{"line":88,"column":50}},"19":{"start":{"line":92,"column":2},"end":{"line":92,"column":34}},"20":{"start":{"line":93,"column":2},"end":{"line":93,"column":43}},"21":{"start":{"line":97,"column":2},"end":{"line":97,"column":31}},"22":{"start":{"line":98,"column":2},"end":{"line":98,"column":38}},"23":{"start":{"line":102,"column":2},"end":{"line":102,"column":38}},"24":{"start":{"line":106,"column":2},"end":{"line":106,"column":37}},"25":{"start":{"line":203,"column":24},"end":{"line":203,"column":39}},"26":{"start":{"line":111,"column":21},"end":{"line":111,"column":53}},"27":{"start":{"line":115,"column":2},"end":{"line":115,"column":40}},"28":{"start":{"line":116,"column":2},"end":{"line":116,"column":44}},"29":{"start":{"line":120,"column":2},"end":{"line":120,"column":48}},"30":{"start":{"line":124,"column":2},"end":{"line":124,"column":51}},"31":{"start":{"line":128,"column":2},"end":{"line":128,"column":39}},"32":{"start":{"line":132,"column":2},"end":{"line":132,"column":31}},"33":{"start":{"line":203,"column":41},"end":{"line":203,"column":55}},"34":{"start":{"line":145,"column":2},"end":{"line":145,"column":25}},"35":{"start":{"line":146,"column":2},"end":{"line":146,"column":40}},"36":{"start":{"line":147,"column":2},"end":{"line":147,"column":46}},"37":{"start":{"line":148,"column":2},"end":{"line":148,"column":50}},"38":{"start":{"line":149,"column":2},"end":{"line":149,"column":52}},"39":{"start":{"line":150,"column":2},"end":{"line":150,"column":73}},"40":{"start":{"line":154,"column":2},"end":{"line":154,"column":29}},"41":{"start":{"line":158,"column":2},"end":{"line":158,"column":30}},"42":{"start":{"line":162,"column":2},"end":{"line":162,"column":26}},"43":{"start":{"line":163,"column":2},"end":{"line":163,"column":25}},"44":{"start":{"line":167,"column":2},"end":{"line":167,"column":21}},"45":{"start":{"line":171,"column":2},"end":{"line":174,"column":3}},"46":{"start":{"line":172,"column":3},"end":{"line":172,"column":58}},"47":{"start":{"line":173,"column":3},"end":{"line":173,"column":17}},"48":{"start":{"line":178,"column":2},"end":{"line":178,"column":35}},"49":{"start":{"line":182,"column":2},"end":{"line":182,"column":37}},"50":{"start":{"line":186,"column":2},"end":{"line":186,"column":32}},"51":{"start":{"line":190,"column":2},"end":{"line":190,"column":38}},"52":{"start":{"line":194,"column":2},"end":{"line":199,"column":2}},"53":{"start":{"line":203,"column":8},"end":{"line":203,"column":22}}},"fnMap":{"0":{"name":"(anonymous_0)","decl":{"start":{"line":28,"column":1},"end":{"line":28,"column":21}},"loc":{"start":{"line":28,"column":53},"end":{"line":29,"column":2}}},"1":{"name":"(anonymous_1)","decl":{"start":{"line":31,"column":1},"end":{"line":31,"column":14}},"loc":{"start":{"line":31,"column":14},"end":{"line":33,"column":2}}},"2":{"name":"(anonymous_2)","decl":{"start":{"line":35,"column":1},"end":{"line":35,"column":13}},"loc":{"start":{"line":35,"column":13},"end":{"line":37,"column":2}}},"3":{"name":"(anonymous_3)","decl":{"start":{"line":39,"column":1},"end":{"line":39,"column":10}},"loc":{"start":{"line":39,"column":10},"end":{"line":41,"column":2}}},"4":{"name":"(anonymous_4)","decl":{"start":{"line":43,"column":1},"end":{"line":43,"column":9}},"loc":{"start":{"line":43,"column":9},"end":{"line":51,"column":2}}},"5":{"name":"(anonymous_5)","decl":{"start":{"line":53,"column":1},"end":{"line":53,"column":9}},"loc":{"start":{"line":53,"column":9},"end":{"line":55,"column":2}}},"6":{"name":"(anonymous_6)","decl":{"start":{"line":59,"column":1},"end":{"line":59,"column":21}},"loc":{"start":{"line":59,"column":53},"end":{"line":60,"column":2}}},"7":{"name":"(anonymous_7)","decl":{"start":{"line":62,"column":1},"end":{"line":62,"column":14}},"loc":{"start":{"line":62,"column":14},"end":{"line":64,"column":2}}},"8":{"name":"(anonymous_8)","decl":{"start":{"line":66,"column":1},"end":{"line":66,"column":13}},"loc":{"start":{"line":66,"column":13},"end":{"line":68,"column":2}}},"9":{"name":"(anonymous_9)","decl":{"start":{"line":70,"column":1},"end":{"line":70,"column":10}},"loc":{"start":{"line":70,"column":10},"end":{"line":72,"column":2}}},"10":{"name":"(anonymous_10)","decl":{"start":{"line":74,"column":1},"end":{"line":74,"column":9}},"loc":{"start":{"line":74,"column":9},"end":{"line":76,"column":2}}},"11":{"name":"(anonymous_11)","decl":{"start":{"line":78,"column":1},"end":{"line":78,"column":9}},"loc":{"start":{"line":78,"column":9},"end":{"line":80,"column":2}}},"12":{"name":"(anonymous_12)","decl":{"start":{"line":84,"column":1},"end":{"line":84,"column":21}},"loc":{"start":{"line":84,"column":53},"end":{"line":85,"column":2}}},"13":{"name":"(anonymous_13)","decl":{"start":{"line":87,"column":1},"end":{"line":87,"column":14}},"loc":{"start":{"line":87,"column":14},"end":{"line":89,"column":2}}},"14":{"name":"(anonymous_14)","decl":{"start":{"line":91,"column":1},"end":{"line":91,"column":13}},"loc":{"start":{"line":91,"column":13},"end":{"line":94,"column":2}}},"15":{"name":"(anonymous_15)","decl":{"start":{"line":96,"column":1},"end":{"line":96,"column":10}},"loc":{"start":{"line":96,"column":10},"end":{"line":99,"column":2}}},"16":{"name":"(anonymous_16)","decl":{"start":{"line":101,"column":1},"end":{"line":101,"column":9}},"loc":{"start":{"line":101,"column":9},"end":{"line":103,"column":2}}},"17":{"name":"(anonymous_17)","decl":{"start":{"line":105,"column":1},"end":{"line":105,"column":9}},"loc":{"start":{"line":105,"column":9},"end":{"line":107,"column":2}}},"18":{"name":"(anonymous_18)","decl":{"start":{"line":111,"column":1},"end":{"line":111,"column":21}},"loc":{"start":{"line":111,"column":53},"end":{"line":112,"column":2}}},"19":{"name":"(anonymous_19)","decl":{"start":{"line":114,"column":1},"end":{"line":114,"column":14}},"loc":{"start":{"line":114,"column":14},"end":{"line":117,"column":2}}},"20":{"name":"(anonymous_20)","decl":{"start":{"line":119,"column":1},"end":{"line":119,"column":13}},"loc":{"start":{"line":119,"column":13},"end":{"line":121,"column":2}}},"21":{"name":"(anonymous_21)","decl":{"start":{"line":123,"column":1},"end":{"line":123,"column":10}},"loc":{"start":{"line":123,"column":10},"end":{"line":125,"column":2}}},"22":{"name":"(anonymous_22)","decl":{"start":{"line":127,"column":1},"end":{"line":127,"column":9}},"loc":{"start":{"line":127,"column":9},"end":{"line":129,"column":2}}},"23":{"name":"(anonymous_23)","decl":{"start":{"line":131,"column":1},"end":{"line":131,"column":9}},"loc":{"start":{"line":131,"column":9},"end":{"line":133,"column":2}}},"24":{"name":"(anonymous_24)","decl":{"start":{"line":144,"column":1},"end":{"line":144,"column":13}},"loc":{"start":{"line":144,"column":29},"end":{"line":151,"column":2}}},"25":{"name":"(anonymous_25)","decl":{"start":{"line":153,"column":1},"end":{"line":153,"column":13}},"loc":{"start":{"line":153,"column":13},"end":{"line":155,"column":2}}},"26":{"name":"(anonymous_26)","decl":{"start":{"line":157,"column":1},"end":{"line":157,"column":14}},"loc":{"start":{"line":157,"column":14},"end":{"line":159,"column":2}}},"27":{"name":"(anonymous_27)","decl":{"start":{"line":161,"column":1},"end":{"line":161,"column":10}},"loc":{"start":{"line":161,"column":10},"end":{"line":164,"column":2}}},"28":{"name":"(anonymous_28)","decl":{"start":{"line":166,"column":1},"end":{"line":166,"column":13}},"loc":{"start":{"line":166,"column":13},"end":{"line":168,"column":2}}},"29":{"name":"(anonymous_29)","decl":{"start":{"line":170,"column":1},"end":{"line":170,"column":12}},"loc":{"start":{"line":170,"column":12},"end":{"line":175,"column":2}}},"30":{"name":"(anonymous_30)","decl":{"start":{"line":177,"column":1},"end":{"line":177,"column":16}},"loc":{"start":{"line":177,"column":16},"end":{"line":179,"column":2}}},"31":{"name":"(anonymous_31)","decl":{"start":{"line":181,"column":1},"end":{"line":181,"column":18}},"loc":{"start":{"line":181,"column":18},"end":{"line":183,"column":2}}},"32":{"name":"(anonymous_32)","decl":{"start":{"line":185,"column":1},"end":{"line":185,"column":13}},"loc":{"start":{"line":185,"column":13},"end":{"line":187,"column":2}}},"33":{"name":"(anonymous_33)","decl":{"start":{"line":189,"column":1},"end":{"line":189,"column":19}},"loc":{"start":{"line":189,"column":19},"end":{"line":191,"column":2}}},"34":{"name":"(anonymous_34)","decl":{"start":{"line":193,"column":1},"end":{"line":193,"column":9}},"loc":{"start":{"line":193,"column":9},"end":{"line":200,"column":2}}}},"branchMap":{"0":{"loc":{"start":{"line":45,"column":2},"end":{"line":50,"column":3}},"type":"if","locations":[{"start":{"line":45,"column":2},"end":{"line":50,"column":3}},{"start":{"line":48,"column":9},"end":{"line":50,"column":3}}]},"1":{"loc":{"start":{"line":150,"column":16},"end":{"line":150,"column":72}},"type":"cond-expr","locations":[{"start":{"line":150,"column":31},"end":{"line":150,"column":51}},{"start":{"line":150,"column":54},"end":{"line":150,"column":72}}]},"2":{"loc":{"start":{"line":171,"column":2},"end":{"line":174,"column":3}},"type":"if","locations":[{"start":{"line":171,"column":2},"end":{"line":174,"column":3}}]},"3":{"loc":{"start":{"line":197,"column":35},"end":{"line":197,"column":63}},"type":"cond-expr","locations":[{"start":{"line":197,"column":55},"end":{"line":197,"column":58}},{"start":{"line":197,"column":61},"end":{"line":197,"column":63}}]}},"s":{"0":15,"1":1,"2":1,"3":1,"4":4,"5":4,"6":2,"7":2,"8":1,"9":1,"10":14,"11":1,"12":1,"13":2,"14":2,"15":2,"16":1,"17":14,"18":2,"19":2,"20":2,"21":3,"22":3,"23":1,"24":2,"25":1,"26":14,"27":6,"28":6,"29":2,"30":2,"31":2,"32":5,"33":1,"34":10,"35":10,"36":10,"37":10,"38":10,"39":10,"40":2,"41":6,"42":4,"43":4,"44":3,"45":2,"46":2,"47":2,"48":0,"49":2,"50":2,"51":5,"52":10,"53":1},"f":{"0":15,"1":1,"2":1,"3":1,"4":4,"5":1,"6":14,"7":1,"8":1,"9":2,"10":2,"11":2,"12":14,"13":2,"14":2,"15":3,"16":1,"17":2,"18":14,"19":6,"20":2,"21":2,"22":2,"23":5,"24":10,"25":2,"26":6,"27":4,"28":3,"29":2,"30":0,"31":2,"32":2,"33":5,"34":10},"b":{"0":[2,2],"1":[8,2],"2":[2],"3":[10,0]}}
}
