TN:
SF:src\GumballMachine.ts
FN:28,(anonymous_0)
FN:31,(anonymous_1)
FN:35,(anonymous_2)
FN:39,(anonymous_3)
FN:43,(anonymous_4)
FN:53,(anonymous_5)
FN:59,(anonymous_6)
FN:62,(anonymous_7)
FN:66,(anonymous_8)
FN:70,(anonymous_9)
FN:74,(anonymous_10)
FN:78,(anonymous_11)
FN:84,(anonymous_12)
FN:87,(anonymous_13)
FN:91,(anonymous_14)
FN:96,(anonymous_15)
FN:101,(anonymous_16)
FN:105,(anonymous_17)
FN:111,(anonymous_18)
FN:114,(anonymous_19)
FN:119,(anonymous_20)
FN:123,(anonymous_21)
FN:127,(anonymous_22)
FN:131,(anonymous_23)
FN:144,(anonymous_24)
FN:153,(anonymous_25)
FN:157,(anonymous_26)
FN:161,(anonymous_27)
FN:166,(anonymous_28)
FN:170,(anonymous_29)
FN:177,(anonymous_30)
FN:181,(anonymous_31)
FN:185,(anonymous_32)
FN:189,(anonymous_33)
FN:193,(anonymous_34)
FNF:35
FNH:34
FNDA:15,(anonymous_0)
FNDA:1,(anonymous_1)
FNDA:1,(anonymous_2)
FNDA:1,(anonymous_3)
FNDA:4,(anonymous_4)
FNDA:1,(anonymous_5)
FNDA:14,(anonymous_6)
FNDA:1,(anonymous_7)
FNDA:1,(anonymous_8)
FNDA:2,(anonymous_9)
FNDA:2,(anonymous_10)
FNDA:2,(anonymous_11)
FNDA:14,(anonymous_12)
FNDA:2,(anonymous_13)
FNDA:2,(anonymous_14)
FNDA:3,(anonymous_15)
FNDA:1,(anonymous_16)
FNDA:2,(anonymous_17)
FNDA:14,(anonymous_18)
FNDA:6,(anonymous_19)
FNDA:2,(anonymous_20)
FNDA:2,(anonymous_21)
FNDA:2,(anonymous_22)
FNDA:5,(anonymous_23)
FNDA:10,(anonymous_24)
FNDA:2,(anonymous_25)
FNDA:6,(anonymous_26)
FNDA:4,(anonymous_27)
FNDA:3,(anonymous_28)
FNDA:2,(anonymous_29)
FNDA:0,(anonymous_30)
FNDA:2,(anonymous_31)
FNDA:2,(anonymous_32)
FNDA:5,(anonymous_33)
FNDA:10,(anonymous_34)
DA:28,15
DA:32,1
DA:36,1
DA:40,1
DA:44,4
DA:45,4
DA:46,2
DA:49,2
DA:54,1
DA:59,14
DA:63,1
DA:67,1
DA:71,2
DA:75,2
DA:79,2
DA:84,14
DA:88,2
DA:92,2
DA:93,2
DA:97,3
DA:98,3
DA:102,1
DA:106,2
DA:111,14
DA:115,6
DA:116,6
DA:120,2
DA:124,2
DA:128,2
DA:132,5
DA:145,10
DA:146,10
DA:147,10
DA:148,10
DA:149,10
DA:150,10
DA:154,2
DA:158,6
DA:162,4
DA:163,4
DA:167,3
DA:171,2
DA:172,2
DA:173,2
DA:178,0
DA:182,2
DA:186,2
DA:190,5
DA:194,10
DA:203,1
LF:50
LH:49
BRDA:45,0,0,2
BRDA:45,0,1,2
BRDA:150,1,0,8
BRDA:150,1,1,2
BRDA:171,2,0,2
BRDA:197,3,0,10
BRDA:197,3,1,0
BRF:7
BRH:6
end_of_record
