<?xml version="1.0" encoding="UTF-8"?>
<coverage generated="1733030457714" clover="3.2.0">
  <project timestamp="1733030457715" name="All files">
    <metrics statements="171" coveredstatements="111" conditionals="33" coveredconditionals="14" methods="74" coveredmethods="49" elements="278" coveredelements="174" complexity="0" loc="171" ncloc="171" packages="3" files="6" classes="6"/>
    <package name="src">
      <metrics statements="47" coveredstatements="20" conditionals="2" coveredconditionals="2" methods="11" coveredmethods="6"/>
      <file name="CommonTypes.ts" path="C:\Projects\ood\lw7\src\CommonTypes.ts">
        <metrics statements="9" coveredstatements="9" conditionals="0" coveredconditionals="0" methods="2" coveredmethods="2"/>
        <line num="4" count="57" type="stmt"/>
        <line num="5" count="57" type="stmt"/>
        <line num="6" count="57" type="stmt"/>
        <line num="7" count="57" type="stmt"/>
        <line num="11" count="16" type="stmt"/>
        <line num="12" count="16" type="stmt"/>
        <line num="13" count="16" type="stmt"/>
        <line num="14" count="16" type="stmt"/>
        <line num="18" count="1" type="stmt"/>
      </file>
      <file name="Observer.ts" path="C:\Projects\ood\lw7\src\Observer.ts">
        <metrics statements="11" coveredstatements="9" conditionals="2" coveredconditionals="2" methods="5" coveredmethods="3"/>
        <line num="12" count="22" type="stmt"/>
        <line num="15" count="21" type="cond" truecount="1" falsecount="0"/>
        <line num="16" count="21" type="stmt"/>
        <line num="21" count="0" type="stmt"/>
        <line num="25" count="3" type="stmt"/>
        <line num="27" count="3" type="stmt"/>
        <line num="28" count="0" type="stmt"/>
        <line num="29" count="3" type="stmt"/>
        <line num="31" count="3" type="stmt"/>
        <line num="36" count="3" type="stmt"/>
        <line num="40" count="1" type="stmt"/>
      </file>
      <file name="drawingStrategy.ts" path="C:\Projects\ood\lw7\src\drawingStrategy.ts">
        <metrics statements="27" coveredstatements="2" conditionals="0" coveredconditionals="0" methods="4" coveredmethods="1"/>
        <line num="6" count="0" type="stmt"/>
        <line num="7" count="0" type="stmt"/>
        <line num="12" count="0" type="stmt"/>
        <line num="13" count="0" type="stmt"/>
        <line num="14" count="0" type="stmt"/>
        <line num="15" count="0" type="stmt"/>
        <line num="16" count="0" type="stmt"/>
        <line num="17" count="0" type="stmt"/>
        <line num="21" count="1" type="stmt"/>
        <line num="22" count="0" type="stmt"/>
        <line num="23" count="0" type="stmt"/>
        <line num="24" count="0" type="stmt"/>
        <line num="26" count="0" type="stmt"/>
        <line num="27" count="0" type="stmt"/>
        <line num="28" count="0" type="stmt"/>
        <line num="29" count="0" type="stmt"/>
        <line num="31" count="0" type="stmt"/>
        <line num="32" count="0" type="stmt"/>
        <line num="34" count="0" type="stmt"/>
        <line num="35" count="0" type="stmt"/>
        <line num="36" count="0" type="stmt"/>
        <line num="37" count="0" type="stmt"/>
        <line num="38" count="0" type="stmt"/>
        <line num="41" count="0" type="stmt"/>
        <line num="42" count="0" type="stmt"/>
        <line num="43" count="0" type="stmt"/>
        <line num="47" count="1" type="stmt"/>
      </file>
    </package>
    <package name="src.shape">
      <metrics statements="91" coveredstatements="74" conditionals="15" coveredconditionals="6" methods="40" coveredmethods="32"/>
      <file name="Slide.ts" path="C:\Projects\ood\lw7\src\shape\Slide.ts">
        <metrics statements="91" coveredstatements="74" conditionals="15" coveredconditionals="6" methods="40" coveredmethods="32"/>
        <line num="2" count="1" type="stmt"/>
        <line num="3" count="1" type="stmt"/>
        <line num="6" count="1" type="stmt"/>
        <line num="7" count="1" type="stmt"/>
        <line num="14" count="22" type="stmt"/>
        <line num="15" count="22" type="stmt"/>
        <line num="16" count="22" type="stmt"/>
        <line num="17" count="22" type="stmt"/>
        <line num="19" count="22" type="stmt"/>
        <line num="23" count="2" type="stmt"/>
        <line num="27" count="28" type="stmt"/>
        <line num="31" count="44" type="stmt"/>
        <line num="35" count="0" type="stmt"/>
        <line num="39" count="27" type="stmt"/>
        <line num="43" count="3" type="stmt"/>
        <line num="44" count="3" type="stmt"/>
        <line num="48" count="4" type="stmt"/>
        <line num="52" count="1" type="stmt"/>
        <line num="56" count="3" type="stmt"/>
        <line num="67" count="12" type="stmt"/>
        <line num="71" count="5" type="stmt"/>
        <line num="75" count="4" type="stmt"/>
        <line num="76" count="4" type="cond" truecount="0" falsecount="1"/>
        <line num="77" count="0" type="stmt"/>
        <line num="79" count="4" type="stmt"/>
        <line num="83" count="0" type="cond" truecount="0" falsecount="2"/>
        <line num="84" count="0" type="stmt"/>
        <line num="86" count="0" type="cond" truecount="0" falsecount="3"/>
        <line num="87" count="0" type="stmt"/>
        <line num="89" count="0" type="stmt"/>
        <line num="94" count="0" type="cond" truecount="0" falsecount="3"/>
        <line num="95" count="0" type="stmt"/>
        <line num="96" count="0" type="stmt"/>
        <line num="99" count="0" type="stmt"/>
        <line num="103" count="32" type="stmt"/>
        <line num="108" count="30" type="cond" truecount="1" falsecount="0"/>
        <line num="109" count="16" type="stmt"/>
        <line num="111" count="30" type="cond" truecount="1" falsecount="0"/>
        <line num="112" count="16" type="stmt"/>
        <line num="114" count="30" type="cond" truecount="1" falsecount="0"/>
        <line num="115" count="26" type="stmt"/>
        <line num="117" count="30" type="cond" truecount="1" falsecount="0"/>
        <line num="118" count="26" type="stmt"/>
        <line num="123" count="12" type="stmt"/>
        <line num="124" count="12" type="stmt"/>
        <line num="125" count="12" type="stmt"/>
        <line num="126" count="12" type="stmt"/>
        <line num="129" count="12" type="stmt"/>
        <line num="131" count="12" type="stmt"/>
        <line num="132" count="22" type="stmt"/>
        <line num="133" count="22" type="stmt"/>
        <line num="134" count="22" type="stmt"/>
        <line num="137" count="12" type="stmt"/>
        <line num="141" count="4" type="stmt"/>
        <line num="145" count="16" type="stmt"/>
        <line num="146" count="16" type="stmt"/>
        <line num="147" count="28" type="stmt"/>
        <line num="150" count="16" type="stmt"/>
        <line num="151" count="16" type="stmt"/>
        <line num="155" count="2" type="stmt"/>
        <line num="159" count="4" type="stmt"/>
        <line num="163" count="3" type="stmt"/>
        <line num="167" count="11" type="stmt"/>
        <line num="171" count="0" type="stmt"/>
        <line num="175" count="1" type="stmt"/>
        <line num="176" count="1" type="stmt"/>
        <line num="178" count="1" type="stmt"/>
        <line num="179" count="2" type="stmt"/>
        <line num="181" count="2" type="stmt"/>
        <line num="182" count="2" type="stmt"/>
        <line num="183" count="2" type="stmt"/>
        <line num="184" count="2" type="stmt"/>
        <line num="186" count="2" type="stmt"/>
        <line num="187" count="2" type="stmt"/>
        <line num="192" count="2" type="stmt"/>
        <line num="193" count="1" type="stmt"/>
        <line num="194" count="1" type="stmt"/>
        <line num="198" count="0" type="stmt"/>
        <line num="199" count="0" type="stmt"/>
        <line num="200" count="0" type="stmt"/>
        <line num="204" count="1" type="stmt"/>
        <line num="205" count="2" type="stmt"/>
        <line num="206" count="1" type="stmt"/>
        <line num="211" count="1" type="cond" truecount="1" falsecount="0"/>
        <line num="212" count="1" type="stmt"/>
        <line num="217" count="0" type="stmt"/>
        <line num="221" count="16" type="stmt"/>
        <line num="222" count="0" type="stmt"/>
        <line num="223" count="16" type="stmt"/>
        <line num="225" count="1" type="stmt"/>
        <line num="229" count="1" type="stmt"/>
      </file>
    </package>
    <package name="src.style">
      <metrics statements="33" coveredstatements="17" conditionals="16" coveredconditionals="6" methods="23" coveredmethods="11"/>
      <file name="GroupStyle.ts" path="C:\Projects\ood\lw7\src\style\GroupStyle.ts">
        <metrics statements="19" coveredstatements="8" conditionals="14" coveredconditionals="5" methods="16" coveredmethods="7"/>
        <line num="5" count="24" type="cond" truecount="1" falsecount="0"/>
        <line num="10" count="0" type="stmt"/>
        <line num="14" count="9" type="cond" truecount="2" falsecount="0"/>
        <line num="20" count="0" type="stmt"/>
        <line num="24" count="0" type="stmt"/>
        <line num="28" count="45" type="cond" truecount="1" falsecount="1"/>
        <line num="29" count="45" type="stmt"/>
        <line num="31" count="0" type="cond" truecount="0" falsecount="3"/>
        <line num="32" count="0" type="stmt"/>
        <line num="34" count="0" type="stmt"/>
        <line num="39" count="0" type="cond" truecount="0" falsecount="3"/>
        <line num="40" count="0" type="stmt"/>
        <line num="41" count="0" type="stmt"/>
        <line num="44" count="0" type="stmt"/>
        <line num="48" count="1" type="stmt"/>
        <line num="54" count="12" type="stmt"/>
        <line num="58" count="0" type="cond" truecount="0" falsecount="2"/>
        <line num="63" count="22" type="stmt"/>
        <line num="67" count="1" type="stmt"/>
      </file>
      <file name="Style.ts" path="C:\Projects\ood\lw7\src\style\Style.ts">
        <metrics statements="14" coveredstatements="9" conditionals="2" coveredconditionals="1" methods="7" coveredmethods="4"/>
        <line num="4" count="50" type="stmt"/>
        <line num="7" count="50" type="stmt"/>
        <line num="9" count="50" type="cond" truecount="0" falsecount="1"/>
        <line num="10" count="0" type="stmt"/>
        <line num="15" count="0" type="stmt"/>
        <line num="19" count="41" type="cond" truecount="1" falsecount="0"/>
        <line num="20" count="41" type="stmt"/>
        <line num="22" count="0" type="stmt"/>
        <line num="26" count="0" type="stmt"/>
        <line num="30" count="0" type="stmt"/>
        <line num="37" count="23" type="stmt"/>
        <line num="39" count="23" type="stmt"/>
        <line num="43" count="3" type="stmt"/>
        <line num="47" count="1" type="stmt"/>
      </file>
    </package>
  </project>
</coverage>
