{"C:\\Projects\\ood\\lw7\\src\\CommonTypes.ts": {"path":"C:\\Projects\\ood\\lw7\\src\\CommonTypes.ts","statementMap":{"0":{"start":{"line":4,"column":9},"end":{"line":4,"column":21}},"1":{"start":{"line":5,"column":9},"end":{"line":5,"column":20}},"2":{"start":{"line":6,"column":9},"end":{"line":6,"column":22}},"3":{"start":{"line":7,"column":9},"end":{"line":7,"column":23}},"4":{"start":{"line":11,"column":2},"end":{"line":11,"column":24}},"5":{"start":{"line":12,"column":2},"end":{"line":12,"column":22}},"6":{"start":{"line":13,"column":2},"end":{"line":13,"column":26}},"7":{"start":{"line":14,"column":2},"end":{"line":14,"column":28}},"8":{"start":{"line":18,"column":8},"end":{"line":18,"column":12}}},"fnMap":{"0":{"name":"(anonymous_0)","decl":{"start":{"line":3,"column":1},"end":{"line":3,"column":null}},"loc":{"start":{"line":7,"column":23},"end":{"line":8,"column":2}}},"1":{"name":"(anonymous_1)","decl":{"start":{"line":10,"column":1},"end":{"line":10,"column":9}},"loc":{"start":{"line":10,"column":20},"end":{"line":15,"column":2}}}},"branchMap":{},"s":{"0":57,"1":57,"2":57,"3":57,"4":16,"5":16,"6":16,"7":16,"8":1},"f":{"0":57,"1":16},"b":{}}
,"C:\\Projects\\ood\\lw7\\src\\Observer.ts": {"path":"C:\\Projects\\ood\\lw7\\src\\Observer.ts","statementMap":{"0":{"start":{"line":12,"column":49},"end":{"line":12,"column":58}},"1":{"start":{"line":15,"column":2},"end":{"line":17,"column":3}},"2":{"start":{"line":16,"column":3},"end":{"line":16,"column":43}},"3":{"start":{"line":21,"column":2},"end":{"line":21,"column":35}},"4":{"start":{"line":25,"column":15},"end":{"line":25,"column":36}},"5":{"start":{"line":27,"column":26},"end":{"line":28,"column":31}},"6":{"start":{"line":28,"column":19},"end":{"line":28,"column":30}},"7":{"start":{"line":29,"column":2},"end":{"line":32,"column":3}},"8":{"start":{"line":31,"column":3},"end":{"line":31,"column":25}},"9":{"start":{"line":36,"column":2},"end":{"line":36,"column":17}},"10":{"start":{"line":40,"column":32},"end":{"line":40,"column":42}}},"fnMap":{"0":{"name":"(anonymous_0)","decl":{"start":{"line":14,"column":1},"end":{"line":14,"column":17}},"loc":{"start":{"line":14,"column":62},"end":{"line":18,"column":2}}},"1":{"name":"(anonymous_1)","decl":{"start":{"line":20,"column":1},"end":{"line":20,"column":15}},"loc":{"start":{"line":20,"column":38},"end":{"line":22,"column":2}}},"2":{"name":"(anonymous_2)","decl":{"start":{"line":24,"column":1},"end":{"line":24,"column":16}},"loc":{"start":{"line":24,"column":16},"end":{"line":33,"column":2}}},"3":{"name":"(anonymous_3)","decl":{"start":{"line":28,"column":9},"end":{"line":28,"column":10}},"loc":{"start":{"line":28,"column":19},"end":{"line":28,"column":30}}},"4":{"name":"(anonymous_4)","decl":{"start":{"line":35,"column":11},"end":{"line":35,"column":25}},"loc":{"start":{"line":35,"column":25},"end":{"line":37,"column":2}}}},"branchMap":{"0":{"loc":{"start":{"line":14,"column":42},"end":{"line":14,"column":62}},"type":"default-arg","locations":[{"start":{"line":14,"column":61},"end":{"line":14,"column":62}}]},"1":{"loc":{"start":{"line":15,"column":2},"end":{"line":17,"column":3}},"type":"if","locations":[{"start":{"line":15,"column":2},"end":{"line":17,"column":3}}]}},"s":{"0":22,"1":21,"2":21,"3":0,"4":3,"5":3,"6":0,"7":3,"8":3,"9":3,"10":1},"f":{"0":21,"1":0,"2":3,"3":0,"4":3},"b":{"0":[21],"1":[21]}}
,"C:\\Projects\\ood\\lw7\\src\\drawingStrategy.ts": {"path":"C:\\Projects\\ood\\lw7\\src\\drawingStrategy.ts","statementMap":{"0":{"start":{"line":47,"column":8},"end":{"line":47,"column":29}},"1":{"start":{"line":47,"column":31},"end":{"line":47,"column":57}},"2":{"start":{"line":6,"column":18},"end":{"line":6,"column":27}},"3":{"start":{"line":7,"column":18},"end":{"line":7,"column":27}},"4":{"start":{"line":47,"column":59},"end":{"line":47,"column":64}},"5":{"start":{"line":12,"column":15},"end":{"line":12,"column":31}},"6":{"start":{"line":13,"column":22},"end":{"line":13,"column":45}},"7":{"start":{"line":14,"column":19},"end":{"line":14,"column":39}},"8":{"start":{"line":15,"column":1},"end":{"line":15,"column":47}},"9":{"start":{"line":16,"column":1},"end":{"line":16,"column":44}},"10":{"start":{"line":17,"column":1},"end":{"line":17,"column":70}},"11":{"start":{"line":21,"column":1},"end":{"line":44,"column":null}},"12":{"start":{"line":22,"column":16},"end":{"line":22,"column":32}},"13":{"start":{"line":23,"column":23},"end":{"line":23,"column":46}},"14":{"start":{"line":24,"column":20},"end":{"line":24,"column":40}},"15":{"start":{"line":26,"column":18},"end":{"line":26,"column":46}},"16":{"start":{"line":27,"column":18},"end":{"line":27,"column":46}},"17":{"start":{"line":28,"column":18},"end":{"line":28,"column":33}},"18":{"start":{"line":29,"column":18},"end":{"line":29,"column":34}},"19":{"start":{"line":31,"column":26},"end":{"line":31,"column":28}},"20":{"start":{"line":32,"column":20},"end":{"line":32,"column":46}},"21":{"start":{"line":34,"column":2},"end":{"line":39,"column":3}},"22":{"start":{"line":34,"column":15},"end":{"line":34,"column":16}},"23":{"start":{"line":35,"column":17},"end":{"line":35,"column":44}},"24":{"start":{"line":36,"column":13},"end":{"line":36,"column":48}},"25":{"start":{"line":37,"column":13},"end":{"line":37,"column":48}},"26":{"start":{"line":38,"column":3},"end":{"line":38,"column":32}},"27":{"start":{"line":41,"column":2},"end":{"line":41,"column":48}},"28":{"start":{"line":42,"column":2},"end":{"line":42,"column":45}},"29":{"start":{"line":43,"column":2},"end":{"line":43,"column":29}}},"fnMap":{"0":{"name":"(anonymous_0)","decl":{"start":{"line":5,"column":1},"end":{"line":5,"column":null}},"loc":{"start":{"line":7,"column":27},"end":{"line":8,"column":5}}},"1":{"name":"circleDrawingStrategy","decl":{"start":{"line":11,"column":9},"end":{"line":11,"column":30}},"loc":{"start":{"line":11,"column":61},"end":{"line":18,"column":1}}},"2":{"name":"makePolygonDrawingStrategy","decl":{"start":{"line":20,"column":9},"end":{"line":20,"column":35}},"loc":{"start":{"line":20,"column":54},"end":{"line":45,"column":1}}},"3":{"name":"(anonymous_3)","decl":{"start":{"line":21,"column":8},"end":{"line":21,"column":9}},"loc":{"start":{"line":21,"column":43},"end":{"line":44,"column":2}}}},"branchMap":{},"s":{"0":1,"1":1,"2":0,"3":0,"4":1,"5":0,"6":0,"7":0,"8":0,"9":0,"10":0,"11":1,"12":0,"13":0,"14":0,"15":0,"16":0,"17":0,"18":0,"19":0,"20":0,"21":0,"22":0,"23":0,"24":0,"25":0,"26":0,"27":0,"28":0,"29":0},"f":{"0":0,"1":0,"2":1,"3":0},"b":{}}
,"C:\\Projects\\ood\\lw7\\src\\shape\\Shape.ts": {"path":"C:\\Projects\\ood\\lw7\\src\\shape\\Shape.ts","statementMap":{"0":{"start":{"line":2,"column":0},"end":{"line":2,"column":50}},"1":{"start":{"line":3,"column":0},"end":{"line":3,"column":36}},"2":{"start":{"line":6,"column":0},"end":{"line":6,"column":51}},"3":{"start":{"line":7,"column":0},"end":{"line":7,"column":70}},"4":{"start":{"line":19,"column":2},"end":{"line":19,"column":10}},"5":{"start":{"line":14,"column":10},"end":{"line":14,"column":43}},"6":{"start":{"line":15,"column":10},"end":{"line":15,"column":28}},"7":{"start":{"line":16,"column":10},"end":{"line":16,"column":37}},"8":{"start":{"line":17,"column":10},"end":{"line":17,"column":22}},"9":{"start":{"line":23,"column":2},"end":{"line":23,"column":38}},"10":{"start":{"line":27,"column":2},"end":{"line":27,"column":25}},"11":{"start":{"line":31,"column":2},"end":{"line":31,"column":21}},"12":{"start":{"line":35,"column":2},"end":{"line":35,"column":19}},"13":{"start":{"line":39,"column":2},"end":{"line":39,"column":27}},"14":{"start":{"line":43,"column":2},"end":{"line":43,"column":21}},"15":{"start":{"line":44,"column":2},"end":{"line":44,"column":null}},"16":{"start":{"line":48,"column":2},"end":{"line":48,"column":26}},"17":{"start":{"line":52,"column":2},"end":{"line":52,"column":28}},"18":{"start":{"line":56,"column":2},"end":{"line":59,"column":87}},"19":{"start":{"line":229,"column":8},"end":{"line":229,"column":13}},"20":{"start":{"line":67,"column":2},"end":{"line":67,"column":24}},"21":{"start":{"line":71,"column":2},"end":{"line":71,"column":29}},"22":{"start":{"line":75,"column":16},"end":{"line":75,"column":35}},"23":{"start":{"line":76,"column":2},"end":{"line":78,"column":3}},"24":{"start":{"line":77,"column":3},"end":{"line":77,"column":43}},"25":{"start":{"line":79,"column":2},"end":{"line":79,"column":15}},"26":{"start":{"line":83,"column":2},"end":{"line":90,"column":3}},"27":{"start":{"line":84,"column":3},"end":{"line":84,"column":28}},"28":{"start":{"line":86,"column":3},"end":{"line":88,"column":4}},"29":{"start":{"line":87,"column":4},"end":{"line":87,"column":46}},"30":{"start":{"line":89,"column":3},"end":{"line":89,"column":43}},"31":{"start":{"line":94,"column":2},"end":{"line":97,"column":3}},"32":{"start":{"line":95,"column":3},"end":{"line":95,"column":33}},"33":{"start":{"line":96,"column":3},"end":{"line":96,"column":10}},"34":{"start":{"line":99,"column":2},"end":{"line":99,"column":42}},"35":{"start":{"line":103,"column":2},"end":{"line":103,"column":27}},"36":{"start":{"line":229,"column":15},"end":{"line":229,"column":30}},"37":{"start":{"line":108,"column":1},"end":{"line":110,"column":2}},"38":{"start":{"line":109,"column":2},"end":{"line":109,"column":34}},"39":{"start":{"line":111,"column":1},"end":{"line":113,"column":2}},"40":{"start":{"line":112,"column":2},"end":{"line":112,"column":36}},"41":{"start":{"line":114,"column":1},"end":{"line":116,"column":2}},"42":{"start":{"line":115,"column":2},"end":{"line":115,"column":38}},"43":{"start":{"line":117,"column":1},"end":{"line":119,"column":2}},"44":{"start":{"line":118,"column":2},"end":{"line":118,"column":40}},"45":{"start":{"line":123,"column":52},"end":{"line":123,"column":61}},"46":{"start":{"line":124,"column":24},"end":{"line":124,"column":44}},"47":{"start":{"line":125,"column":22},"end":{"line":125,"column":42}},"48":{"start":{"line":126,"column":25},"end":{"line":126,"column":48}},"49":{"start":{"line":129,"column":2},"end":{"line":129,"column":19}},"50":{"start":{"line":131,"column":2},"end":{"line":135,"column":null}},"51":{"start":{"line":132,"column":3},"end":{"line":132,"column":32}},"52":{"start":{"line":133,"column":3},"end":{"line":133,"column":53}},"53":{"start":{"line":134,"column":3},"end":{"line":134,"column":59}},"54":{"start":{"line":137,"column":2},"end":{"line":137,"column":null}},"55":{"start":{"line":141,"column":2},"end":{"line":141,"column":22}},"56":{"start":{"line":145,"column":19},"end":{"line":145,"column":69}},"57":{"start":{"line":146,"column":2},"end":{"line":148,"column":null}},"58":{"start":{"line":147,"column":3},"end":{"line":147,"column":null}},"59":{"start":{"line":150,"column":2},"end":{"line":150,"column":33}},"60":{"start":{"line":151,"column":2},"end":{"line":151,"column":25}},"61":{"start":{"line":155,"column":2},"end":{"line":155,"column":62}},"62":{"start":{"line":155,"column":42},"end":{"line":155,"column":60}},"63":{"start":{"line":159,"column":2},"end":{"line":159,"column":25}},"64":{"start":{"line":163,"column":2},"end":{"line":163,"column":28}},"65":{"start":{"line":167,"column":2},"end":{"line":167,"column":21}},"66":{"start":{"line":171,"column":2},"end":{"line":171,"column":14}},"67":{"start":{"line":175,"column":17},"end":{"line":175,"column":47}},"68":{"start":{"line":176,"column":17},"end":{"line":176,"column":49}},"69":{"start":{"line":178,"column":2},"end":{"line":188,"column":5}},"70":{"start":{"line":179,"column":17},"end":{"line":179,"column":33}},"71":{"start":{"line":181,"column":16},"end":{"line":181,"column":68}},"72":{"start":{"line":182,"column":16},"end":{"line":182,"column":65}},"73":{"start":{"line":183,"column":20},"end":{"line":183,"column":40}},"74":{"start":{"line":184,"column":21},"end":{"line":184,"column":42}},"75":{"start":{"line":186,"column":3},"end":{"line":186,"column":61}},"76":{"start":{"line":187,"column":3},"end":{"line":187,"column":49}},"77":{"start":{"line":192,"column":2},"end":{"line":192,"column":61}},"78":{"start":{"line":192,"column":34},"end":{"line":192,"column":59}},"79":{"start":{"line":193,"column":2},"end":{"line":193,"column":26}},"80":{"start":{"line":194,"column":2},"end":{"line":194,"column":37}},"81":{"start":{"line":198,"column":2},"end":{"line":198,"column":64}},"82":{"start":{"line":198,"column":34},"end":{"line":198,"column":62}},"83":{"start":{"line":199,"column":2},"end":{"line":199,"column":29}},"84":{"start":{"line":200,"column":2},"end":{"line":200,"column":40}},"85":{"start":{"line":204,"column":33},"end":{"line":204,"column":35}},"86":{"start":{"line":205,"column":2},"end":{"line":205,"column":68}},"87":{"start":{"line":205,"column":34},"end":{"line":205,"column":66}},"88":{"start":{"line":206,"column":2},"end":{"line":206,"column":41}},"89":{"start":{"line":211,"column":2},"end":{"line":213,"column":3}},"90":{"start":{"line":212,"column":3},"end":{"line":212,"column":43}},"91":{"start":{"line":217,"column":2},"end":{"line":217,"column":35}},"92":{"start":{"line":221,"column":26},"end":{"line":222,"column":31}},"93":{"start":{"line":222,"column":19},"end":{"line":222,"column":30}},"94":{"start":{"line":223,"column":2},"end":{"line":226,"column":3}},"95":{"start":{"line":225,"column":3},"end":{"line":225,"column":21}},"96":{"start":{"line":229,"column":32},"end":{"line":229,"column":42}}},"fnMap":{"0":{"name":"(anonymous_0)","decl":{"start":{"line":13,"column":1},"end":{"line":13,"column":null}},"loc":{"start":{"line":17,"column":22},"end":{"line":20,"column":2}}},"1":{"name":"(anonymous_1)","decl":{"start":{"line":22,"column":1},"end":{"line":22,"column":5}},"loc":{"start":{"line":22,"column":21},"end":{"line":24,"column":2}}},"2":{"name":"(anonymous_2)","decl":{"start":{"line":26,"column":1},"end":{"line":26,"column":13}},"loc":{"start":{"line":26,"column":13},"end":{"line":28,"column":2}}},"3":{"name":"(anonymous_3)","decl":{"start":{"line":30,"column":1},"end":{"line":30,"column":9}},"loc":{"start":{"line":30,"column":9},"end":{"line":32,"column":2}}},"4":{"name":"(anonymous_4)","decl":{"start":{"line":34,"column":1},"end":{"line":34,"column":9}},"loc":{"start":{"line":34,"column":9},"end":{"line":36,"column":2}}},"5":{"name":"(anonymous_5)","decl":{"start":{"line":38,"column":1},"end":{"line":38,"column":16}},"loc":{"start":{"line":38,"column":16},"end":{"line":40,"column":2}}},"6":{"name":"(anonymous_6)","decl":{"start":{"line":42,"column":1},"end":{"line":42,"column":9}},"loc":{"start":{"line":42,"column":20},"end":{"line":45,"column":2}}},"7":{"name":"(anonymous_7)","decl":{"start":{"line":47,"column":1},"end":{"line":47,"column":13}},"loc":{"start":{"line":47,"column":27},"end":{"line":49,"column":2}}},"8":{"name":"(anonymous_8)","decl":{"start":{"line":51,"column":1},"end":{"line":51,"column":16}},"loc":{"start":{"line":51,"column":37},"end":{"line":53,"column":2}}},"9":{"name":"(anonymous_9)","decl":{"start":{"line":55,"column":1},"end":{"line":55,"column":6}},"loc":{"start":{"line":55,"column":6},"end":{"line":60,"column":2}}},"10":{"name":"(anonymous_10)","decl":{"start":{"line":66,"column":1},"end":{"line":66,"column":13}},"loc":{"start":{"line":66,"column":32},"end":{"line":68,"column":2}}},"11":{"name":"(anonymous_11)","decl":{"start":{"line":70,"column":1},"end":{"line":70,"column":15}},"loc":{"start":{"line":70,"column":15},"end":{"line":72,"column":2}}},"12":{"name":"(anonymous_12)","decl":{"start":{"line":74,"column":1},"end":{"line":74,"column":16}},"loc":{"start":{"line":74,"column":30},"end":{"line":80,"column":2}}},"13":{"name":"(anonymous_13)","decl":{"start":{"line":82,"column":1},"end":{"line":82,"column":12}},"loc":{"start":{"line":82,"column":45},"end":{"line":91,"column":2}}},"14":{"name":"(anonymous_14)","decl":{"start":{"line":93,"column":1},"end":{"line":93,"column":19}},"loc":{"start":{"line":93,"column":33},"end":{"line":100,"column":2}}},"15":{"name":"(anonymous_15)","decl":{"start":{"line":102,"column":1},"end":{"line":102,"column":16}},"loc":{"start":{"line":102,"column":44},"end":{"line":104,"column":2}}},"16":{"name":"calculateShape","decl":{"start":{"line":107,"column":9},"end":{"line":107,"column":23}},"loc":{"start":{"line":107,"column":58},"end":{"line":120,"column":1}}},"17":{"name":"(anonymous_17)","decl":{"start":{"line":128,"column":1},"end":{"line":128,"column":13}},"loc":{"start":{"line":128,"column":32},"end":{"line":138,"column":2}}},"18":{"name":"(anonymous_18)","decl":{"start":{"line":131,"column":23},"end":{"line":131,"column":24}},"loc":{"start":{"line":131,"column":41},"end":{"line":135,"column":3}}},"19":{"name":"(anonymous_19)","decl":{"start":{"line":140,"column":1},"end":{"line":140,"column":7}},"loc":{"start":{"line":140,"column":18},"end":{"line":142,"column":2}}},"20":{"name":"(anonymous_20)","decl":{"start":{"line":144,"column":9},"end":{"line":144,"column":21}},"loc":{"start":{"line":144,"column":21},"end":{"line":152,"column":2}}},"21":{"name":"(anonymous_21)","decl":{"start":{"line":146,"column":23},"end":{"line":146,"column":24}},"loc":{"start":{"line":146,"column":41},"end":{"line":148,"column":3}}},"22":{"name":"(anonymous_22)","decl":{"start":{"line":154,"column":1},"end":{"line":154,"column":5}},"loc":{"start":{"line":154,"column":21},"end":{"line":156,"column":2}}},"23":{"name":"(anonymous_23)","decl":{"start":{"line":155,"column":23},"end":{"line":155,"column":24}},"loc":{"start":{"line":155,"column":42},"end":{"line":155,"column":60}}},"24":{"name":"(anonymous_24)","decl":{"start":{"line":158,"column":1},"end":{"line":158,"column":13}},"loc":{"start":{"line":158,"column":13},"end":{"line":160,"column":2}}},"25":{"name":"(anonymous_25)","decl":{"start":{"line":162,"column":1},"end":{"line":162,"column":16}},"loc":{"start":{"line":162,"column":16},"end":{"line":164,"column":2}}},"26":{"name":"(anonymous_26)","decl":{"start":{"line":166,"column":1},"end":{"line":166,"column":9}},"loc":{"start":{"line":166,"column":9},"end":{"line":168,"column":2}}},"27":{"name":"(anonymous_27)","decl":{"start":{"line":170,"column":1},"end":{"line":170,"column":9}},"loc":{"start":{"line":170,"column":9},"end":{"line":172,"column":2}}},"28":{"name":"(anonymous_28)","decl":{"start":{"line":174,"column":1},"end":{"line":174,"column":9}},"loc":{"start":{"line":174,"column":20},"end":{"line":189,"column":2}}},"29":{"name":"(anonymous_29)","decl":{"start":{"line":178,"column":23},"end":{"line":178,"column":24}},"loc":{"start":{"line":178,"column":41},"end":{"line":188,"column":3}}},"30":{"name":"(anonymous_30)","decl":{"start":{"line":191,"column":1},"end":{"line":191,"column":13}},"loc":{"start":{"line":191,"column":27},"end":{"line":195,"column":2}}},"31":{"name":"(anonymous_31)","decl":{"start":{"line":192,"column":23},"end":{"line":192,"column":24}},"loc":{"start":{"line":192,"column":34},"end":{"line":192,"column":59}}},"32":{"name":"(anonymous_32)","decl":{"start":{"line":197,"column":1},"end":{"line":197,"column":16}},"loc":{"start":{"line":197,"column":37},"end":{"line":201,"column":2}}},"33":{"name":"(anonymous_33)","decl":{"start":{"line":198,"column":23},"end":{"line":198,"column":24}},"loc":{"start":{"line":198,"column":34},"end":{"line":198,"column":62}}},"34":{"name":"(anonymous_34)","decl":{"start":{"line":203,"column":1},"end":{"line":203,"column":6}},"loc":{"start":{"line":203,"column":6},"end":{"line":207,"column":2}}},"35":{"name":"(anonymous_35)","decl":{"start":{"line":205,"column":23},"end":{"line":205,"column":24}},"loc":{"start":{"line":205,"column":34},"end":{"line":205,"column":66}}},"36":{"name":"(anonymous_36)","decl":{"start":{"line":210,"column":1},"end":{"line":210,"column":17}},"loc":{"start":{"line":210,"column":65},"end":{"line":214,"column":2}}},"37":{"name":"(anonymous_37)","decl":{"start":{"line":216,"column":1},"end":{"line":216,"column":15}},"loc":{"start":{"line":216,"column":41},"end":{"line":218,"column":2}}},"38":{"name":"(anonymous_38)","decl":{"start":{"line":220,"column":1},"end":{"line":220,"column":16}},"loc":{"start":{"line":220,"column":16},"end":{"line":227,"column":2}}},"39":{"name":"(anonymous_39)","decl":{"start":{"line":222,"column":9},"end":{"line":222,"column":10}},"loc":{"start":{"line":222,"column":19},"end":{"line":222,"column":30}}}},"branchMap":{"0":{"loc":{"start":{"line":76,"column":2},"end":{"line":78,"column":3}},"type":"if","locations":[{"start":{"line":76,"column":2},"end":{"line":78,"column":3}}]},"1":{"loc":{"start":{"line":83,"column":2},"end":{"line":90,"column":3}},"type":"if","locations":[{"start":{"line":83,"column":2},"end":{"line":90,"column":3}},{"start":{"line":85,"column":9},"end":{"line":90,"column":3}}]},"2":{"loc":{"start":{"line":86,"column":3},"end":{"line":88,"column":4}},"type":"if","locations":[{"start":{"line":86,"column":3},"end":{"line":88,"column":4}}]},"3":{"loc":{"start":{"line":86,"column":7},"end":{"line":86,"column":53}},"type":"binary-expr","locations":[{"start":{"line":86,"column":7},"end":{"line":86,"column":19}},{"start":{"line":86,"column":23},"end":{"line":86,"column":53}}]},"4":{"loc":{"start":{"line":94,"column":2},"end":{"line":97,"column":3}},"type":"if","locations":[{"start":{"line":94,"column":2},"end":{"line":97,"column":3}}]},"5":{"loc":{"start":{"line":94,"column":6},"end":{"line":94,"column":47}},"type":"binary-expr","locations":[{"start":{"line":94,"column":6},"end":{"line":94,"column":16}},{"start":{"line":94,"column":20},"end":{"line":94,"column":47}}]},"6":{"loc":{"start":{"line":108,"column":1},"end":{"line":110,"column":2}},"type":"if","locations":[{"start":{"line":108,"column":1},"end":{"line":110,"column":2}}]},"7":{"loc":{"start":{"line":111,"column":1},"end":{"line":113,"column":2}},"type":"if","locations":[{"start":{"line":111,"column":1},"end":{"line":113,"column":2}}]},"8":{"loc":{"start":{"line":114,"column":1},"end":{"line":116,"column":2}},"type":"if","locations":[{"start":{"line":114,"column":1},"end":{"line":116,"column":2}}]},"9":{"loc":{"start":{"line":117,"column":1},"end":{"line":119,"column":2}},"type":"if","locations":[{"start":{"line":117,"column":1},"end":{"line":119,"column":2}}]},"10":{"loc":{"start":{"line":210,"column":45},"end":{"line":210,"column":65}},"type":"default-arg","locations":[{"start":{"line":210,"column":64},"end":{"line":210,"column":65}}]},"11":{"loc":{"start":{"line":211,"column":2},"end":{"line":213,"column":3}},"type":"if","locations":[{"start":{"line":211,"column":2},"end":{"line":213,"column":3}}]}},"s":{"0":1,"1":1,"2":1,"3":1,"4":22,"5":22,"6":22,"7":22,"8":22,"9":2,"10":28,"11":44,"12":0,"13":27,"14":3,"15":3,"16":4,"17":1,"18":3,"19":1,"20":12,"21":5,"22":4,"23":4,"24":0,"25":4,"26":0,"27":0,"28":0,"29":0,"30":0,"31":0,"32":0,"33":0,"34":0,"35":32,"36":1,"37":30,"38":16,"39":30,"40":16,"41":30,"42":26,"43":30,"44":26,"45":12,"46":12,"47":12,"48":12,"49":12,"50":12,"51":22,"52":22,"53":22,"54":12,"55":4,"56":16,"57":16,"58":28,"59":16,"60":16,"61":1,"62":2,"63":4,"64":3,"65":11,"66":0,"67":1,"68":1,"69":1,"70":2,"71":2,"72":2,"73":2,"74":2,"75":2,"76":2,"77":1,"78":2,"79":1,"80":1,"81":0,"82":0,"83":0,"84":0,"85":1,"86":1,"87":2,"88":1,"89":1,"90":1,"91":0,"92":16,"93":0,"94":16,"95":1,"96":1},"f":{"0":22,"1":2,"2":28,"3":44,"4":0,"5":27,"6":3,"7":4,"8":1,"9":3,"10":12,"11":5,"12":4,"13":0,"14":0,"15":32,"16":30,"17":12,"18":22,"19":4,"20":16,"21":28,"22":1,"23":2,"24":4,"25":3,"26":11,"27":0,"28":1,"29":2,"30":1,"31":2,"32":0,"33":0,"34":1,"35":2,"36":1,"37":0,"38":16,"39":0},"b":{"0":[0],"1":[0,0],"2":[0],"3":[0,0],"4":[0],"5":[0,0],"6":[16],"7":[16],"8":[26],"9":[26],"10":[1],"11":[1]}}
,"C:\\Projects\\ood\\lw7\\src\\style\\GroupStyle.ts": {"path":"C:\\Projects\\ood\\lw7\\src\\style\\GroupStyle.ts","statementMap":{"0":{"start":{"line":5,"column":12},"end":{"line":5,"column":32}},"1":{"start":{"line":10,"column":2},"end":{"line":10,"column":64}},"2":{"start":{"line":10,"column":42},"end":{"line":10,"column":62}},"3":{"start":{"line":14,"column":2},"end":{"line":16,"column":13}},"4":{"start":{"line":14,"column":39},"end":{"line":14,"column":86}},"5":{"start":{"line":20,"column":2},"end":{"line":20,"column":58}},"6":{"start":{"line":20,"column":39},"end":{"line":20,"column":56}},"7":{"start":{"line":24,"column":2},"end":{"line":24,"column":57}},"8":{"start":{"line":24,"column":34},"end":{"line":24,"column":55}},"9":{"start":{"line":28,"column":2},"end":{"line":35,"column":3}},"10":{"start":{"line":29,"column":3},"end":{"line":29,"column":28}},"11":{"start":{"line":31,"column":3},"end":{"line":33,"column":4}},"12":{"start":{"line":32,"column":4},"end":{"line":32,"column":46}},"13":{"start":{"line":34,"column":3},"end":{"line":34,"column":43}},"14":{"start":{"line":39,"column":2},"end":{"line":42,"column":3}},"15":{"start":{"line":40,"column":3},"end":{"line":40,"column":33}},"16":{"start":{"line":41,"column":3},"end":{"line":41,"column":10}},"17":{"start":{"line":44,"column":2},"end":{"line":44,"column":42}},"18":{"start":{"line":48,"column":2},"end":{"line":48,"column":20}},"19":{"start":{"line":67,"column":27},"end":{"line":67,"column":41}},"20":{"start":{"line":54,"column":2},"end":{"line":54,"column":16}},"21":{"start":{"line":58,"column":2},"end":{"line":59,"column":68}},"22":{"start":{"line":58,"column":40},"end":{"line":58,"column":134}},"23":{"start":{"line":63,"column":2},"end":{"line":63,"column":37}},"24":{"start":{"line":67,"column":8},"end":{"line":67,"column":25}}},"fnMap":{"0":{"name":"(anonymous_0)","decl":{"start":{"line":4,"column":1},"end":{"line":4,"column":null}},"loc":{"start":{"line":5,"column":34},"end":{"line":7,"column":2}}},"1":{"name":"(anonymous_1)","decl":{"start":{"line":9,"column":1},"end":{"line":9,"column":7}},"loc":{"start":{"line":9,"column":23},"end":{"line":11,"column":2}}},"2":{"name":"(anonymous_2)","decl":{"start":{"line":10,"column":23},"end":{"line":10,"column":24}},"loc":{"start":{"line":10,"column":42},"end":{"line":10,"column":62}}},"3":{"name":"(anonymous_3)","decl":{"start":{"line":13,"column":1},"end":{"line":13,"column":9}},"loc":{"start":{"line":13,"column":9},"end":{"line":17,"column":2}}},"4":{"name":"(anonymous_4)","decl":{"start":{"line":14,"column":28},"end":{"line":14,"column":29}},"loc":{"start":{"line":14,"column":39},"end":{"line":14,"column":86}}},"5":{"name":"(anonymous_5)","decl":{"start":{"line":19,"column":1},"end":{"line":19,"column":10}},"loc":{"start":{"line":19,"column":10},"end":{"line":21,"column":2}}},"6":{"name":"(anonymous_6)","decl":{"start":{"line":20,"column":28},"end":{"line":20,"column":29}},"loc":{"start":{"line":20,"column":39},"end":{"line":20,"column":56}}},"7":{"name":"(anonymous_7)","decl":{"start":{"line":23,"column":1},"end":{"line":23,"column":9}},"loc":{"start":{"line":23,"column":23},"end":{"line":25,"column":2}}},"8":{"name":"(anonymous_8)","decl":{"start":{"line":24,"column":23},"end":{"line":24,"column":24}},"loc":{"start":{"line":24,"column":34},"end":{"line":24,"column":55}}},"9":{"name":"(anonymous_9)","decl":{"start":{"line":27,"column":1},"end":{"line":27,"column":12}},"loc":{"start":{"line":27,"column":45},"end":{"line":36,"column":2}}},"10":{"name":"(anonymous_10)","decl":{"start":{"line":38,"column":1},"end":{"line":38,"column":19}},"loc":{"start":{"line":38,"column":33},"end":{"line":45,"column":2}}},"11":{"name":"(anonymous_11)","decl":{"start":{"line":47,"column":1},"end":{"line":47,"column":6}},"loc":{"start":{"line":47,"column":6},"end":{"line":49,"column":2}}},"12":{"name":"(anonymous_12)","decl":{"start":{"line":53,"column":1},"end":{"line":53,"column":13}},"loc":{"start":{"line":53,"column":41},"end":{"line":55,"column":2}}},"13":{"name":"(anonymous_13)","decl":{"start":{"line":57,"column":1},"end":{"line":57,"column":14}},"loc":{"start":{"line":57,"column":14},"end":{"line":60,"column":2}}},"14":{"name":"(anonymous_14)","decl":{"start":{"line":58,"column":28},"end":{"line":58,"column":29}},"loc":{"start":{"line":58,"column":40},"end":{"line":58,"column":134}}},"15":{"name":"(anonymous_15)","decl":{"start":{"line":62,"column":1},"end":{"line":62,"column":12}},"loc":{"start":{"line":62,"column":52},"end":{"line":64,"column":2}}}},"branchMap":{"0":{"loc":{"start":{"line":5,"column":12},"end":{"line":5,"column":34}},"type":"default-arg","locations":[{"start":{"line":5,"column":32},"end":{"line":5,"column":34}}]},"1":{"loc":{"start":{"line":14,"column":9},"end":{"line":16,"column":12}},"type":"cond-expr","locations":[{"start":{"line":15,"column":3},"end":{"line":15,"column":30}},{"start":{"line":16,"column":3},"end":{"line":16,"column":12}}]},"2":{"loc":{"start":{"line":28,"column":2},"end":{"line":35,"column":3}},"type":"if","locations":[{"start":{"line":28,"column":2},"end":{"line":35,"column":3}},{"start":{"line":30,"column":9},"end":{"line":35,"column":3}}]},"3":{"loc":{"start":{"line":31,"column":3},"end":{"line":33,"column":4}},"type":"if","locations":[{"start":{"line":31,"column":3},"end":{"line":33,"column":4}}]},"4":{"loc":{"start":{"line":31,"column":7},"end":{"line":31,"column":53}},"type":"binary-expr","locations":[{"start":{"line":31,"column":7},"end":{"line":31,"column":19}},{"start":{"line":31,"column":23},"end":{"line":31,"column":53}}]},"5":{"loc":{"start":{"line":39,"column":2},"end":{"line":42,"column":3}},"type":"if","locations":[{"start":{"line":39,"column":2},"end":{"line":42,"column":3}}]},"6":{"loc":{"start":{"line":39,"column":6},"end":{"line":39,"column":47}},"type":"binary-expr","locations":[{"start":{"line":39,"column":6},"end":{"line":39,"column":16}},{"start":{"line":39,"column":20},"end":{"line":39,"column":47}}]},"7":{"loc":{"start":{"line":53,"column":13},"end":{"line":53,"column":41}},"type":"default-arg","locations":[{"start":{"line":53,"column":39},"end":{"line":53,"column":41}}]},"8":{"loc":{"start":{"line":58,"column":9},"end":{"line":59,"column":67}},"type":"cond-expr","locations":[{"start":{"line":59,"column":3},"end":{"line":59,"column":55}},{"start":{"line":59,"column":58},"end":{"line":59,"column":67}}]}},"s":{"0":24,"1":0,"2":0,"3":5,"4":9,"5":0,"6":0,"7":0,"8":0,"9":45,"10":45,"11":0,"12":0,"13":0,"14":0,"15":0,"16":0,"17":0,"18":1,"19":1,"20":12,"21":0,"22":0,"23":22,"24":1},"f":{"0":24,"1":0,"2":0,"3":5,"4":9,"5":0,"6":0,"7":0,"8":0,"9":45,"10":0,"11":1,"12":12,"13":0,"14":0,"15":22},"b":{"0":[12],"1":[2,3],"2":[45,0],"3":[0],"4":[0,0],"5":[0],"6":[0,0],"7":[12],"8":[0,0]}}
,"C:\\Projects\\ood\\lw7\\src\\style\\Style.ts": {"path":"C:\\Projects\\ood\\lw7\\src\\style\\Style.ts","statementMap":{"0":{"start":{"line":4,"column":29},"end":{"line":4,"column":33}},"1":{"start":{"line":7,"column":10},"end":{"line":7,"column":25}},"2":{"start":{"line":9,"column":2},"end":{"line":11,"column":3}},"3":{"start":{"line":10,"column":3},"end":{"line":10,"column":25}},"4":{"start":{"line":15,"column":2},"end":{"line":15,"column":25}},"5":{"start":{"line":19,"column":2},"end":{"line":21,"column":3}},"6":{"start":{"line":20,"column":3},"end":{"line":20,"column":22}},"7":{"start":{"line":22,"column":2},"end":{"line":22,"column":19}},"8":{"start":{"line":26,"column":2},"end":{"line":26,"column":23}},"9":{"start":{"line":30,"column":2},"end":{"line":30,"column":22}},"10":{"start":{"line":47,"column":8},"end":{"line":47,"column":13}},"11":{"start":{"line":39,"column":2},"end":{"line":39,"column":15}},"12":{"start":{"line":37,"column":10},"end":{"line":37,"column":30}},"13":{"start":{"line":43,"column":2},"end":{"line":43,"column":26}},"14":{"start":{"line":47,"column":15},"end":{"line":47,"column":27}}},"fnMap":{"0":{"name":"(anonymous_0)","decl":{"start":{"line":6,"column":1},"end":{"line":6,"column":null}},"loc":{"start":{"line":7,"column":25},"end":{"line":12,"column":2}}},"1":{"name":"(anonymous_1)","decl":{"start":{"line":14,"column":1},"end":{"line":14,"column":7}},"loc":{"start":{"line":14,"column":23},"end":{"line":16,"column":2}}},"2":{"name":"(anonymous_2)","decl":{"start":{"line":18,"column":1},"end":{"line":18,"column":9}},"loc":{"start":{"line":18,"column":9},"end":{"line":23,"column":2}}},"3":{"name":"(anonymous_3)","decl":{"start":{"line":25,"column":1},"end":{"line":25,"column":10}},"loc":{"start":{"line":25,"column":10},"end":{"line":27,"column":2}}},"4":{"name":"(anonymous_4)","decl":{"start":{"line":29,"column":1},"end":{"line":29,"column":9}},"loc":{"start":{"line":29,"column":23},"end":{"line":31,"column":2}}},"5":{"name":"(anonymous_5)","decl":{"start":{"line":35,"column":1},"end":{"line":35,"column":null}},"loc":{"start":{"line":37,"column":30},"end":{"line":40,"column":2}}},"6":{"name":"(anonymous_6)","decl":{"start":{"line":42,"column":1},"end":{"line":42,"column":14}},"loc":{"start":{"line":42,"column":14},"end":{"line":44,"column":2}}}},"branchMap":{"0":{"loc":{"start":{"line":9,"column":2},"end":{"line":11,"column":3}},"type":"if","locations":[{"start":{"line":9,"column":2},"end":{"line":11,"column":3}}]},"1":{"loc":{"start":{"line":19,"column":2},"end":{"line":21,"column":3}},"type":"if","locations":[{"start":{"line":19,"column":2},"end":{"line":21,"column":3}}]}},"s":{"0":50,"1":50,"2":50,"3":0,"4":0,"5":41,"6":41,"7":0,"8":0,"9":0,"10":1,"11":23,"12":23,"13":3,"14":1},"f":{"0":50,"1":0,"2":41,"3":0,"4":0,"5":23,"6":3},"b":{"0":[0],"1":[41]}}
}
