TN:
SF:src\CommonTypes.ts
FN:3,(anonymous_0)
FN:10,(anonymous_1)
FNF:2
FNH:2
FNDA:57,(anonymous_0)
FNDA:16,(anonymous_1)
DA:4,57
DA:5,57
DA:6,57
DA:7,57
DA:11,16
DA:12,16
DA:13,16
DA:14,16
DA:18,1
LF:9
LH:9
BRF:0
BRH:0
end_of_record
TN:
SF:src\Observer.ts
FN:14,(anonymous_0)
FN:20,(anonymous_1)
FN:24,(anonymous_2)
FN:28,(anonymous_3)
FN:35,(anonymous_4)
FNF:5
FNH:3
FNDA:21,(anonymous_0)
FNDA:0,(anonymous_1)
FNDA:3,(anonymous_2)
FNDA:0,(anonymous_3)
FNDA:3,(anonymous_4)
DA:12,22
DA:15,21
DA:16,21
DA:21,0
DA:25,3
DA:27,3
DA:28,0
DA:29,3
DA:31,3
DA:36,3
DA:40,1
LF:11
LH:9
BRDA:14,0,0,21
BRDA:15,1,0,21
BRF:2
BRH:2
end_of_record
TN:
SF:src\drawingStrategy.ts
FN:5,(anonymous_0)
FN:11,circleDrawingStrategy
FN:20,makePolygonDrawingStrategy
FN:21,(anonymous_3)
FNF:4
FNH:1
FNDA:0,(anonymous_0)
FNDA:0,circleDrawingStrategy
FNDA:1,makePolygonDrawingStrategy
FNDA:0,(anonymous_3)
DA:6,0
DA:7,0
DA:12,0
DA:13,0
DA:14,0
DA:15,0
DA:16,0
DA:17,0
DA:21,1
DA:22,0
DA:23,0
DA:24,0
DA:26,0
DA:27,0
DA:28,0
DA:29,0
DA:31,0
DA:32,0
DA:34,0
DA:35,0
DA:36,0
DA:37,0
DA:38,0
DA:41,0
DA:42,0
DA:43,0
DA:47,1
LF:27
LH:2
BRF:0
BRH:0
end_of_record
TN:
SF:src\shape\Slide.ts
FN:13,(anonymous_0)
FN:22,(anonymous_1)
FN:26,(anonymous_2)
FN:30,(anonymous_3)
FN:34,(anonymous_4)
FN:38,(anonymous_5)
FN:42,(anonymous_6)
FN:47,(anonymous_7)
FN:51,(anonymous_8)
FN:55,(anonymous_9)
FN:66,(anonymous_10)
FN:70,(anonymous_11)
FN:74,(anonymous_12)
FN:82,(anonymous_13)
FN:93,(anonymous_14)
FN:102,(anonymous_15)
FN:107,calculateShape
FN:128,(anonymous_17)
FN:131,(anonymous_18)
FN:140,(anonymous_19)
FN:144,(anonymous_20)
FN:146,(anonymous_21)
FN:154,(anonymous_22)
FN:155,(anonymous_23)
FN:158,(anonymous_24)
FN:162,(anonymous_25)
FN:166,(anonymous_26)
FN:170,(anonymous_27)
FN:174,(anonymous_28)
FN:178,(anonymous_29)
FN:191,(anonymous_30)
FN:192,(anonymous_31)
FN:197,(anonymous_32)
FN:198,(anonymous_33)
FN:203,(anonymous_34)
FN:205,(anonymous_35)
FN:210,(anonymous_36)
FN:216,(anonymous_37)
FN:220,(anonymous_38)
FN:222,(anonymous_39)
FNF:40
FNH:32
FNDA:22,(anonymous_0)
FNDA:2,(anonymous_1)
FNDA:28,(anonymous_2)
FNDA:44,(anonymous_3)
FNDA:0,(anonymous_4)
FNDA:27,(anonymous_5)
FNDA:3,(anonymous_6)
FNDA:4,(anonymous_7)
FNDA:1,(anonymous_8)
FNDA:3,(anonymous_9)
FNDA:12,(anonymous_10)
FNDA:5,(anonymous_11)
FNDA:4,(anonymous_12)
FNDA:0,(anonymous_13)
FNDA:0,(anonymous_14)
FNDA:32,(anonymous_15)
FNDA:30,calculateShape
FNDA:12,(anonymous_17)
FNDA:22,(anonymous_18)
FNDA:4,(anonymous_19)
FNDA:16,(anonymous_20)
FNDA:28,(anonymous_21)
FNDA:1,(anonymous_22)
FNDA:2,(anonymous_23)
FNDA:4,(anonymous_24)
FNDA:3,(anonymous_25)
FNDA:11,(anonymous_26)
FNDA:0,(anonymous_27)
FNDA:1,(anonymous_28)
FNDA:2,(anonymous_29)
FNDA:1,(anonymous_30)
FNDA:2,(anonymous_31)
FNDA:0,(anonymous_32)
FNDA:0,(anonymous_33)
FNDA:1,(anonymous_34)
FNDA:2,(anonymous_35)
FNDA:1,(anonymous_36)
FNDA:0,(anonymous_37)
FNDA:16,(anonymous_38)
FNDA:0,(anonymous_39)
DA:2,1
DA:3,1
DA:6,1
DA:7,1
DA:14,22
DA:15,22
DA:16,22
DA:17,22
DA:19,22
DA:23,2
DA:27,28
DA:31,44
DA:35,0
DA:39,27
DA:43,3
DA:44,3
DA:48,4
DA:52,1
DA:56,3
DA:67,12
DA:71,5
DA:75,4
DA:76,4
DA:77,0
DA:79,4
DA:83,0
DA:84,0
DA:86,0
DA:87,0
DA:89,0
DA:94,0
DA:95,0
DA:96,0
DA:99,0
DA:103,32
DA:108,30
DA:109,16
DA:111,30
DA:112,16
DA:114,30
DA:115,26
DA:117,30
DA:118,26
DA:123,12
DA:124,12
DA:125,12
DA:126,12
DA:129,12
DA:131,12
DA:132,22
DA:133,22
DA:134,22
DA:137,12
DA:141,4
DA:145,16
DA:146,16
DA:147,28
DA:150,16
DA:151,16
DA:155,2
DA:159,4
DA:163,3
DA:167,11
DA:171,0
DA:175,1
DA:176,1
DA:178,1
DA:179,2
DA:181,2
DA:182,2
DA:183,2
DA:184,2
DA:186,2
DA:187,2
DA:192,2
DA:193,1
DA:194,1
DA:198,0
DA:199,0
DA:200,0
DA:204,1
DA:205,2
DA:206,1
DA:211,1
DA:212,1
DA:217,0
DA:221,16
DA:222,0
DA:223,16
DA:225,1
DA:229,1
LF:91
LH:74
BRDA:76,0,0,0
BRDA:83,1,0,0
BRDA:83,1,1,0
BRDA:86,2,0,0
BRDA:86,3,0,0
BRDA:86,3,1,0
BRDA:94,4,0,0
BRDA:94,5,0,0
BRDA:94,5,1,0
BRDA:108,6,0,16
BRDA:111,7,0,16
BRDA:114,8,0,26
BRDA:117,9,0,26
BRDA:210,10,0,1
BRDA:211,11,0,1
BRF:15
BRH:6
end_of_record
TN:
SF:src\style\GroupStyle.ts
FN:4,(anonymous_0)
FN:9,(anonymous_1)
FN:10,(anonymous_2)
FN:13,(anonymous_3)
FN:14,(anonymous_4)
FN:19,(anonymous_5)
FN:20,(anonymous_6)
FN:23,(anonymous_7)
FN:24,(anonymous_8)
FN:27,(anonymous_9)
FN:38,(anonymous_10)
FN:47,(anonymous_11)
FN:53,(anonymous_12)
FN:57,(anonymous_13)
FN:58,(anonymous_14)
FN:62,(anonymous_15)
FNF:16
FNH:7
FNDA:24,(anonymous_0)
FNDA:0,(anonymous_1)
FNDA:0,(anonymous_2)
FNDA:5,(anonymous_3)
FNDA:9,(anonymous_4)
FNDA:0,(anonymous_5)
FNDA:0,(anonymous_6)
FNDA:0,(anonymous_7)
FNDA:0,(anonymous_8)
FNDA:45,(anonymous_9)
FNDA:0,(anonymous_10)
FNDA:1,(anonymous_11)
FNDA:12,(anonymous_12)
FNDA:0,(anonymous_13)
FNDA:0,(anonymous_14)
FNDA:22,(anonymous_15)
DA:5,24
DA:10,0
DA:14,9
DA:20,0
DA:24,0
DA:28,45
DA:29,45
DA:31,0
DA:32,0
DA:34,0
DA:39,0
DA:40,0
DA:41,0
DA:44,0
DA:48,1
DA:54,12
DA:58,0
DA:63,22
DA:67,1
LF:19
LH:8
BRDA:5,0,0,12
BRDA:14,1,0,2
BRDA:14,1,1,3
BRDA:28,2,0,45
BRDA:28,2,1,0
BRDA:31,3,0,0
BRDA:31,4,0,0
BRDA:31,4,1,0
BRDA:39,5,0,0
BRDA:39,6,0,0
BRDA:39,6,1,0
BRDA:53,7,0,12
BRDA:58,8,0,0
BRDA:58,8,1,0
BRF:14
BRH:5
end_of_record
TN:
SF:src\style\Style.ts
FN:6,(anonymous_0)
FN:14,(anonymous_1)
FN:18,(anonymous_2)
FN:25,(anonymous_3)
FN:29,(anonymous_4)
FN:35,(anonymous_5)
FN:42,(anonymous_6)
FNF:7
FNH:4
FNDA:50,(anonymous_0)
FNDA:0,(anonymous_1)
FNDA:41,(anonymous_2)
FNDA:0,(anonymous_3)
FNDA:0,(anonymous_4)
FNDA:23,(anonymous_5)
FNDA:3,(anonymous_6)
DA:4,50
DA:7,50
DA:9,50
DA:10,0
DA:15,0
DA:19,41
DA:20,41
DA:22,0
DA:26,0
DA:30,0
DA:37,23
DA:39,23
DA:43,3
DA:47,1
LF:14
LH:9
BRDA:9,0,0,0
BRDA:19,1,0,41
BRF:2
BRH:1
end_of_record
