<?xml version="1.0" encoding="UTF-8"?>
<coverage generated="1731136734732" clover="3.2.0">
  <project timestamp="1731136734732" name="All files">
    <metrics statements="46" coveredstatements="39" conditionals="6" coveredconditionals="3" methods="14" coveredmethods="12" elements="66" coveredelements="54" complexity="0" loc="46" ncloc="46" packages="1" files="3" classes="3"/>
    <file name="ModernGraphicsLib.ts" path="C:\Projects\ood\lw5\src\ModernGraphicsLib.ts">
      <metrics statements="22" coveredstatements="16" conditionals="5" coveredconditionals="2" methods="7" coveredmethods="6"/>
      <line num="1" count="1" type="cond" truecount="2" falsecount="0"/>
      <line num="2" count="1" type="stmt"/>
      <line num="3" count="5" type="stmt"/>
      <line num="6" count="1" type="stmt"/>
      <line num="7" count="5" type="stmt"/>
      <line num="10" count="1" type="stmt"/>
      <line num="11" count="2" type="stmt"/>
      <line num="13" count="2" type="stmt"/>
      <line num="16" count="2" type="cond" truecount="0" falsecount="1"/>
      <line num="17" count="0" type="stmt"/>
      <line num="19" count="2" type="stmt"/>
      <line num="20" count="2" type="stmt"/>
      <line num="24" count="3" type="cond" truecount="0" falsecount="1"/>
      <line num="25" count="0" type="stmt"/>
      <line num="28" count="3" type="stmt"/>
      <line num="29" count="3" type="stmt"/>
      <line num="30" count="3" type="stmt"/>
      <line num="34" count="0" type="cond" truecount="0" falsecount="1"/>
      <line num="35" count="0" type="stmt"/>
      <line num="37" count="0" type="stmt"/>
      <line num="38" count="0" type="stmt"/>
      <line num="43" count="1" type="stmt"/>
    </file>
    <file name="ModernGraphicsToOldGraphicsAdapter.ts" path="C:\Projects\ood\lw5\src\ModernGraphicsToOldGraphicsAdapter.ts">
      <metrics statements="21" coveredstatements="20" conditionals="1" coveredconditionals="1" methods="6" coveredmethods="5"/>
      <line num="2" count="1" type="stmt"/>
      <line num="3" count="1" type="stmt"/>
      <line num="4" count="1" type="stmt"/>
      <line num="8" count="2" type="stmt"/>
      <line num="12" count="2" type="stmt"/>
      <line num="13" count="2" type="stmt"/>
      <line num="14" count="2" type="stmt"/>
      <line num="18" count="3" type="stmt"/>
      <line num="22" count="3" type="stmt"/>
      <line num="24" count="3" type="cond" truecount="1" falsecount="0"/>
      <line num="25" count="3" type="stmt"/>
      <line num="26" count="3" type="stmt"/>
      <line num="29" count="3" type="stmt"/>
      <line num="33" count="3" type="stmt"/>
      <line num="34" count="3" type="stmt"/>
      <line num="35" count="3" type="stmt"/>
      <line num="36" count="3" type="stmt"/>
      <line num="37" count="3" type="stmt"/>
      <line num="41" count="0" type="stmt"/>
      <line num="45" count="9" type="stmt"/>
      <line num="49" count="1" type="stmt"/>
    </file>
    <file name="Point.ts" path="C:\Projects\ood\lw5\src\Point.ts">
      <metrics statements="3" coveredstatements="3" conditionals="0" coveredconditionals="0" methods="1" coveredmethods="1"/>
      <line num="3" count="6" type="stmt"/>
      <line num="4" count="6" type="stmt"/>
      <line num="8" count="1" type="stmt"/>
    </file>
  </project>
</coverage>
