{"C:\\Projects\\ood\\lw5\\src\\ModernGraphicsLib.ts": {"path":"C:\\Projects\\ood\\lw5\\src\\ModernGraphicsLib.ts","statementMap":{"0":{"start":{"line":1,"column":0},"end":{"line":1,"column":null}},"1":{"start":{"line":3,"column":21},"end":{"line":3,"column":30}},"2":{"start":{"line":3,"column":39},"end":{"line":3,"column":48}},"3":{"start":{"line":2,"column":14},"end":{"line":4,"column":null}},"4":{"start":{"line":7,"column":21},"end":{"line":7,"column":30}},"5":{"start":{"line":7,"column":39},"end":{"line":7,"column":48}},"6":{"start":{"line":7,"column":57},"end":{"line":7,"column":66}},"7":{"start":{"line":7,"column":75},"end":{"line":7,"column":84}},"8":{"start":{"line":6,"column":14},"end":{"line":8,"column":null}},"9":{"start":{"line":11,"column":22},"end":{"line":11,"column":27}},"10":{"start":{"line":13,"column":22},"end":{"line":13,"column":67}},"11":{"start":{"line":16,"column":3},"end":{"line":18,"column":4}},"12":{"start":{"line":17,"column":4},"end":{"line":17,"column":49}},"13":{"start":{"line":19,"column":3},"end":{"line":19,"column":28}},"14":{"start":{"line":20,"column":3},"end":{"line":20,"column":25}},"15":{"start":{"line":24,"column":3},"end":{"line":26,"column":4}},"16":{"start":{"line":25,"column":4},"end":{"line":25,"column":78}},"17":{"start":{"line":28,"column":3},"end":{"line":28,"column":96}},"18":{"start":{"line":29,"column":3},"end":{"line":29,"column":93}},"19":{"start":{"line":30,"column":3},"end":{"line":30,"column":29}},"20":{"start":{"line":34,"column":3},"end":{"line":36,"column":4}},"21":{"start":{"line":35,"column":4},"end":{"line":35,"column":52}},"22":{"start":{"line":37,"column":3},"end":{"line":37,"column":29}},"23":{"start":{"line":38,"column":3},"end":{"line":38,"column":26}},"24":{"start":{"line":10,"column":14},"end":{"line":40,"column":null}},"25":{"start":{"line":43,"column":0},"end":{"line":43,"column":33}}},"fnMap":{"0":{"name":"(anonymous_0)","decl":{"start":{"line":1,"column":0},"end":{"line":1,"column":10}},"loc":{"start":{"line":1,"column":27},"end":{"line":41,"column":1}}},"1":{"name":"(anonymous_1)","decl":{"start":{"line":3,"column":2},"end":{"line":3,"column":21}},"loc":{"start":{"line":3,"column":48},"end":{"line":3,"column":52}}},"2":{"name":"(anonymous_2)","decl":{"start":{"line":7,"column":2},"end":{"line":7,"column":21}},"loc":{"start":{"line":7,"column":84},"end":{"line":7,"column":88}}},"3":{"name":"(anonymous_3)","decl":{"start":{"line":13,"column":2},"end":{"line":13,"column":22}},"loc":{"start":{"line":13,"column":67},"end":{"line":13,"column":71}}},"4":{"name":"(anonymous_4)","decl":{"start":{"line":15,"column":2},"end":{"line":15,"column":11}},"loc":{"start":{"line":15,"column":11},"end":{"line":21,"column":3}}},"5":{"name":"(anonymous_5)","decl":{"start":{"line":23,"column":2},"end":{"line":23,"column":10}},"loc":{"start":{"line":23,"column":53},"end":{"line":31,"column":3}}},"6":{"name":"(anonymous_6)","decl":{"start":{"line":33,"column":2},"end":{"line":33,"column":9}},"loc":{"start":{"line":33,"column":9},"end":{"line":39,"column":3}}}},"branchMap":{"0":{"loc":{"start":{"line":16,"column":3},"end":{"line":18,"column":4}},"type":"if","locations":[{"start":{"line":16,"column":3},"end":{"line":18,"column":4}}]},"1":{"loc":{"start":{"line":24,"column":3},"end":{"line":26,"column":4}},"type":"if","locations":[{"start":{"line":24,"column":3},"end":{"line":26,"column":4}}]},"2":{"loc":{"start":{"line":34,"column":3},"end":{"line":36,"column":4}},"type":"if","locations":[{"start":{"line":34,"column":3},"end":{"line":36,"column":4}}]},"3":{"loc":{"start":{"line":1,"column":10},"end":{"line":1,"column":null}},"type":"binary-expr","locations":[{"start":{"line":1,"column":10},"end":{"line":1,"column":27}},{"start":{"line":1,"column":10},"end":{"line":1,"column":null}}]}},"s":{"0":1,"1":5,"2":5,"3":1,"4":5,"5":5,"6":5,"7":5,"8":1,"9":2,"10":2,"11":2,"12":0,"13":2,"14":2,"15":3,"16":0,"17":3,"18":3,"19":3,"20":0,"21":0,"22":0,"23":0,"24":1,"25":1},"f":{"0":1,"1":5,"2":5,"3":2,"4":2,"5":3,"6":0},"b":{"0":[0],"1":[0],"2":[0],"3":[1,1]}}
,"C:\\Projects\\ood\\lw5\\src\\ModernGraphicsToOldGraphicsAdapter.ts": {"path":"C:\\Projects\\ood\\lw5\\src\\ModernGraphicsToOldGraphicsAdapter.ts","statementMap":{"0":{"start":{"line":2,"column":0},"end":{"line":2,"column":52}},"1":{"start":{"line":3,"column":19},"end":{"line":3,"column":46}},"2":{"start":{"line":4,"column":0},"end":{"line":4,"column":30}},"3":{"start":{"line":8,"column":47},"end":{"line":8,"column":80}},"4":{"start":{"line":12,"column":2},"end":{"line":12,"column":41}},"5":{"start":{"line":13,"column":2},"end":{"line":13,"column":27}},"6":{"start":{"line":14,"column":2},"end":{"line":14,"column":23}},"7":{"start":{"line":18,"column":2},"end":{"line":18,"column":54}},"8":{"start":{"line":22,"column":19},"end":{"line":22,"column":34}},"9":{"start":{"line":24,"column":2},"end":{"line":27,"column":3}},"10":{"start":{"line":25,"column":3},"end":{"line":25,"column":97}},"11":{"start":{"line":26,"column":3},"end":{"line":26,"column":30}},"12":{"start":{"line":29,"column":2},"end":{"line":29,"column":37}},"13":{"start":{"line":33,"column":12},"end":{"line":33,"column":45}},"14":{"start":{"line":34,"column":12},"end":{"line":34,"column":44}},"15":{"start":{"line":35,"column":12},"end":{"line":35,"column":37}},"16":{"start":{"line":36,"column":2},"end":{"line":36,"column":43}},"17":{"start":{"line":37,"column":2},"end":{"line":37,"column":110}},"18":{"start":{"line":41,"column":2},"end":{"line":41,"column":26}},"19":{"start":{"line":45,"column":2},"end":{"line":45,"column":68}},"20":{"start":{"line":49,"column":8},"end":{"line":49,"column":42}}},"fnMap":{"0":{"name":"(anonymous_1)","decl":{"start":{"line":11,"column":1},"end":{"line":11,"column":13}},"loc":{"start":{"line":11,"column":63},"end":{"line":15,"column":2}}},"1":{"name":"(anonymous_2)","decl":{"start":{"line":17,"column":1},"end":{"line":17,"column":7}},"loc":{"start":{"line":17,"column":28},"end":{"line":19,"column":2}}},"2":{"name":"(anonymous_3)","decl":{"start":{"line":21,"column":1},"end":{"line":21,"column":7}},"loc":{"start":{"line":21,"column":28},"end":{"line":30,"column":2}}},"3":{"name":"(anonymous_4)","decl":{"start":{"line":32,"column":1},"end":{"line":32,"column":9}},"loc":{"start":{"line":32,"column":26},"end":{"line":38,"column":2}}},"4":{"name":"(anonymous_5)","decl":{"start":{"line":40,"column":1},"end":{"line":40,"column":14}},"loc":{"start":{"line":40,"column":14},"end":{"line":42,"column":2}}},"5":{"name":"(anonymous_6)","decl":{"start":{"line":44,"column":9},"end":{"line":44,"column":14}},"loc":{"start":{"line":44,"column":28},"end":{"line":46,"column":2}}}},"branchMap":{"0":{"loc":{"start":{"line":24,"column":2},"end":{"line":27,"column":3}},"type":"if","locations":[{"start":{"line":24,"column":2},"end":{"line":27,"column":3}}]}},"s":{"0":1,"1":1,"2":1,"3":2,"4":2,"5":2,"6":2,"7":3,"8":3,"9":3,"10":3,"11":3,"12":3,"13":3,"14":3,"15":3,"16":3,"17":3,"18":0,"19":9,"20":1},"f":{"0":2,"1":3,"2":3,"3":3,"4":0,"5":9},"b":{"0":[3]}}
,"C:\\Projects\\ood\\lw5\\src\\Point.ts": {"path":"C:\\Projects\\ood\\lw5\\src\\Point.ts","statementMap":{"0":{"start":{"line":3,"column":18},"end":{"line":3,"column":27}},"1":{"start":{"line":4,"column":18},"end":{"line":4,"column":27}},"2":{"start":{"line":8,"column":8},"end":{"line":8,"column":13}}},"fnMap":{"0":{"name":"(anonymous_0)","decl":{"start":{"line":2,"column":1},"end":{"line":2,"column":null}},"loc":{"start":{"line":4,"column":27},"end":{"line":5,"column":5}}}},"branchMap":{},"s":{"0":6,"1":6,"2":1},"f":{"0":6},"b":{}}
}
