TN:
SF:src\ModernGraphicsLib.ts
FN:1,(anonymous_0)
FN:3,(anonymous_1)
FN:7,(anonymous_2)
FN:13,(anonymous_3)
FN:15,(anonymous_4)
FN:23,(anonymous_5)
FN:33,(anonymous_6)
FNF:7
FNH:6
FNDA:1,(anonymous_0)
FNDA:5,(anonymous_1)
FNDA:5,(anonymous_2)
FNDA:2,(anonymous_3)
FNDA:2,(anonymous_4)
FNDA:3,(anonymous_5)
FNDA:0,(anonymous_6)
DA:1,1
DA:2,1
DA:3,5
DA:6,1
DA:7,5
DA:10,1
DA:11,2
DA:13,2
DA:16,2
DA:17,0
DA:19,2
DA:20,2
DA:24,3
DA:25,0
DA:28,3
DA:29,3
DA:30,3
DA:34,0
DA:35,0
DA:37,0
DA:38,0
DA:43,1
LF:22
LH:16
BRDA:16,0,0,0
BRDA:24,1,0,0
BRDA:34,2,0,0
BRDA:1,3,0,1
BRDA:1,3,1,1
BRF:5
BRH:2
end_of_record
TN:
SF:src\ModernGraphicsToOldGraphicsAdapter.ts
FN:11,(anonymous_1)
FN:17,(anonymous_2)
FN:21,(anonymous_3)
FN:32,(anonymous_4)
FN:40,(anonymous_5)
FN:44,(anonymous_6)
FNF:6
FNH:5
FNDA:2,(anonymous_1)
FNDA:3,(anonymous_2)
FNDA:3,(anonymous_3)
FNDA:3,(anonymous_4)
FNDA:0,(anonymous_5)
FNDA:9,(anonymous_6)
DA:2,1
DA:3,1
DA:4,1
DA:8,2
DA:12,2
DA:13,2
DA:14,2
DA:18,3
DA:22,3
DA:24,3
DA:25,3
DA:26,3
DA:29,3
DA:33,3
DA:34,3
DA:35,3
DA:36,3
DA:37,3
DA:41,0
DA:45,9
DA:49,1
LF:21
LH:20
BRDA:24,0,0,3
BRF:1
BRH:1
end_of_record
TN:
SF:src\Point.ts
FN:2,(anonymous_0)
FNF:1
FNH:1
FNDA:6,(anonymous_0)
DA:3,6
DA:4,6
DA:8,1
LF:3
LH:3
BRF:0
BRH:0
end_of_record
