<?xml version="1.0" encoding="UTF-8"?>
<coverage generated="1731136907771" clover="3.2.0">
  <project timestamp="1731136907771" name="All files">
    <metrics statements="26" coveredstatements="23" conditionals="5" coveredconditionals="2" methods="9" coveredmethods="9" elements="40" coveredelements="34" complexity="0" loc="26" ncloc="26" packages="1" files="2" classes="2"/>
    <file name="ModernGraphicsLib.ts" path="C:\Projects\ood\lw6_class\src\ModernGraphicsLib.ts">
      <metrics statements="18" coveredstatements="15" conditionals="5" coveredconditionals="2" methods="6" coveredmethods="6"/>
      <line num="1" count="1" type="cond" truecount="2" falsecount="0"/>
      <line num="2" count="1" type="stmt"/>
      <line num="3" count="5" type="stmt"/>
      <line num="6" count="1" type="stmt"/>
      <line num="7" count="3" type="stmt"/>
      <line num="9" count="3" type="stmt"/>
      <line num="12" count="3" type="cond" truecount="0" falsecount="1"/>
      <line num="13" count="0" type="stmt"/>
      <line num="15" count="3" type="stmt"/>
      <line num="16" count="3" type="stmt"/>
      <line num="20" count="1" type="cond" truecount="0" falsecount="1"/>
      <line num="21" count="0" type="stmt"/>
      <line num="23" count="1" type="stmt"/>
      <line num="27" count="1" type="cond" truecount="0" falsecount="1"/>
      <line num="28" count="0" type="stmt"/>
      <line num="30" count="1" type="stmt"/>
      <line num="31" count="1" type="stmt"/>
      <line num="36" count="1" type="stmt"/>
    </file>
    <file name="ModernGraphicsToOldGraphicsAdapter.ts" path="C:\Projects\ood\lw6_class\src\ModernGraphicsToOldGraphicsAdapter.ts">
      <metrics statements="8" coveredstatements="8" conditionals="0" coveredconditionals="0" methods="3" coveredmethods="3"/>
      <line num="2" count="1" type="stmt"/>
      <line num="5" count="3" type="stmt"/>
      <line num="8" count="3" type="stmt"/>
      <line num="9" count="3" type="stmt"/>
      <line num="13" count="1" type="stmt"/>
      <line num="17" count="1" type="stmt"/>
      <line num="18" count="1" type="stmt"/>
      <line num="23" count="1" type="stmt"/>
    </file>
  </project>
</coverage>
