{"C:\\Projects\\ood\\lw6_class\\src\\ModernGraphicsLib.ts": {"path":"C:\\Projects\\ood\\lw6_class\\src\\ModernGraphicsLib.ts","statementMap":{"0":{"start":{"line":1,"column":0},"end":{"line":1,"column":null}},"1":{"start":{"line":3,"column":21},"end":{"line":3,"column":30}},"2":{"start":{"line":3,"column":39},"end":{"line":3,"column":48}},"3":{"start":{"line":2,"column":14},"end":{"line":4,"column":null}},"4":{"start":{"line":7,"column":22},"end":{"line":7,"column":27}},"5":{"start":{"line":9,"column":22},"end":{"line":9,"column":67}},"6":{"start":{"line":12,"column":3},"end":{"line":14,"column":4}},"7":{"start":{"line":13,"column":4},"end":{"line":13,"column":49}},"8":{"start":{"line":15,"column":3},"end":{"line":15,"column":28}},"9":{"start":{"line":16,"column":3},"end":{"line":16,"column":25}},"10":{"start":{"line":20,"column":3},"end":{"line":22,"column":4}},"11":{"start":{"line":21,"column":4},"end":{"line":21,"column":78}},"12":{"start":{"line":23,"column":3},"end":{"line":23,"column":99}},"13":{"start":{"line":27,"column":3},"end":{"line":29,"column":4}},"14":{"start":{"line":28,"column":4},"end":{"line":28,"column":52}},"15":{"start":{"line":30,"column":3},"end":{"line":30,"column":29}},"16":{"start":{"line":31,"column":3},"end":{"line":31,"column":26}},"17":{"start":{"line":6,"column":14},"end":{"line":33,"column":null}},"18":{"start":{"line":36,"column":0},"end":{"line":36,"column":33}}},"fnMap":{"0":{"name":"(anonymous_0)","decl":{"start":{"line":1,"column":0},"end":{"line":1,"column":10}},"loc":{"start":{"line":1,"column":27},"end":{"line":34,"column":1}}},"1":{"name":"(anonymous_1)","decl":{"start":{"line":3,"column":2},"end":{"line":3,"column":21}},"loc":{"start":{"line":3,"column":48},"end":{"line":3,"column":52}}},"2":{"name":"(anonymous_2)","decl":{"start":{"line":9,"column":2},"end":{"line":9,"column":22}},"loc":{"start":{"line":9,"column":67},"end":{"line":9,"column":71}}},"3":{"name":"(anonymous_3)","decl":{"start":{"line":11,"column":2},"end":{"line":11,"column":11}},"loc":{"start":{"line":11,"column":11},"end":{"line":17,"column":3}}},"4":{"name":"(anonymous_4)","decl":{"start":{"line":19,"column":2},"end":{"line":19,"column":10}},"loc":{"start":{"line":19,"column":35},"end":{"line":24,"column":3}}},"5":{"name":"(anonymous_5)","decl":{"start":{"line":26,"column":2},"end":{"line":26,"column":9}},"loc":{"start":{"line":26,"column":9},"end":{"line":32,"column":3}}}},"branchMap":{"0":{"loc":{"start":{"line":12,"column":3},"end":{"line":14,"column":4}},"type":"if","locations":[{"start":{"line":12,"column":3},"end":{"line":14,"column":4}}]},"1":{"loc":{"start":{"line":20,"column":3},"end":{"line":22,"column":4}},"type":"if","locations":[{"start":{"line":20,"column":3},"end":{"line":22,"column":4}}]},"2":{"loc":{"start":{"line":27,"column":3},"end":{"line":29,"column":4}},"type":"if","locations":[{"start":{"line":27,"column":3},"end":{"line":29,"column":4}}]},"3":{"loc":{"start":{"line":1,"column":10},"end":{"line":1,"column":null}},"type":"binary-expr","locations":[{"start":{"line":1,"column":10},"end":{"line":1,"column":27}},{"start":{"line":1,"column":10},"end":{"line":1,"column":null}}]}},"s":{"0":1,"1":5,"2":5,"3":1,"4":3,"5":3,"6":3,"7":0,"8":3,"9":3,"10":1,"11":0,"12":1,"13":1,"14":0,"15":1,"16":1,"17":1,"18":1},"f":{"0":1,"1":5,"2":3,"3":3,"4":1,"5":1},"b":{"0":[0],"1":[0],"2":[0],"3":[1,1]}}
,"C:\\Projects\\ood\\lw6_class\\src\\ModernGraphicsToOldGraphicsAdapter.ts": {"path":"C:\\Projects\\ood\\lw6_class\\src\\ModernGraphicsToOldGraphicsAdapter.ts","statementMap":{"0":{"start":{"line":2,"column":0},"end":{"line":2,"column":52}},"1":{"start":{"line":5,"column":47},"end":{"line":5,"column":80}},"2":{"start":{"line":8,"column":2},"end":{"line":8,"column":15}},"3":{"start":{"line":9,"column":2},"end":{"line":9,"column":19}},"4":{"start":{"line":13,"column":2},"end":{"line":13,"column":54}},"5":{"start":{"line":17,"column":19},"end":{"line":17,"column":52}},"6":{"start":{"line":18,"column":2},"end":{"line":18,"column":43}},"7":{"start":{"line":23,"column":8},"end":{"line":23,"column":42}}},"fnMap":{"0":{"name":"(anonymous_1)","decl":{"start":{"line":7,"column":1},"end":{"line":7,"column":13}},"loc":{"start":{"line":7,"column":60},"end":{"line":10,"column":2}}},"1":{"name":"(anonymous_2)","decl":{"start":{"line":12,"column":1},"end":{"line":12,"column":7}},"loc":{"start":{"line":12,"column":28},"end":{"line":14,"column":2}}},"2":{"name":"(anonymous_3)","decl":{"start":{"line":16,"column":1},"end":{"line":16,"column":7}},"loc":{"start":{"line":16,"column":28},"end":{"line":20,"column":2}}}},"branchMap":{},"s":{"0":1,"1":3,"2":3,"3":3,"4":1,"5":1,"6":1,"7":1},"f":{"0":3,"1":1,"2":1},"b":{}}
}
