TN:
SF:src\ModernGraphicsLib.ts
FN:1,(anonymous_0)
FN:3,(anonymous_1)
FN:9,(anonymous_2)
FN:11,(anonymous_3)
FN:19,(anonymous_4)
FN:26,(anonymous_5)
FNF:6
FNH:6
FNDA:1,(anonymous_0)
FNDA:5,(anonymous_1)
FNDA:3,(anonymous_2)
FNDA:3,(anonymous_3)
FNDA:1,(anonymous_4)
FNDA:1,(anonymous_5)
DA:1,1
DA:2,1
DA:3,5
DA:6,1
DA:7,3
DA:9,3
DA:12,3
DA:13,0
DA:15,3
DA:16,3
DA:20,1
DA:21,0
DA:23,1
DA:27,1
DA:28,0
DA:30,1
DA:31,1
DA:36,1
LF:18
LH:15
BRDA:12,0,0,0
BRDA:20,1,0,0
BRDA:27,2,0,0
BRDA:1,3,0,1
BRDA:1,3,1,1
BRF:5
BRH:2
end_of_record
TN:
SF:src\ModernGraphicsToOldGraphicsAdapter.ts
FN:7,(anonymous_1)
FN:12,(anonymous_2)
FN:16,(anonymous_3)
FNF:3
FNH:3
FNDA:3,(anonymous_1)
FNDA:1,(anonymous_2)
FNDA:1,(anonymous_3)
DA:2,1
DA:5,3
DA:8,3
DA:9,3
DA:13,1
DA:17,1
DA:18,1
DA:23,1
LF:8
LH:8
BRF:0
BRH:0
end_of_record
